mode: atomic
github.com/gschiano/charm-registry/internal/auth/auth.go:42.102,47.55 2 2
github.com/gschiano/charm-registry/internal/auth/auth.go:47.55,49.17 2 1
github.com/gschiano/charm-registry/internal/auth/auth.go:49.17,51.4 1 1
github.com/gschiano/charm-registry/internal/auth/auth.go:52.3,53.78 2 0
github.com/gschiano/charm-registry/internal/auth/auth.go:55.2,55.18 1 1
github.com/gschiano/charm-registry/internal/auth/auth.go:65.89,67.18 2 13
github.com/gschiano/charm-registry/internal/auth/auth.go:67.18,69.3 1 1
github.com/gschiano/charm-registry/internal/auth/auth.go:71.2,72.9 2 12
github.com/gschiano/charm-registry/internal/auth/auth.go:73.44,74.21 1 7
github.com/gschiano/charm-registry/internal/auth/auth.go:75.46,76.23 1 2
github.com/gschiano/charm-registry/internal/auth/auth.go:77.10,78.92 1 3
github.com/gschiano/charm-registry/internal/auth/auth.go:80.2,81.18 2 9
github.com/gschiano/charm-registry/internal/auth/auth.go:81.18,83.3 1 0
github.com/gschiano/charm-registry/internal/auth/auth.go:85.2,85.52 1 9
github.com/gschiano/charm-registry/internal/auth/auth.go:85.52,87.3 1 2
github.com/gschiano/charm-registry/internal/auth/auth.go:89.2,91.16 3 7
github.com/gschiano/charm-registry/internal/auth/auth.go:91.16,92.84 1 4
github.com/gschiano/charm-registry/internal/auth/auth.go:92.84,94.4 1 2
github.com/gschiano/charm-registry/internal/auth/auth.go:95.3,100.22 1 2
github.com/gschiano/charm-registry/internal/auth/auth.go:103.2,103.23 1 3
github.com/gschiano/charm-registry/internal/auth/auth.go:103.23,105.3 1 3
github.com/gschiano/charm-registry/internal/auth/auth.go:106.2,107.16 2 0
github.com/gschiano/charm-registry/internal/auth/auth.go:107.16,109.3 1 0
github.com/gschiano/charm-registry/internal/auth/auth.go:110.2,111.51 2 0
github.com/gschiano/charm-registry/internal/auth/auth.go:111.51,113.3 1 0
github.com/gschiano/charm-registry/internal/auth/auth.go:115.2,128.13 1 0
github.com/gschiano/charm-registry/internal/auth/auth.go:134.110,137.16 3 3
github.com/gschiano/charm-registry/internal/auth/auth.go:137.16,139.3 1 1
github.com/gschiano/charm-registry/internal/auth/auth.go:140.2,140.83 1 2
github.com/gschiano/charm-registry/internal/auth/auth.go:140.83,142.3 1 1
github.com/gschiano/charm-registry/internal/auth/auth.go:143.2,148.21 1 1
github.com/gschiano/charm-registry/internal/auth/auth.go:152.35,155.2 2 24
github.com/gschiano/charm-registry/internal/auth/auth.go:161.53,163.42 2 9
github.com/gschiano/charm-registry/internal/auth/auth.go:163.42,165.3 1 0
github.com/gschiano/charm-registry/internal/auth/auth.go:166.2,167.33 2 9
github.com/gschiano/charm-registry/internal/auth/auth.go:170.71,171.37 1 10
github.com/gschiano/charm-registry/internal/auth/auth.go:171.37,173.3 1 6
github.com/gschiano/charm-registry/internal/auth/auth.go:174.2,174.37 1 4
github.com/gschiano/charm-registry/internal/auth/auth.go:174.37,176.3 1 1
github.com/gschiano/charm-registry/internal/auth/auth.go:177.2,178.20 2 3
github.com/gschiano/charm-registry/internal/auth/auth.go:178.20,180.3 1 1
github.com/gschiano/charm-registry/internal/auth/auth.go:181.2,186.9 1 2
github.com/gschiano/charm-registry/internal/auth/auth.go:189.33,190.18 1 4
github.com/gschiano/charm-registry/internal/auth/auth.go:190.18,192.3 1 1
github.com/gschiano/charm-registry/internal/auth/auth.go:193.2,193.35 1 3
github.com/gschiano/charm-registry/internal/auth/auth.go:193.35,195.3 1 1
github.com/gschiano/charm-registry/internal/auth/auth.go:196.2,196.11 1 2
github.com/gschiano/charm-registry/internal/auth/auth.go:199.45,200.31 1 4
github.com/gschiano/charm-registry/internal/auth/auth.go:200.31,201.18 1 5
github.com/gschiano/charm-registry/internal/auth/auth.go:201.18,203.4 1 2
github.com/gschiano/charm-registry/internal/auth/auth.go:205.2,205.11 1 2
github.com/gschiano/charm-registry/internal/auth/macaroon.go:21.50,43.2 7 5
github.com/gschiano/charm-registry/internal/auth/macaroon.go:50.63,53.16 2 3
github.com/gschiano/charm-registry/internal/auth/macaroon.go:53.16,56.17 2 2
github.com/gschiano/charm-registry/internal/auth/macaroon.go:56.17,58.4 1 1
github.com/gschiano/charm-registry/internal/auth/macaroon.go:60.2,61.60 2 2
github.com/gschiano/charm-registry/internal/auth/macaroon.go:61.60,63.3 1 0
github.com/gschiano/charm-registry/internal/auth/macaroon.go:64.2,64.25 1 2
github.com/gschiano/charm-registry/internal/auth/macaroon.go:64.25,66.3 1 0
github.com/gschiano/charm-registry/internal/auth/macaroon.go:67.2,68.29 2 2
github.com/gschiano/charm-registry/internal/auth/macaroon.go:68.29,70.3 1 0
github.com/gschiano/charm-registry/internal/auth/macaroon.go:71.2,71.24 1 2
github.com/gschiano/charm-registry/internal/api/http.go:32.99,82.2 42 85
github.com/gschiano/charm-registry/internal/api/http.go:84.64,86.16 2 187
github.com/gschiano/charm-registry/internal/api/http.go:86.16,90.3 1 29
github.com/gschiano/charm-registry/internal/api/http.go:91.2,91.58 1 158
github.com/gschiano/charm-registry/internal/api/http.go:94.63,95.71 1 85
github.com/gschiano/charm-registry/internal/api/http.go:95.71,102.3 5 193
github.com/gschiano/charm-registry/internal/api/http.go:105.84,110.47 5 84
github.com/gschiano/charm-registry/internal/api/http.go:110.47,112.35 2 14
github.com/gschiano/charm-registry/internal/api/http.go:112.35,118.4 1 1
github.com/gschiano/charm-registry/internal/api/http.go:119.3,119.13 1 13
github.com/gschiano/charm-registry/internal/api/http.go:121.2,121.55 1 70
github.com/gschiano/charm-registry/internal/api/http.go:121.55,123.3 1 1
github.com/gschiano/charm-registry/internal/api/http.go:124.2,124.12 1 69
github.com/gschiano/charm-registry/internal/api/http.go:127.64,131.2 3 185
github.com/gschiano/charm-registry/internal/api/http.go:133.51,134.16 1 79
github.com/gschiano/charm-registry/internal/api/http.go:134.16,136.3 1 0
github.com/gschiano/charm-registry/internal/api/http.go:137.2,138.33 2 79
github.com/gschiano/charm-registry/internal/api/http.go:138.33,146.3 2 79
github.com/gschiano/charm-registry/internal/api/http.go:147.2,147.38 1 0
github.com/gschiano/charm-registry/internal/api/http.go:147.38,152.3 2 0
github.com/gschiano/charm-registry/internal/api/http.go:153.2,156.4 2 0
github.com/gschiano/charm-registry/internal/api/http.go:159.59,161.2 1 52
github.com/gschiano/charm-registry/internal/api/http.go:163.43,165.33 2 14
github.com/gschiano/charm-registry/internal/api/http.go:165.33,167.3 1 1
github.com/gschiano/charm-registry/internal/api/http.go:168.2,168.76 1 13
github.com/gschiano/charm-registry/internal/api/http.go:171.55,174.41 3 5
github.com/gschiano/charm-registry/internal/api/http.go:174.41,174.83 1 0
github.com/gschiano/charm-registry/internal/api/http.go:175.2,194.3 1 5
github.com/gschiano/charm-registry/internal/api/http.go:197.71,200.21 3 7
github.com/gschiano/charm-registry/internal/api/http.go:200.21,202.3 1 2
github.com/gschiano/charm-registry/internal/api/http.go:203.2,204.16 2 5
github.com/gschiano/charm-registry/internal/api/http.go:204.16,206.3 1 1
github.com/gschiano/charm-registry/internal/api/http.go:207.2,207.32 1 4
github.com/gschiano/charm-registry/internal/api/http.go:210.82,213.13 3 6
github.com/gschiano/charm-registry/internal/api/http.go:213.13,215.3 1 1
github.com/gschiano/charm-registry/internal/api/http.go:216.2,219.24 4 5
github.com/gschiano/charm-registry/internal/api/http.go:219.24,221.3 1 1
github.com/gschiano/charm-registry/internal/api/http.go:222.2,223.16 2 4
github.com/gschiano/charm-registry/internal/api/http.go:223.16,225.3 1 1
github.com/gschiano/charm-registry/internal/api/http.go:226.2,226.64 1 3
github.com/gschiano/charm-registry/internal/api/http_libraries.go:17.75,21.2 2 2
github.com/gschiano/charm-registry/internal/api/http_packages.go:11.77,13.16 2 33
github.com/gschiano/charm-registry/internal/api/http_packages.go:13.16,16.3 2 1
github.com/gschiano/charm-registry/internal/api/http_packages.go:17.2,22.49 2 32
github.com/gschiano/charm-registry/internal/api/http_packages.go:22.49,25.3 2 2
github.com/gschiano/charm-registry/internal/api/http_packages.go:26.2,27.24 2 30
github.com/gschiano/charm-registry/internal/api/http_packages.go:27.24,29.3 1 2
github.com/gschiano/charm-registry/internal/api/http_packages.go:30.2,31.16 2 30
github.com/gschiano/charm-registry/internal/api/http_packages.go:31.16,34.3 2 0
github.com/gschiano/charm-registry/internal/api/http_packages.go:35.2,35.59 1 30
github.com/gschiano/charm-registry/internal/api/http_packages.go:38.74,40.16 2 3
github.com/gschiano/charm-registry/internal/api/http_packages.go:40.16,43.3 2 1
github.com/gschiano/charm-registry/internal/api/http_packages.go:44.2,49.16 2 2
github.com/gschiano/charm-registry/internal/api/http_packages.go:49.16,52.3 2 0
github.com/gschiano/charm-registry/internal/api/http_packages.go:53.2,54.31 2 2
github.com/gschiano/charm-registry/internal/api/http_packages.go:54.31,56.3 1 3
github.com/gschiano/charm-registry/internal/api/http_packages.go:57.2,57.65 1 2
github.com/gschiano/charm-registry/internal/api/http_packages.go:60.72,62.16 2 4
github.com/gschiano/charm-registry/internal/api/http_packages.go:62.16,65.3 2 1
github.com/gschiano/charm-registry/internal/api/http_packages.go:66.2,67.16 2 3
github.com/gschiano/charm-registry/internal/api/http_packages.go:67.16,70.3 2 2
github.com/gschiano/charm-registry/internal/api/http_packages.go:71.2,71.79 1 1
github.com/gschiano/charm-registry/internal/api/http_packages.go:74.74,76.16 2 4
github.com/gschiano/charm-registry/internal/api/http_packages.go:76.16,79.3 2 1
github.com/gschiano/charm-registry/internal/api/http_packages.go:80.2,81.51 2 3
github.com/gschiano/charm-registry/internal/api/http_packages.go:81.51,84.3 2 1
github.com/gschiano/charm-registry/internal/api/http_packages.go:85.2,86.16 2 2
github.com/gschiano/charm-registry/internal/api/http_packages.go:86.16,89.3 2 1
github.com/gschiano/charm-registry/internal/api/http_packages.go:90.2,90.79 1 1
github.com/gschiano/charm-registry/internal/api/http_packages.go:93.75,95.16 2 4
github.com/gschiano/charm-registry/internal/api/http_packages.go:95.16,98.3 2 1
github.com/gschiano/charm-registry/internal/api/http_packages.go:99.2,100.16 2 3
github.com/gschiano/charm-registry/internal/api/http_packages.go:100.16,103.3 2 2
github.com/gschiano/charm-registry/internal/api/http_packages.go:104.2,104.70 1 1
github.com/gschiano/charm-registry/internal/api/http_releases.go:12.74,14.16 2 4
github.com/gschiano/charm-registry/internal/api/http_releases.go:14.16,17.3 2 1
github.com/gschiano/charm-registry/internal/api/http_releases.go:18.2,19.16 2 3
github.com/gschiano/charm-registry/internal/api/http_releases.go:19.16,22.3 2 1
github.com/gschiano/charm-registry/internal/api/http_releases.go:23.2,23.38 1 2
github.com/gschiano/charm-registry/internal/api/http_releases.go:26.69,28.16 2 6
github.com/gschiano/charm-registry/internal/api/http_releases.go:28.16,31.3 2 1
github.com/gschiano/charm-registry/internal/api/http_releases.go:32.2,37.49 2 5
github.com/gschiano/charm-registry/internal/api/http_releases.go:37.49,40.3 2 1
github.com/gschiano/charm-registry/internal/api/http_releases.go:41.2,42.27 2 4
github.com/gschiano/charm-registry/internal/api/http_releases.go:42.27,49.3 1 4
github.com/gschiano/charm-registry/internal/api/http_releases.go:50.2,51.16 2 4
github.com/gschiano/charm-registry/internal/api/http_releases.go:51.16,54.3 2 2
github.com/gschiano/charm-registry/internal/api/http_releases.go:55.2,55.67 1 2
github.com/gschiano/charm-registry/internal/api/http_releases.go:58.74,60.16 2 4
github.com/gschiano/charm-registry/internal/api/http_releases.go:60.16,63.3 2 1
github.com/gschiano/charm-registry/internal/api/http_releases.go:64.2,65.49 2 3
github.com/gschiano/charm-registry/internal/api/http_releases.go:65.49,68.3 2 1
github.com/gschiano/charm-registry/internal/api/http_releases.go:69.2,70.16 2 2
github.com/gschiano/charm-registry/internal/api/http_releases.go:70.16,73.3 2 1
github.com/gschiano/charm-registry/internal/api/http_releases.go:74.2,74.76 1 1
github.com/gschiano/charm-registry/internal/api/http_releases.go:77.66,79.16 2 3
github.com/gschiano/charm-registry/internal/api/http_releases.go:79.16,82.3 2 1
github.com/gschiano/charm-registry/internal/api/http_releases.go:83.2,84.16 2 2
github.com/gschiano/charm-registry/internal/api/http_releases.go:84.16,87.3 2 0
github.com/gschiano/charm-registry/internal/api/http_releases.go:88.2,88.38 1 2
github.com/gschiano/charm-registry/internal/api/http_releases.go:91.66,93.16 2 5
github.com/gschiano/charm-registry/internal/api/http_releases.go:93.16,96.3 2 1
github.com/gschiano/charm-registry/internal/api/http_releases.go:97.2,98.16 2 4
github.com/gschiano/charm-registry/internal/api/http_releases.go:98.16,101.3 2 2
github.com/gschiano/charm-registry/internal/api/http_releases.go:102.2,102.38 1 2
github.com/gschiano/charm-registry/internal/api/http_releases.go:105.69,107.16 2 6
github.com/gschiano/charm-registry/internal/api/http_releases.go:107.16,110.3 2 1
github.com/gschiano/charm-registry/internal/api/http_releases.go:111.2,112.49 2 5
github.com/gschiano/charm-registry/internal/api/http_releases.go:112.49,115.3 2 1
github.com/gschiano/charm-registry/internal/api/http_releases.go:116.2,117.16 2 4
github.com/gschiano/charm-registry/internal/api/http_releases.go:117.16,120.3 2 0
github.com/gschiano/charm-registry/internal/api/http_releases.go:121.2,121.38 1 4
github.com/gschiano/charm-registry/internal/api/http_resources.go:12.75,14.16 2 3
github.com/gschiano/charm-registry/internal/api/http_resources.go:14.16,17.3 2 1
github.com/gschiano/charm-registry/internal/api/http_resources.go:18.2,19.16 2 2
github.com/gschiano/charm-registry/internal/api/http_resources.go:19.16,22.3 2 1
github.com/gschiano/charm-registry/internal/api/http_resources.go:23.2,23.69 1 1
github.com/gschiano/charm-registry/internal/api/http_resources.go:26.83,28.16 2 3
github.com/gschiano/charm-registry/internal/api/http_resources.go:28.16,31.3 2 1
github.com/gschiano/charm-registry/internal/api/http_resources.go:32.2,38.16 2 2
github.com/gschiano/charm-registry/internal/api/http_resources.go:38.16,41.3 2 1
github.com/gschiano/charm-registry/internal/api/http_resources.go:42.2,43.37 2 1
github.com/gschiano/charm-registry/internal/api/http_resources.go:43.37,53.3 1 1
github.com/gschiano/charm-registry/internal/api/http_resources.go:54.2,54.64 1 1
github.com/gschiano/charm-registry/internal/api/http_resources.go:57.74,59.16 2 6
github.com/gschiano/charm-registry/internal/api/http_resources.go:59.16,62.3 2 1
github.com/gschiano/charm-registry/internal/api/http_resources.go:63.2,64.49 2 5
github.com/gschiano/charm-registry/internal/api/http_resources.go:64.49,67.3 2 1
github.com/gschiano/charm-registry/internal/api/http_resources.go:68.2,75.16 2 4
github.com/gschiano/charm-registry/internal/api/http_resources.go:75.16,78.3 2 1
github.com/gschiano/charm-registry/internal/api/http_resources.go:79.2,79.70 1 3
github.com/gschiano/charm-registry/internal/api/http_resources.go:82.85,84.16 2 4
github.com/gschiano/charm-registry/internal/api/http_resources.go:84.16,87.3 2 1
github.com/gschiano/charm-registry/internal/api/http_resources.go:88.2,89.49 2 3
github.com/gschiano/charm-registry/internal/api/http_resources.go:89.49,92.3 2 1
github.com/gschiano/charm-registry/internal/api/http_resources.go:93.2,100.16 2 2
github.com/gschiano/charm-registry/internal/api/http_resources.go:100.16,103.3 2 1
github.com/gschiano/charm-registry/internal/api/http_resources.go:104.2,104.88 1 1
github.com/gschiano/charm-registry/internal/api/http_resources.go:107.82,109.16 2 3
github.com/gschiano/charm-registry/internal/api/http_resources.go:109.16,112.3 2 1
github.com/gschiano/charm-registry/internal/api/http_resources.go:113.2,119.16 2 2
github.com/gschiano/charm-registry/internal/api/http_resources.go:119.16,122.3 2 1
github.com/gschiano/charm-registry/internal/api/http_resources.go:123.2,123.38 1 1
github.com/gschiano/charm-registry/internal/api/http_resources.go:126.74,128.16 2 4
github.com/gschiano/charm-registry/internal/api/http_resources.go:128.16,131.3 2 1
github.com/gschiano/charm-registry/internal/api/http_resources.go:132.2,135.49 2 3
github.com/gschiano/charm-registry/internal/api/http_resources.go:135.49,138.3 2 1
github.com/gschiano/charm-registry/internal/api/http_resources.go:139.2,146.16 2 2
github.com/gschiano/charm-registry/internal/api/http_resources.go:146.16,149.3 2 0
github.com/gschiano/charm-registry/internal/api/http_resources.go:150.2,153.35 3 2
github.com/gschiano/charm-registry/internal/api/http_resources.go:156.78,158.16 2 7
github.com/gschiano/charm-registry/internal/api/http_resources.go:158.16,161.3 2 1
github.com/gschiano/charm-registry/internal/api/http_resources.go:162.2,163.21 2 6
github.com/gschiano/charm-registry/internal/api/http_resources.go:163.21,166.3 2 3
github.com/gschiano/charm-registry/internal/api/http_resources.go:167.2,168.16 2 3
github.com/gschiano/charm-registry/internal/api/http_resources.go:168.16,171.3 2 1
github.com/gschiano/charm-registry/internal/api/http_resources.go:172.2,175.25 3 2
github.com/gschiano/charm-registry/internal/api/http_revisions.go:13.75,15.16 2 5
github.com/gschiano/charm-registry/internal/api/http_revisions.go:15.16,18.3 2 1
github.com/gschiano/charm-registry/internal/api/http_revisions.go:19.2,20.53 2 4
github.com/gschiano/charm-registry/internal/api/http_revisions.go:20.53,22.22 2 2
github.com/gschiano/charm-registry/internal/api/http_revisions.go:22.22,25.4 2 1
github.com/gschiano/charm-registry/internal/api/http_revisions.go:26.3,26.20 1 1
github.com/gschiano/charm-registry/internal/api/http_revisions.go:28.2,29.16 2 3
github.com/gschiano/charm-registry/internal/api/http_revisions.go:29.16,32.3 2 1
github.com/gschiano/charm-registry/internal/api/http_revisions.go:33.2,34.37 2 2
github.com/gschiano/charm-registry/internal/api/http_revisions.go:34.37,46.3 1 2
github.com/gschiano/charm-registry/internal/api/http_revisions.go:47.2,47.64 1 2
github.com/gschiano/charm-registry/internal/api/http_revisions.go:50.74,52.16 2 13
github.com/gschiano/charm-registry/internal/api/http_revisions.go:52.16,55.3 2 1
github.com/gschiano/charm-registry/internal/api/http_revisions.go:56.2,57.49 2 12
github.com/gschiano/charm-registry/internal/api/http_revisions.go:57.49,60.3 2 1
github.com/gschiano/charm-registry/internal/api/http_revisions.go:61.2,62.16 2 11
github.com/gschiano/charm-registry/internal/api/http_revisions.go:62.16,65.3 2 1
github.com/gschiano/charm-registry/internal/api/http_revisions.go:66.2,66.70 1 10
github.com/gschiano/charm-registry/internal/api/http_revisions.go:69.74,71.16 2 3
github.com/gschiano/charm-registry/internal/api/http_revisions.go:71.16,74.3 2 1
github.com/gschiano/charm-registry/internal/api/http_revisions.go:75.2,76.16 2 2
github.com/gschiano/charm-registry/internal/api/http_revisions.go:76.16,79.3 2 1
github.com/gschiano/charm-registry/internal/api/http_revisions.go:80.2,80.38 1 1
github.com/gschiano/charm-registry/internal/api/http_revisions.go:83.77,85.16 2 17
github.com/gschiano/charm-registry/internal/api/http_revisions.go:85.16,88.3 2 0
github.com/gschiano/charm-registry/internal/api/http_revisions.go:89.2,89.56 1 17
github.com/gschiano/charm-registry/internal/api/http_revisions.go:89.56,92.3 2 1
github.com/gschiano/charm-registry/internal/api/http_revisions.go:93.2,95.67 2 16
github.com/gschiano/charm-registry/internal/api/http_revisions.go:95.67,98.3 2 1
github.com/gschiano/charm-registry/internal/api/http_revisions.go:99.2,100.16 2 15
github.com/gschiano/charm-registry/internal/api/http_revisions.go:100.16,103.3 2 1
github.com/gschiano/charm-registry/internal/api/http_revisions.go:104.2,106.16 3 14
github.com/gschiano/charm-registry/internal/api/http_revisions.go:106.16,109.3 2 0
github.com/gschiano/charm-registry/internal/api/http_revisions.go:110.2,111.16 2 14
github.com/gschiano/charm-registry/internal/api/http_revisions.go:111.16,114.3 2 0
github.com/gschiano/charm-registry/internal/api/http_revisions.go:115.2,115.89 1 14
github.com/gschiano/charm-registry/internal/api/http_revisions.go:118.75,120.16 2 8
github.com/gschiano/charm-registry/internal/api/http_revisions.go:120.16,123.3 2 1
github.com/gschiano/charm-registry/internal/api/http_revisions.go:124.2,125.21 2 7
github.com/gschiano/charm-registry/internal/api/http_revisions.go:125.21,128.3 2 3
github.com/gschiano/charm-registry/internal/api/http_revisions.go:129.2,130.16 2 4
github.com/gschiano/charm-registry/internal/api/http_revisions.go:130.16,133.3 2 2
github.com/gschiano/charm-registry/internal/api/http_revisions.go:134.2,137.25 3 2
github.com/gschiano/charm-registry/internal/api/http_tokens.go:14.66,16.2 1 2
github.com/gschiano/charm-registry/internal/api/http_tokens.go:18.69,21.2 2 1
github.com/gschiano/charm-registry/internal/api/http_tokens.go:23.66,34.2 2 1
github.com/gschiano/charm-registry/internal/api/http_tokens.go:36.71,38.16 2 4
github.com/gschiano/charm-registry/internal/api/http_tokens.go:38.16,41.3 2 0
github.com/gschiano/charm-registry/internal/api/http_tokens.go:42.2,42.29 1 4
github.com/gschiano/charm-registry/internal/api/http_tokens.go:42.29,45.3 2 1
github.com/gschiano/charm-registry/internal/api/http_tokens.go:46.2,47.16 2 3
github.com/gschiano/charm-registry/internal/api/http_tokens.go:47.16,50.3 2 0
github.com/gschiano/charm-registry/internal/api/http_tokens.go:51.2,60.31 3 3
github.com/gschiano/charm-registry/internal/api/http_tokens.go:60.31,69.3 1 2
github.com/gschiano/charm-registry/internal/api/http_tokens.go:70.2,70.63 1 3
github.com/gschiano/charm-registry/internal/api/http_tokens.go:73.72,75.16 2 8
github.com/gschiano/charm-registry/internal/api/http_tokens.go:75.16,78.3 2 1
github.com/gschiano/charm-registry/internal/api/http_tokens.go:84.2,84.60 1 7
github.com/gschiano/charm-registry/internal/api/http_tokens.go:84.60,91.17 2 2
github.com/gschiano/charm-registry/internal/api/http_tokens.go:91.17,94.4 2 0
github.com/gschiano/charm-registry/internal/api/http_tokens.go:96.2,97.49 2 7
github.com/gschiano/charm-registry/internal/api/http_tokens.go:97.49,100.3 2 2
github.com/gschiano/charm-registry/internal/api/http_tokens.go:101.2,102.16 2 5
github.com/gschiano/charm-registry/internal/api/http_tokens.go:102.16,105.3 2 1
github.com/gschiano/charm-registry/internal/api/http_tokens.go:110.2,110.103 1 4
github.com/gschiano/charm-registry/internal/api/http_tokens.go:113.75,115.16 2 8
github.com/gschiano/charm-registry/internal/api/http_tokens.go:115.16,118.3 2 2
github.com/gschiano/charm-registry/internal/api/http_tokens.go:119.2,120.16 2 6
github.com/gschiano/charm-registry/internal/api/http_tokens.go:120.16,123.3 2 2
github.com/gschiano/charm-registry/internal/api/http_tokens.go:124.2,125.16 2 4
github.com/gschiano/charm-registry/internal/api/http_tokens.go:125.16,128.3 2 0
github.com/gschiano/charm-registry/internal/api/http_tokens.go:129.2,129.62 1 4
github.com/gschiano/charm-registry/internal/api/http_tokens.go:132.103,133.28 1 6
github.com/gschiano/charm-registry/internal/api/http_tokens.go:133.28,135.3 1 3
github.com/gschiano/charm-registry/internal/api/http_tokens.go:136.2,137.27 2 3
github.com/gschiano/charm-registry/internal/api/http_tokens.go:137.27,139.3 1 2
github.com/gschiano/charm-registry/internal/api/http_tokens.go:140.2,141.16 2 1
github.com/gschiano/charm-registry/internal/api/http_tokens.go:141.16,143.3 1 0
github.com/gschiano/charm-registry/internal/api/http_tokens.go:144.2,145.16 2 1
github.com/gschiano/charm-registry/internal/api/http_tokens.go:145.16,147.3 1 0
github.com/gschiano/charm-registry/internal/api/http_tokens.go:148.2,148.63 1 1
github.com/gschiano/charm-registry/internal/api/http_tokens.go:151.79,153.16 2 4
github.com/gschiano/charm-registry/internal/api/http_tokens.go:153.16,156.3 2 1
github.com/gschiano/charm-registry/internal/api/http_tokens.go:157.2,160.76 2 3
github.com/gschiano/charm-registry/internal/api/http_tokens.go:160.76,163.3 2 1
github.com/gschiano/charm-registry/internal/api/http_tokens.go:164.2,165.16 2 2
github.com/gschiano/charm-registry/internal/api/http_tokens.go:165.16,168.3 2 0
github.com/gschiano/charm-registry/internal/api/http_tokens.go:169.2,169.62 1 2
github.com/gschiano/charm-registry/internal/api/http_tokens.go:172.73,174.16 2 4
github.com/gschiano/charm-registry/internal/api/http_tokens.go:174.16,177.3 2 1
github.com/gschiano/charm-registry/internal/api/http_tokens.go:178.2,181.49 2 3
github.com/gschiano/charm-registry/internal/api/http_tokens.go:181.49,184.3 2 1
github.com/gschiano/charm-registry/internal/api/http_tokens.go:185.2,185.85 1 2
github.com/gschiano/charm-registry/internal/api/http_tokens.go:185.85,188.3 2 1
github.com/gschiano/charm-registry/internal/api/http_tokens.go:189.2,190.16 2 1
github.com/gschiano/charm-registry/internal/api/http_tokens.go:190.16,193.3 2 0
github.com/gschiano/charm-registry/internal/api/http_tokens.go:194.2,194.66 1 1
github.com/gschiano/charm-registry/internal/api/http_tokens.go:197.73,199.16 2 4
github.com/gschiano/charm-registry/internal/api/http_tokens.go:199.16,202.3 2 1
github.com/gschiano/charm-registry/internal/api/http_tokens.go:203.2,204.16 2 3
github.com/gschiano/charm-registry/internal/api/http_tokens.go:204.16,207.3 2 1
github.com/gschiano/charm-registry/internal/api/http_tokens.go:208.2,208.38 1 2
github.com/gschiano/charm-registry/internal/api/http_tokens.go:211.68,213.16 2 3
github.com/gschiano/charm-registry/internal/api/http_tokens.go:213.16,216.3 2 1
github.com/gschiano/charm-registry/internal/api/http_tokens.go:217.2,218.16 2 2
github.com/gschiano/charm-registry/internal/api/http_tokens.go:218.16,221.3 2 1
github.com/gschiano/charm-registry/internal/api/http_tokens.go:222.2,222.38 1 1
github.com/gschiano/charm-registry/internal/blob/store.go:31.36,33.2 1 5
github.com/gschiano/charm-registry/internal/blob/store.go:36.90,41.2 4 6
github.com/gschiano/charm-registry/internal/blob/store.go:44.74,48.9 4 7
github.com/gschiano/charm-registry/internal/blob/store.go:48.9,50.3 1 1
github.com/gschiano/charm-registry/internal/blob/store.go:51.2,51.45 1 6
github.com/gschiano/charm-registry/internal/blob/store.go:73.84,80.2 1 9
github.com/gschiano/charm-registry/internal/blob/store.go:87.75,91.60 2 0
github.com/gschiano/charm-registry/internal/blob/store.go:91.60,97.3 1 0
github.com/gschiano/charm-registry/internal/blob/store.go:98.2,98.26 1 0
github.com/gschiano/charm-registry/internal/blob/store.go:98.26,100.3 1 0
github.com/gschiano/charm-registry/internal/blob/store.go:101.2,102.16 2 0
github.com/gschiano/charm-registry/internal/blob/store.go:102.16,104.3 1 0
github.com/gschiano/charm-registry/internal/blob/store.go:105.2,105.60 1 0
github.com/gschiano/charm-registry/internal/blob/store.go:105.60,107.3 1 0
github.com/gschiano/charm-registry/internal/blob/store.go:109.2,110.48 2 0
github.com/gschiano/charm-registry/internal/blob/store.go:110.48,112.3 1 0
github.com/gschiano/charm-registry/internal/blob/store.go:113.2,113.19 1 0
github.com/gschiano/charm-registry/internal/blob/store.go:116.59,118.16 2 5
github.com/gschiano/charm-registry/internal/blob/store.go:118.16,120.3 1 1
github.com/gschiano/charm-registry/internal/blob/store.go:121.2,121.31 1 4
github.com/gschiano/charm-registry/internal/blob/store.go:121.31,123.3 1 0
github.com/gschiano/charm-registry/internal/blob/store.go:124.2,125.57 2 4
github.com/gschiano/charm-registry/internal/blob/store.go:125.57,129.3 1 1
github.com/gschiano/charm-registry/internal/blob/store.go:130.2,131.31 2 4
github.com/gschiano/charm-registry/internal/blob/store.go:131.31,133.3 1 0
github.com/gschiano/charm-registry/internal/blob/store.go:134.2,134.12 1 4
github.com/gschiano/charm-registry/internal/blob/store.go:137.43,138.16 1 8
github.com/gschiano/charm-registry/internal/blob/store.go:138.16,140.3 1 3
github.com/gschiano/charm-registry/internal/blob/store.go:141.2,142.69 2 5
github.com/gschiano/charm-registry/internal/blob/store.go:142.69,144.3 1 0
github.com/gschiano/charm-registry/internal/blob/store.go:145.2,145.106 1 5
github.com/gschiano/charm-registry/internal/blob/store.go:149.98,157.2 2 2
github.com/gschiano/charm-registry/internal/blob/store.go:160.72,165.16 2 2
github.com/gschiano/charm-registry/internal/blob/store.go:165.16,167.3 1 1
github.com/gschiano/charm-registry/internal/blob/store.go:168.2,169.30 2 1
github.com/gschiano/charm-registry/internal/charm/archive.go:22.62,24.16 2 9
github.com/gschiano/charm-registry/internal/charm/archive.go:24.16,26.3 1 1
github.com/gschiano/charm-registry/internal/charm/archive.go:28.2,29.35 2 8
github.com/gschiano/charm-registry/internal/charm/archive.go:29.35,32.17 3 12
github.com/gschiano/charm-registry/internal/charm/archive.go:32.17,34.4 1 0
github.com/gschiano/charm-registry/internal/charm/archive.go:35.3,35.10 1 12
github.com/gschiano/charm-registry/internal/charm/archive.go:36.49,37.42 1 7
github.com/gschiano/charm-registry/internal/charm/archive.go:38.49,39.42 1 0
github.com/gschiano/charm-registry/internal/charm/archive.go:40.47,41.40 1 2
github.com/gschiano/charm-registry/internal/charm/archive.go:42.48,43.41 1 1
github.com/gschiano/charm-registry/internal/charm/archive.go:44.47,45.40 1 1
github.com/gschiano/charm-registry/internal/charm/archive.go:46.45,47.38 1 1
github.com/gschiano/charm-registry/internal/charm/archive.go:51.2,51.32 1 8
github.com/gschiano/charm-registry/internal/charm/archive.go:51.32,53.3 1 1
github.com/gschiano/charm-registry/internal/charm/archive.go:54.2,54.88 1 7
github.com/gschiano/charm-registry/internal/charm/archive.go:54.88,56.3 1 1
github.com/gschiano/charm-registry/internal/charm/archive.go:60.2,60.32 1 6
github.com/gschiano/charm-registry/internal/charm/archive.go:60.32,64.74 2 0
github.com/gschiano/charm-registry/internal/charm/archive.go:64.74,66.4 1 0
github.com/gschiano/charm-registry/internal/charm/archive.go:68.2,69.21 2 6
github.com/gschiano/charm-registry/internal/charm/archive.go:74.63,75.31 1 6
github.com/gschiano/charm-registry/internal/charm/archive.go:75.31,77.3 1 5
github.com/gschiano/charm-registry/internal/charm/archive.go:78.2,78.32 1 6
github.com/gschiano/charm-registry/internal/charm/archive.go:78.32,80.3 1 3
github.com/gschiano/charm-registry/internal/charm/archive.go:81.2,81.48 1 3
github.com/gschiano/charm-registry/internal/charm/archive.go:81.48,82.31 1 3
github.com/gschiano/charm-registry/internal/charm/archive.go:82.31,83.12 1 1
github.com/gschiano/charm-registry/internal/charm/archive.go:85.3,85.67 1 2
github.com/gschiano/charm-registry/internal/charm/archive.go:85.67,89.4 1 1
github.com/gschiano/charm-registry/internal/charm/archive.go:94.40,95.29 1 9
github.com/gschiano/charm-registry/internal/charm/archive.go:96.14,97.18 1 2
github.com/gschiano/charm-registry/internal/charm/archive.go:97.18,99.4 1 1
github.com/gschiano/charm-registry/internal/charm/archive.go:100.3,100.25 1 1
github.com/gschiano/charm-registry/internal/charm/archive.go:101.13,103.30 2 4
github.com/gschiano/charm-registry/internal/charm/archive.go:103.30,104.49 1 7
github.com/gschiano/charm-registry/internal/charm/archive.go:104.49,106.5 1 5
github.com/gschiano/charm-registry/internal/charm/archive.go:108.3,108.13 1 4
github.com/gschiano/charm-registry/internal/charm/archive.go:109.16,110.41 1 1
github.com/gschiano/charm-registry/internal/charm/archive.go:111.10,112.13 1 2
github.com/gschiano/charm-registry/internal/charm/archive.go:116.50,118.16 2 12
github.com/gschiano/charm-registry/internal/charm/archive.go:118.16,120.3 1 0
github.com/gschiano/charm-registry/internal/charm/archive.go:121.2,122.27 2 12
github.com/gschiano/charm-registry/internal/config/config.go:57.29,106.27 2 9
github.com/gschiano/charm-registry/internal/config/config.go:106.27,108.3 1 1
github.com/gschiano/charm-registry/internal/config/config.go:109.2,109.59 1 8
github.com/gschiano/charm-registry/internal/config/config.go:109.59,113.3 1 1
github.com/gschiano/charm-registry/internal/config/config.go:114.2,114.85 1 7
github.com/gschiano/charm-registry/internal/config/config.go:114.85,118.3 1 1
github.com/gschiano/charm-registry/internal/config/config.go:119.2,119.25 1 6
github.com/gschiano/charm-registry/internal/config/config.go:119.25,121.3 1 1
github.com/gschiano/charm-registry/internal/config/config.go:122.2,122.28 1 5
github.com/gschiano/charm-registry/internal/config/config.go:122.28,124.3 1 4
github.com/gschiano/charm-registry/internal/config/config.go:125.2,125.68 1 5
github.com/gschiano/charm-registry/internal/config/config.go:125.68,129.3 1 0
github.com/gschiano/charm-registry/internal/config/config.go:130.2,130.31 1 5
github.com/gschiano/charm-registry/internal/config/config.go:130.31,132.3 1 0
github.com/gschiano/charm-registry/internal/config/config.go:134.2,134.17 1 5
github.com/gschiano/charm-registry/internal/config/config.go:137.32,139.2 1 0
github.com/gschiano/charm-registry/internal/config/config.go:141.71,145.2 1 3
github.com/gschiano/charm-registry/internal/config/config.go:147.39,148.55 1 110
github.com/gschiano/charm-registry/internal/config/config.go:148.55,150.3 1 7
github.com/gschiano/charm-registry/internal/config/config.go:151.2,151.17 1 103
github.com/gschiano/charm-registry/internal/config/config.go:154.46,156.22 2 42
github.com/gschiano/charm-registry/internal/config/config.go:156.22,158.3 1 30
github.com/gschiano/charm-registry/internal/config/config.go:159.2,160.16 2 12
github.com/gschiano/charm-registry/internal/config/config.go:160.16,162.3 1 2
github.com/gschiano/charm-registry/internal/config/config.go:163.2,163.14 1 10
github.com/gschiano/charm-registry/internal/config/config.go:166.43,168.22 2 12
github.com/gschiano/charm-registry/internal/config/config.go:168.22,170.3 1 11
github.com/gschiano/charm-registry/internal/config/config.go:171.2,172.16 2 1
github.com/gschiano/charm-registry/internal/config/config.go:172.16,174.3 1 1
github.com/gschiano/charm-registry/internal/config/config.go:175.2,175.14 1 0
github.com/gschiano/charm-registry/internal/config/config.go:178.49,180.22 2 21
github.com/gschiano/charm-registry/internal/config/config.go:180.22,182.3 1 18
github.com/gschiano/charm-registry/internal/config/config.go:183.2,184.16 2 3
github.com/gschiano/charm-registry/internal/config/config.go:184.16,186.3 1 1
github.com/gschiano/charm-registry/internal/config/config.go:187.2,187.14 1 2
github.com/gschiano/charm-registry/internal/config/config.go:190.68,192.22 2 48
github.com/gschiano/charm-registry/internal/config/config.go:192.22,194.3 1 46
github.com/gschiano/charm-registry/internal/config/config.go:195.2,196.16 2 2
github.com/gschiano/charm-registry/internal/config/config.go:196.16,198.3 1 1
github.com/gschiano/charm-registry/internal/config/config.go:199.2,199.14 1 1
github.com/gschiano/charm-registry/internal/config/config.go:202.34,204.22 2 27
github.com/gschiano/charm-registry/internal/config/config.go:204.22,206.3 1 24
github.com/gschiano/charm-registry/internal/config/config.go:207.2,209.29 3 3
github.com/gschiano/charm-registry/internal/config/config.go:209.29,211.20 2 4
github.com/gschiano/charm-registry/internal/config/config.go:211.20,213.4 1 4
github.com/gschiano/charm-registry/internal/config/config.go:215.2,215.22 1 3
github.com/gschiano/charm-registry/internal/config/config.go:215.22,217.3 1 0
github.com/gschiano/charm-registry/internal/config/config.go:218.2,218.15 1 3
github.com/gschiano/charm-registry/internal/config/config.go:221.60,222.21 1 6
github.com/gschiano/charm-registry/internal/config/config.go:222.21,224.3 1 3
github.com/gschiano/charm-registry/internal/config/config.go:225.2,225.31 1 3
github.com/gschiano/charm-registry/internal/config/config.go:225.31,226.25 1 3
github.com/gschiano/charm-registry/internal/config/config.go:226.25,228.4 1 3
github.com/gschiano/charm-registry/internal/config/config.go:230.2,230.14 1 0
github.com/gschiano/charm-registry/internal/harbor/client.go:41.46,44.28 2 2
github.com/gschiano/charm-registry/internal/harbor/client.go:44.28,46.35 2 0
github.com/gschiano/charm-registry/internal/harbor/client.go:46.35,48.4 1 0
github.com/gschiano/charm-registry/internal/harbor/client.go:49.3,50.17 2 0
github.com/gschiano/charm-registry/internal/harbor/client.go:50.17,52.4 1 0
github.com/gschiano/charm-registry/internal/harbor/client.go:53.3,53.54 1 0
github.com/gschiano/charm-registry/internal/harbor/client.go:53.54,55.4 1 0
github.com/gschiano/charm-registry/internal/harbor/client.go:56.3,56.30 1 0
github.com/gschiano/charm-registry/internal/harbor/client.go:58.2,73.8 1 2
github.com/gschiano/charm-registry/internal/harbor/client.go:76.91,78.23 2 2
github.com/gschiano/charm-registry/internal/harbor/client.go:78.23,80.3 1 1
github.com/gschiano/charm-registry/internal/harbor/client.go:81.2,81.58 1 2
github.com/gschiano/charm-registry/internal/harbor/client.go:81.58,83.3 1 0
github.com/gschiano/charm-registry/internal/harbor/client.go:84.2,85.16 2 2
github.com/gschiano/charm-registry/internal/harbor/client.go:85.16,87.3 1 0
github.com/gschiano/charm-registry/internal/harbor/client.go:88.2,89.16 2 2
github.com/gschiano/charm-registry/internal/harbor/client.go:89.16,91.3 1 0
github.com/gschiano/charm-registry/internal/harbor/client.go:92.2,97.17 6 2
github.com/gschiano/charm-registry/internal/harbor/client.go:100.88,102.23 2 1
github.com/gschiano/charm-registry/internal/harbor/client.go:102.23,104.3 1 0
github.com/gschiano/charm-registry/internal/harbor/client.go:105.2,106.73 2 1
github.com/gschiano/charm-registry/internal/harbor/client.go:109.83,111.10 2 2
github.com/gschiano/charm-registry/internal/harbor/client.go:111.10,113.3 1 1
github.com/gschiano/charm-registry/internal/harbor/client.go:114.2,114.73 1 2
github.com/gschiano/charm-registry/internal/harbor/client.go:114.73,116.3 1 0
github.com/gschiano/charm-registry/internal/harbor/client.go:117.2,118.16 2 2
github.com/gschiano/charm-registry/internal/harbor/client.go:118.16,120.3 1 0
github.com/gschiano/charm-registry/internal/harbor/client.go:121.2,121.36 1 2
github.com/gschiano/charm-registry/internal/harbor/client.go:131.79,138.99 5 2
github.com/gschiano/charm-registry/internal/harbor/client.go:138.99,140.3 1 0
github.com/gschiano/charm-registry/internal/harbor/client.go:141.2,141.35 1 2
github.com/gschiano/charm-registry/internal/harbor/client.go:141.35,142.34 1 1
github.com/gschiano/charm-registry/internal/harbor/client.go:142.34,144.4 1 1
github.com/gschiano/charm-registry/internal/harbor/client.go:146.2,153.78 2 1
github.com/gschiano/charm-registry/internal/harbor/client.go:153.78,155.82 2 0
github.com/gschiano/charm-registry/internal/harbor/client.go:155.82,157.4 1 0
github.com/gschiano/charm-registry/internal/harbor/client.go:158.3,158.13 1 0
github.com/gschiano/charm-registry/internal/harbor/client.go:160.2,160.12 1 1
github.com/gschiano/charm-registry/internal/harbor/client.go:168.34,169.102 1 4
github.com/gschiano/charm-registry/internal/harbor/client.go:169.102,171.126 2 2
github.com/gschiano/charm-registry/internal/harbor/client.go:171.126,173.4 1 2
github.com/gschiano/charm-registry/internal/harbor/client.go:175.2,176.16 2 2
github.com/gschiano/charm-registry/internal/harbor/client.go:176.16,178.83 2 0
github.com/gschiano/charm-registry/internal/harbor/client.go:178.83,180.4 1 0
github.com/gschiano/charm-registry/internal/harbor/client.go:181.3,182.17 2 0
github.com/gschiano/charm-registry/internal/harbor/client.go:182.17,184.4 1 0
github.com/gschiano/charm-registry/internal/harbor/client.go:186.2,187.16 2 2
github.com/gschiano/charm-registry/internal/harbor/client.go:187.16,189.3 1 0
github.com/gschiano/charm-registry/internal/harbor/client.go:190.2,194.8 1 2
github.com/gschiano/charm-registry/internal/harbor/client.go:197.116,205.15 2 2
github.com/gschiano/charm-registry/internal/harbor/client.go:205.15,211.3 1 1
github.com/gschiano/charm-registry/internal/harbor/client.go:212.2,225.81 3 2
github.com/gschiano/charm-registry/internal/harbor/client.go:225.81,227.3 1 0
github.com/gschiano/charm-registry/internal/harbor/client.go:228.2,228.21 1 2
github.com/gschiano/charm-registry/internal/harbor/client.go:236.35,238.2 1 0
github.com/gschiano/charm-registry/internal/harbor/client.go:240.98,242.20 2 7
github.com/gschiano/charm-registry/internal/harbor/client.go:242.20,244.17 2 3
github.com/gschiano/charm-registry/internal/harbor/client.go:244.17,246.4 1 0
github.com/gschiano/charm-registry/internal/harbor/client.go:247.3,247.34 1 3
github.com/gschiano/charm-registry/internal/harbor/client.go:249.2,250.16 2 7
github.com/gschiano/charm-registry/internal/harbor/client.go:250.16,252.3 1 0
github.com/gschiano/charm-registry/internal/harbor/client.go:253.2,255.20 3 7
github.com/gschiano/charm-registry/internal/harbor/client.go:255.20,257.3 1 3
github.com/gschiano/charm-registry/internal/harbor/client.go:258.2,259.16 2 7
github.com/gschiano/charm-registry/internal/harbor/client.go:259.16,261.3 1 0
github.com/gschiano/charm-registry/internal/harbor/client.go:262.2,264.16 3 7
github.com/gschiano/charm-registry/internal/harbor/client.go:264.16,266.3 1 0
github.com/gschiano/charm-registry/internal/harbor/client.go:267.2,267.46 1 7
github.com/gschiano/charm-registry/internal/harbor/client.go:267.46,269.3 1 0
github.com/gschiano/charm-registry/internal/harbor/client.go:270.2,270.62 1 7
github.com/gschiano/charm-registry/internal/harbor/client.go:270.62,272.3 1 1
github.com/gschiano/charm-registry/internal/harbor/client.go:273.2,273.45 1 6
github.com/gschiano/charm-registry/internal/harbor/client.go:276.57,278.27 2 1
github.com/gschiano/charm-registry/internal/harbor/client.go:278.27,280.3 1 0
github.com/gschiano/charm-registry/internal/harbor/client.go:281.2,281.51 1 1
github.com/gschiano/charm-registry/internal/harbor/client.go:284.61,286.2 1 4
github.com/gschiano/charm-registry/internal/harbor/client.go:288.40,292.19 4 9
github.com/gschiano/charm-registry/internal/harbor/client.go:292.19,294.3 1 0
github.com/gschiano/charm-registry/internal/harbor/client.go:295.2,295.16 1 9
github.com/gschiano/charm-registry/internal/harbor/client.go:298.37,301.2 2 2
github.com/gschiano/charm-registry/internal/harbor/client.go:303.57,305.16 2 4
github.com/gschiano/charm-registry/internal/harbor/client.go:305.16,307.3 1 0
github.com/gschiano/charm-registry/internal/harbor/client.go:308.2,309.16 2 4
github.com/gschiano/charm-registry/internal/harbor/client.go:309.16,311.3 1 0
github.com/gschiano/charm-registry/internal/harbor/client.go:312.2,313.44 2 4
github.com/gschiano/charm-registry/internal/harbor/client.go:313.44,315.3 1 0
github.com/gschiano/charm-registry/internal/harbor/client.go:316.2,317.58 2 4
github.com/gschiano/charm-registry/internal/harbor/client.go:320.60,322.16 2 2
github.com/gschiano/charm-registry/internal/harbor/client.go:322.16,324.3 1 0
github.com/gschiano/charm-registry/internal/harbor/client.go:325.2,326.16 2 2
github.com/gschiano/charm-registry/internal/harbor/client.go:326.16,328.3 1 0
github.com/gschiano/charm-registry/internal/harbor/client.go:329.2,330.16 2 2
github.com/gschiano/charm-registry/internal/harbor/client.go:330.16,332.3 1 0
github.com/gschiano/charm-registry/internal/harbor/client.go:333.2,333.33 1 2
github.com/gschiano/charm-registry/internal/harbor/client.go:333.33,335.3 1 0
github.com/gschiano/charm-registry/internal/harbor/client.go:336.2,338.16 3 2
github.com/gschiano/charm-registry/internal/harbor/client.go:338.16,340.3 1 0
github.com/gschiano/charm-registry/internal/harbor/client.go:341.2,341.31 1 2
github.com/gschiano/charm-registry/internal/harbor/client.go:344.49,346.9 2 0
github.com/gschiano/charm-registry/internal/harbor/client.go:346.9,348.3 1 0
github.com/gschiano/charm-registry/internal/harbor/client.go:349.2,350.13 2 0
github.com/gschiano/charm-registry/internal/repo/memory.go:29.26,42.2 1 49
github.com/gschiano/charm-registry/internal/repo/memory.go:45.95,48.53 3 20
github.com/gschiano/charm-registry/internal/repo/memory.go:48.53,57.3 8 1
github.com/gschiano/charm-registry/internal/repo/memory.go:58.2,61.21 4 19
github.com/gschiano/charm-registry/internal/repo/memory.go:65.92,69.9 4 1
github.com/gschiano/charm-registry/internal/repo/memory.go:69.9,71.3 1 1
github.com/gschiano/charm-registry/internal/repo/memory.go:72.2,72.21 1 0
github.com/gschiano/charm-registry/internal/repo/memory.go:76.83,81.2 4 7
github.com/gschiano/charm-registry/internal/repo/memory.go:84.120,88.33 4 3
github.com/gschiano/charm-registry/internal/repo/memory.go:88.33,89.35 1 5
github.com/gschiano/charm-registry/internal/repo/memory.go:89.35,90.12 1 0
github.com/gschiano/charm-registry/internal/repo/memory.go:92.3,92.96 1 5
github.com/gschiano/charm-registry/internal/repo/memory.go:92.96,93.12 1 2
github.com/gschiano/charm-registry/internal/repo/memory.go:95.3,95.33 1 3
github.com/gschiano/charm-registry/internal/repo/memory.go:97.2,97.57 1 3
github.com/gschiano/charm-registry/internal/repo/memory.go:97.57,99.3 1 1
github.com/gschiano/charm-registry/internal/repo/memory.go:100.2,100.20 1 3
github.com/gschiano/charm-registry/internal/repo/memory.go:104.100,107.36 3 2
github.com/gschiano/charm-registry/internal/repo/memory.go:107.36,108.67 1 1
github.com/gschiano/charm-registry/internal/repo/memory.go:108.67,114.4 5 1
github.com/gschiano/charm-registry/internal/repo/memory.go:116.2,116.20 1 1
github.com/gschiano/charm-registry/internal/repo/memory.go:120.110,124.9 4 3
github.com/gschiano/charm-registry/internal/repo/memory.go:124.9,126.3 1 1
github.com/gschiano/charm-registry/internal/repo/memory.go:127.2,128.9 2 2
github.com/gschiano/charm-registry/internal/repo/memory.go:128.9,130.3 1 1
github.com/gschiano/charm-registry/internal/repo/memory.go:131.2,131.28 1 1
github.com/gschiano/charm-registry/internal/repo/memory.go:135.75,138.47 3 16
github.com/gschiano/charm-registry/internal/repo/memory.go:138.47,140.3 1 1
github.com/gschiano/charm-registry/internal/repo/memory.go:141.2,143.12 3 15
github.com/gschiano/charm-registry/internal/repo/memory.go:147.75,150.48 3 2
github.com/gschiano/charm-registry/internal/repo/memory.go:150.48,152.3 1 1
github.com/gschiano/charm-registry/internal/repo/memory.go:153.2,155.12 3 1
github.com/gschiano/charm-registry/internal/repo/memory.go:159.75,163.9 4 2
github.com/gschiano/charm-registry/internal/repo/memory.go:163.9,165.3 1 1
github.com/gschiano/charm-registry/internal/repo/memory.go:166.2,168.12 3 1
github.com/gschiano/charm-registry/internal/repo/memory.go:172.89,176.9 4 4
github.com/gschiano/charm-registry/internal/repo/memory.go:176.9,178.3 1 2
github.com/gschiano/charm-registry/internal/repo/memory.go:179.2,179.17 1 2
github.com/gschiano/charm-registry/internal/repo/memory.go:183.92,187.9 4 2
github.com/gschiano/charm-registry/internal/repo/memory.go:187.9,189.3 1 1
github.com/gschiano/charm-registry/internal/repo/memory.go:190.2,190.17 1 1
github.com/gschiano/charm-registry/internal/repo/memory.go:194.110,198.33 4 1
github.com/gschiano/charm-registry/internal/repo/memory.go:198.33,199.38 1 2
github.com/gschiano/charm-registry/internal/repo/memory.go:199.38,201.4 1 1
github.com/gschiano/charm-registry/internal/repo/memory.go:203.2,203.17 1 1
github.com/gschiano/charm-registry/internal/repo/memory.go:207.90,212.33 5 2
github.com/gschiano/charm-registry/internal/repo/memory.go:212.33,213.74 1 4
github.com/gschiano/charm-registry/internal/repo/memory.go:213.74,215.4 1 3
github.com/gschiano/charm-registry/internal/repo/memory.go:217.2,217.17 1 2
github.com/gschiano/charm-registry/internal/repo/memory.go:221.95,225.9 4 4
github.com/gschiano/charm-registry/internal/repo/memory.go:225.9,227.3 1 1
github.com/gschiano/charm-registry/internal/repo/memory.go:228.2,228.61 1 3
github.com/gschiano/charm-registry/internal/repo/memory.go:232.97,236.9 4 3
github.com/gschiano/charm-registry/internal/repo/memory.go:236.9,238.3 1 1
github.com/gschiano/charm-registry/internal/repo/memory.go:239.2,239.45 1 2
github.com/gschiano/charm-registry/internal/repo/memory.go:243.102,247.9 4 3
github.com/gschiano/charm-registry/internal/repo/memory.go:247.9,249.3 1 1
github.com/gschiano/charm-registry/internal/repo/memory.go:250.2,251.31 2 2
github.com/gschiano/charm-registry/internal/repo/memory.go:251.31,253.39 2 4
github.com/gschiano/charm-registry/internal/repo/memory.go:253.39,254.35 1 4
github.com/gschiano/charm-registry/internal/repo/memory.go:254.35,256.10 2 1
github.com/gschiano/charm-registry/internal/repo/memory.go:259.3,259.13 1 4
github.com/gschiano/charm-registry/internal/repo/memory.go:259.13,260.12 1 1
github.com/gschiano/charm-registry/internal/repo/memory.go:262.3,263.12 2 3
github.com/gschiano/charm-registry/internal/repo/memory.go:265.2,267.21 3 2
github.com/gschiano/charm-registry/internal/repo/memory.go:271.88,275.9 4 2
github.com/gschiano/charm-registry/internal/repo/memory.go:275.9,277.3 1 1
github.com/gschiano/charm-registry/internal/repo/memory.go:278.2,278.54 1 1
github.com/gschiano/charm-registry/internal/repo/memory.go:282.76,287.2 4 2
github.com/gschiano/charm-registry/internal/repo/memory.go:290.85,294.9 4 3
github.com/gschiano/charm-registry/internal/repo/memory.go:294.9,296.3 1 1
github.com/gschiano/charm-registry/internal/repo/memory.go:297.2,297.20 1 2
github.com/gschiano/charm-registry/internal/repo/memory.go:301.113,305.9 4 3
github.com/gschiano/charm-registry/internal/repo/memory.go:305.9,307.3 1 1
github.com/gschiano/charm-registry/internal/repo/memory.go:308.2,311.22 4 2
github.com/gschiano/charm-registry/internal/repo/memory.go:311.22,313.3 1 1
github.com/gschiano/charm-registry/internal/repo/memory.go:313.8,315.3 1 1
github.com/gschiano/charm-registry/internal/repo/memory.go:316.2,318.12 3 2
github.com/gschiano/charm-registry/internal/repo/memory.go:322.82,327.2 4 3
github.com/gschiano/charm-registry/internal/repo/memory.go:330.109,334.21 4 3
github.com/gschiano/charm-registry/internal/repo/memory.go:334.21,336.3 1 1
github.com/gschiano/charm-registry/internal/repo/memory.go:337.2,337.27 1 2
github.com/gschiano/charm-registry/internal/repo/memory.go:337.27,338.33 1 2
github.com/gschiano/charm-registry/internal/repo/memory.go:338.33,340.4 1 1
github.com/gschiano/charm-registry/internal/repo/memory.go:342.2,342.25 1 1
github.com/gschiano/charm-registry/internal/repo/memory.go:346.112,349.46 3 2
github.com/gschiano/charm-registry/internal/repo/memory.go:349.46,350.32 1 2
github.com/gschiano/charm-registry/internal/repo/memory.go:350.32,352.4 1 1
github.com/gschiano/charm-registry/internal/repo/memory.go:354.2,354.37 1 1
github.com/gschiano/charm-registry/internal/repo/memory.go:358.96,362.21 4 2
github.com/gschiano/charm-registry/internal/repo/memory.go:362.21,364.3 1 1
github.com/gschiano/charm-registry/internal/repo/memory.go:365.2,365.33 1 1
github.com/gschiano/charm-registry/internal/repo/memory.go:372.36,375.54 3 2
github.com/gschiano/charm-registry/internal/repo/memory.go:375.54,377.3 1 1
github.com/gschiano/charm-registry/internal/repo/memory.go:378.2,379.22 2 2
github.com/gschiano/charm-registry/internal/repo/memory.go:386.36,391.9 5 1
github.com/gschiano/charm-registry/internal/repo/memory.go:391.9,393.3 1 1
github.com/gschiano/charm-registry/internal/repo/memory.go:394.2,394.22 1 0
github.com/gschiano/charm-registry/internal/repo/memory.go:398.114,402.53 4 1
github.com/gschiano/charm-registry/internal/repo/memory.go:402.53,404.3 1 1
github.com/gschiano/charm-registry/internal/repo/memory.go:405.2,405.17 1 1
github.com/gschiano/charm-registry/internal/repo/memory.go:409.98,414.2 4 1
github.com/gschiano/charm-registry/internal/repo/memory.go:417.98,421.33 4 2
github.com/gschiano/charm-registry/internal/repo/memory.go:421.33,422.41 1 1
github.com/gschiano/charm-registry/internal/repo/memory.go:422.41,426.4 3 1
github.com/gschiano/charm-registry/internal/repo/memory.go:428.2,428.20 1 1
github.com/gschiano/charm-registry/internal/repo/memory.go:432.111,436.2 3 1
github.com/gschiano/charm-registry/internal/repo/memory.go:443.34,446.55 3 3
github.com/gschiano/charm-registry/internal/repo/memory.go:446.55,447.32 1 2
github.com/gschiano/charm-registry/internal/repo/memory.go:447.32,449.4 1 2
github.com/gschiano/charm-registry/internal/repo/memory.go:451.2,451.45 1 1
github.com/gschiano/charm-registry/internal/repo/memory.go:455.98,458.41 3 7
github.com/gschiano/charm-registry/internal/repo/memory.go:458.41,460.3 1 4
github.com/gschiano/charm-registry/internal/repo/memory.go:461.2,462.12 2 7
github.com/gschiano/charm-registry/internal/repo/memory.go:466.92,470.48 4 1
github.com/gschiano/charm-registry/internal/repo/memory.go:470.48,472.3 1 2
github.com/gschiano/charm-registry/internal/repo/memory.go:473.2,473.17 1 1
github.com/gschiano/charm-registry/internal/repo/memory.go:477.108,481.9 4 3
github.com/gschiano/charm-registry/internal/repo/memory.go:481.9,483.3 1 1
github.com/gschiano/charm-registry/internal/repo/memory.go:484.2,484.21 1 2
github.com/gschiano/charm-registry/internal/repo/memory.go:488.99,492.50 4 3
github.com/gschiano/charm-registry/internal/repo/memory.go:492.50,494.3 1 1
github.com/gschiano/charm-registry/internal/repo/memory.go:495.2,495.35 1 2
github.com/gschiano/charm-registry/internal/repo/memory.go:495.35,497.3 1 1
github.com/gschiano/charm-registry/internal/repo/memory.go:498.2,498.36 1 1
github.com/gschiano/charm-registry/internal/service/errors.go:13.32,15.2 1 4
github.com/gschiano/charm-registry/internal/service/errors.go:17.55,19.2 1 70
github.com/gschiano/charm-registry/internal/service/helpers.go:18.61,19.29 1 295
github.com/gschiano/charm-registry/internal/service/helpers.go:19.29,21.3 1 20
github.com/gschiano/charm-registry/internal/service/helpers.go:22.2,22.12 1 275
github.com/gschiano/charm-registry/internal/service/helpers.go:25.86,26.48 1 230
github.com/gschiano/charm-registry/internal/service/helpers.go:26.48,28.3 1 8
github.com/gschiano/charm-registry/internal/service/helpers.go:29.2,29.30 1 222
github.com/gschiano/charm-registry/internal/service/helpers.go:29.30,31.3 1 2
github.com/gschiano/charm-registry/internal/service/helpers.go:32.2,32.67 1 220
github.com/gschiano/charm-registry/internal/service/helpers.go:32.67,34.3 1 210
github.com/gschiano/charm-registry/internal/service/helpers.go:35.2,35.50 1 10
github.com/gschiano/charm-registry/internal/service/helpers.go:35.50,36.99 1 10
github.com/gschiano/charm-registry/internal/service/helpers.go:36.99,38.4 1 7
github.com/gschiano/charm-registry/internal/service/helpers.go:40.2,40.79 1 3
github.com/gschiano/charm-registry/internal/service/helpers.go:43.97,44.29 1 3
github.com/gschiano/charm-registry/internal/service/helpers.go:44.29,46.3 1 1
github.com/gschiano/charm-registry/internal/service/helpers.go:47.2,47.50 1 2
github.com/gschiano/charm-registry/internal/service/helpers.go:55.9,56.18 1 55
github.com/gschiano/charm-registry/internal/service/helpers.go:56.18,57.29 1 6
github.com/gschiano/charm-registry/internal/service/helpers.go:57.29,59.4 1 3
github.com/gschiano/charm-registry/internal/service/helpers.go:60.3,60.13 1 3
github.com/gschiano/charm-registry/internal/service/helpers.go:62.2,62.48 1 49
github.com/gschiano/charm-registry/internal/service/helpers.go:62.48,64.3 1 7
github.com/gschiano/charm-registry/internal/service/helpers.go:65.2,65.30 1 42
github.com/gschiano/charm-registry/internal/service/helpers.go:65.30,66.29 1 0
github.com/gschiano/charm-registry/internal/service/helpers.go:66.29,68.4 1 0
github.com/gschiano/charm-registry/internal/service/helpers.go:69.3,69.13 1 0
github.com/gschiano/charm-registry/internal/service/helpers.go:71.2,72.16 2 42
github.com/gschiano/charm-registry/internal/service/helpers.go:72.16,74.3 1 0
github.com/gschiano/charm-registry/internal/service/helpers.go:75.2,75.14 1 42
github.com/gschiano/charm-registry/internal/service/helpers.go:75.14,77.3 1 0
github.com/gschiano/charm-registry/internal/service/helpers.go:78.2,78.107 1 42
github.com/gschiano/charm-registry/internal/service/helpers.go:78.107,80.3 1 2
github.com/gschiano/charm-registry/internal/service/helpers.go:81.2,81.28 1 40
github.com/gschiano/charm-registry/internal/service/helpers.go:81.28,83.3 1 18
github.com/gschiano/charm-registry/internal/service/helpers.go:84.2,84.12 1 22
github.com/gschiano/charm-registry/internal/service/helpers.go:92.9,93.66 1 108
github.com/gschiano/charm-registry/internal/service/helpers.go:93.66,95.3 1 6
github.com/gschiano/charm-registry/internal/service/helpers.go:96.2,96.30 1 102
github.com/gschiano/charm-registry/internal/service/helpers.go:96.30,98.3 1 0
github.com/gschiano/charm-registry/internal/service/helpers.go:99.2,100.16 2 102
github.com/gschiano/charm-registry/internal/service/helpers.go:100.16,102.3 1 0
github.com/gschiano/charm-registry/internal/service/helpers.go:103.2,103.14 1 102
github.com/gschiano/charm-registry/internal/service/helpers.go:103.14,105.3 1 1
github.com/gschiano/charm-registry/internal/service/helpers.go:106.2,106.107 1 101
github.com/gschiano/charm-registry/internal/service/helpers.go:106.107,108.3 1 2
github.com/gschiano/charm-registry/internal/service/helpers.go:109.2,109.12 1 99
github.com/gschiano/charm-registry/internal/service/helpers.go:112.91,113.64 1 22
github.com/gschiano/charm-registry/internal/service/helpers.go:113.64,115.3 1 20
github.com/gschiano/charm-registry/internal/service/helpers.go:116.2,116.50 1 2
github.com/gschiano/charm-registry/internal/service/helpers.go:116.50,117.25 1 2
github.com/gschiano/charm-registry/internal/service/helpers.go:117.25,119.4 1 1
github.com/gschiano/charm-registry/internal/service/helpers.go:121.2,121.72 1 1
github.com/gschiano/charm-registry/internal/service/helpers.go:124.101,126.2 1 5
github.com/gschiano/charm-registry/internal/service/helpers.go:130.75,132.2 1 2
github.com/gschiano/charm-registry/internal/service/helpers.go:134.92,139.2 1 11
github.com/gschiano/charm-registry/internal/service/helpers.go:143.72,144.43 1 9
github.com/gschiano/charm-registry/internal/service/helpers.go:144.43,145.51 1 11
github.com/gschiano/charm-registry/internal/service/helpers.go:145.51,147.4 1 2
github.com/gschiano/charm-registry/internal/service/helpers.go:148.3,148.57 1 9
github.com/gschiano/charm-registry/internal/service/helpers.go:148.57,150.4 1 2
github.com/gschiano/charm-registry/internal/service/helpers.go:152.2,152.14 1 5
github.com/gschiano/charm-registry/internal/service/helpers.go:157.60,159.38 2 45
github.com/gschiano/charm-registry/internal/service/helpers.go:159.38,160.34 1 0
github.com/gschiano/charm-registry/internal/service/helpers.go:160.34,161.44 1 0
github.com/gschiano/charm-registry/internal/service/helpers.go:161.44,163.5 1 0
github.com/gschiano/charm-registry/internal/service/helpers.go:164.4,164.12 1 0
github.com/gschiano/charm-registry/internal/service/helpers.go:166.3,166.30 1 0
github.com/gschiano/charm-registry/internal/service/helpers.go:166.30,168.4 1 0
github.com/gschiano/charm-registry/internal/service/helpers.go:170.2,170.21 1 45
github.com/gschiano/charm-registry/internal/service/helpers.go:170.21,172.3 1 45
github.com/gschiano/charm-registry/internal/service/helpers.go:173.2,173.14 1 45
github.com/gschiano/charm-registry/internal/service/helpers.go:178.25,180.2 1 96
github.com/gschiano/charm-registry/internal/service/helpers.go:182.45,185.2 2 5
github.com/gschiano/charm-registry/internal/service/helpers.go:187.115,189.36 2 47
github.com/gschiano/charm-registry/internal/service/helpers.go:189.36,191.3 1 14
github.com/gschiano/charm-registry/internal/service/helpers.go:192.2,192.16 1 47
github.com/gschiano/charm-registry/internal/service/helpers.go:192.16,194.3 1 46
github.com/gschiano/charm-registry/internal/service/helpers.go:195.2,195.18 1 47
github.com/gschiano/charm-registry/internal/service/helpers.go:195.18,197.3 1 45
github.com/gschiano/charm-registry/internal/service/helpers.go:198.2,198.18 1 47
github.com/gschiano/charm-registry/internal/service/helpers.go:198.18,200.3 1 45
github.com/gschiano/charm-registry/internal/service/helpers.go:201.2,201.35 1 47
github.com/gschiano/charm-registry/internal/service/helpers.go:201.35,203.3 1 45
github.com/gschiano/charm-registry/internal/service/helpers.go:204.2,204.12 1 47
github.com/gschiano/charm-registry/internal/service/helpers.go:207.63,208.31 1 181
github.com/gschiano/charm-registry/internal/service/helpers.go:208.31,209.25 1 14
github.com/gschiano/charm-registry/internal/service/helpers.go:209.25,211.4 1 13
github.com/gschiano/charm-registry/internal/service/helpers.go:213.2,213.34 1 168
github.com/gschiano/charm-registry/internal/service/helpers.go:216.47,217.38 1 12
github.com/gschiano/charm-registry/internal/service/helpers.go:217.38,219.3 1 7
github.com/gschiano/charm-registry/internal/service/helpers.go:220.2,220.17 1 5
github.com/gschiano/charm-registry/internal/service/helpers.go:223.38,224.17 1 270
github.com/gschiano/charm-registry/internal/service/helpers.go:224.17,226.3 1 1
github.com/gschiano/charm-registry/internal/service/helpers.go:227.2,227.15 1 269
github.com/gschiano/charm-registry/internal/service/helpers.go:230.40,231.18 1 29
github.com/gschiano/charm-registry/internal/service/helpers.go:231.18,233.3 1 1
github.com/gschiano/charm-registry/internal/service/helpers.go:234.2,234.15 1 28
github.com/gschiano/charm-registry/internal/service/helpers.go:237.45,238.31 1 189
github.com/gschiano/charm-registry/internal/service/helpers.go:238.31,239.18 1 199
github.com/gschiano/charm-registry/internal/service/helpers.go:239.18,241.4 1 187
github.com/gschiano/charm-registry/internal/service/helpers.go:243.2,243.11 1 2
github.com/gschiano/charm-registry/internal/service/helpers.go:246.40,247.22 1 10
github.com/gschiano/charm-registry/internal/service/helpers.go:247.22,249.3 1 2
github.com/gschiano/charm-registry/internal/service/helpers.go:250.2,250.18 1 8
github.com/gschiano/charm-registry/internal/service/helpers.go:253.40,254.21 1 4
github.com/gschiano/charm-registry/internal/service/helpers.go:254.21,256.3 1 3
github.com/gschiano/charm-registry/internal/service/helpers.go:257.2,257.14 1 1
github.com/gschiano/charm-registry/internal/service/helpers.go:260.45,261.19 1 9
github.com/gschiano/charm-registry/internal/service/helpers.go:261.19,263.3 1 5
github.com/gschiano/charm-registry/internal/service/helpers.go:264.2,264.15 1 4
github.com/gschiano/charm-registry/internal/service/helpers.go:273.58,274.9 1 46
github.com/gschiano/charm-registry/internal/service/helpers.go:275.18,276.13 1 10
github.com/gschiano/charm-registry/internal/service/helpers.go:277.40,278.45 1 33
github.com/gschiano/charm-registry/internal/service/helpers.go:279.40,282.54 1 2
github.com/gschiano/charm-registry/internal/service/helpers.go:283.10,284.13 1 1
github.com/gschiano/charm-registry/internal/service/helpers.go:288.47,289.32 1 67
github.com/gschiano/charm-registry/internal/service/helpers.go:290.16,291.20 1 48
github.com/gschiano/charm-registry/internal/service/helpers.go:292.10,293.20 1 19
github.com/gschiano/charm-registry/internal/service/oci.go:10.95,11.18 1 99
github.com/gschiano/charm-registry/internal/service/oci.go:11.18,13.3 1 0
github.com/gschiano/charm-registry/internal/service/oci.go:14.2,15.16 2 99
github.com/gschiano/charm-registry/internal/service/oci.go:15.16,17.3 1 0
github.com/gschiano/charm-registry/internal/service/oci.go:18.2,18.38 1 99
github.com/gschiano/charm-registry/internal/service/oci.go:18.38,20.3 1 0
github.com/gschiano/charm-registry/internal/service/oci.go:21.2,22.58 2 99
github.com/gschiano/charm-registry/internal/service/oci.go:22.58,24.3 1 0
github.com/gschiano/charm-registry/internal/service/oci.go:25.2,25.20 1 99
github.com/gschiano/charm-registry/internal/service/oci.go:28.57,33.2 1 99
github.com/gschiano/charm-registry/internal/service/oci.go:35.57,36.33 1 10
github.com/gschiano/charm-registry/internal/service/oci.go:36.33,38.3 1 0
github.com/gschiano/charm-registry/internal/service/oci.go:39.2,41.48 1 10
github.com/gschiano/charm-registry/internal/service/oci.go:44.48,45.33 1 5
github.com/gschiano/charm-registry/internal/service/oci.go:45.33,47.3 1 0
github.com/gschiano/charm-registry/internal/service/oci.go:48.2,48.27 1 5
github.com/gschiano/charm-registry/internal/service/packages.go:21.25,22.82 1 97
github.com/gschiano/charm-registry/internal/service/packages.go:22.82,24.3 1 2
github.com/gschiano/charm-registry/internal/service/packages.go:25.2,49.55 3 95
github.com/gschiano/charm-registry/internal/service/packages.go:49.55,51.3 1 1
github.com/gschiano/charm-registry/internal/service/packages.go:52.2,52.72 1 94
github.com/gschiano/charm-registry/internal/service/packages.go:52.72,54.3 1 0
github.com/gschiano/charm-registry/internal/service/packages.go:55.2,56.16 2 94
github.com/gschiano/charm-registry/internal/service/packages.go:56.16,58.3 1 0
github.com/gschiano/charm-registry/internal/service/packages.go:59.2,59.17 1 94
github.com/gschiano/charm-registry/internal/service/packages.go:70.27,71.79 1 5
github.com/gschiano/charm-registry/internal/service/packages.go:71.79,73.3 1 2
github.com/gschiano/charm-registry/internal/service/packages.go:74.2,78.30 2 3
github.com/gschiano/charm-registry/internal/service/packages.go:78.30,80.3 1 1
github.com/gschiano/charm-registry/internal/service/packages.go:80.8,82.3 1 2
github.com/gschiano/charm-registry/internal/service/packages.go:83.2,83.16 1 3
github.com/gschiano/charm-registry/internal/service/packages.go:83.16,85.3 1 0
github.com/gschiano/charm-registry/internal/service/packages.go:86.2,86.40 1 3
github.com/gschiano/charm-registry/internal/service/packages.go:98.25,100.16 2 18
github.com/gschiano/charm-registry/internal/service/packages.go:100.16,102.3 1 3
github.com/gschiano/charm-registry/internal/service/packages.go:103.2,103.88 1 15
github.com/gschiano/charm-registry/internal/service/packages.go:103.88,105.3 1 4
github.com/gschiano/charm-registry/internal/service/packages.go:106.2,106.34 1 11
github.com/gschiano/charm-registry/internal/service/packages.go:118.25,120.16 2 8
github.com/gschiano/charm-registry/internal/service/packages.go:120.16,122.3 1 1
github.com/gschiano/charm-registry/internal/service/packages.go:123.2,123.94 1 7
github.com/gschiano/charm-registry/internal/service/packages.go:123.94,125.3 1 4
github.com/gschiano/charm-registry/internal/service/packages.go:126.2,126.26 1 3
github.com/gschiano/charm-registry/internal/service/packages.go:126.26,128.3 1 1
github.com/gschiano/charm-registry/internal/service/packages.go:129.2,129.31 1 3
github.com/gschiano/charm-registry/internal/service/packages.go:129.31,131.3 1 1
github.com/gschiano/charm-registry/internal/service/packages.go:132.2,132.30 1 3
github.com/gschiano/charm-registry/internal/service/packages.go:132.30,134.3 1 1
github.com/gschiano/charm-registry/internal/service/packages.go:135.2,135.26 1 3
github.com/gschiano/charm-registry/internal/service/packages.go:135.26,137.3 1 1
github.com/gschiano/charm-registry/internal/service/packages.go:138.2,138.24 1 3
github.com/gschiano/charm-registry/internal/service/packages.go:138.24,140.3 1 1
github.com/gschiano/charm-registry/internal/service/packages.go:141.2,141.26 1 3
github.com/gschiano/charm-registry/internal/service/packages.go:141.26,143.3 1 1
github.com/gschiano/charm-registry/internal/service/packages.go:144.2,144.26 1 3
github.com/gschiano/charm-registry/internal/service/packages.go:144.26,146.3 1 1
github.com/gschiano/charm-registry/internal/service/packages.go:147.2,147.24 1 3
github.com/gschiano/charm-registry/internal/service/packages.go:147.24,149.3 1 1
github.com/gschiano/charm-registry/internal/service/packages.go:150.2,151.55 2 3
github.com/gschiano/charm-registry/internal/service/packages.go:151.55,153.3 1 0
github.com/gschiano/charm-registry/internal/service/packages.go:154.2,154.34 1 3
github.com/gschiano/charm-registry/internal/service/packages.go:161.111,163.16 2 4
github.com/gschiano/charm-registry/internal/service/packages.go:163.16,165.3 1 1
github.com/gschiano/charm-registry/internal/service/packages.go:166.2,166.86 1 3
github.com/gschiano/charm-registry/internal/service/packages.go:166.86,168.3 1 1
github.com/gschiano/charm-registry/internal/service/packages.go:169.2,170.16 2 2
github.com/gschiano/charm-registry/internal/service/packages.go:170.16,172.3 1 0
github.com/gschiano/charm-registry/internal/service/packages.go:173.2,173.24 1 2
github.com/gschiano/charm-registry/internal/service/packages.go:173.24,178.3 1 1
github.com/gschiano/charm-registry/internal/service/packages.go:179.2,179.58 1 1
github.com/gschiano/charm-registry/internal/service/packages.go:179.58,181.3 1 0
github.com/gschiano/charm-registry/internal/service/packages.go:182.2,182.20 1 1
github.com/gschiano/charm-registry/internal/service/packages.go:189.107,191.16 2 6
github.com/gschiano/charm-registry/internal/service/packages.go:191.16,193.3 1 0
github.com/gschiano/charm-registry/internal/service/packages.go:194.2,195.16 2 6
github.com/gschiano/charm-registry/internal/service/packages.go:195.16,197.3 1 0
github.com/gschiano/charm-registry/internal/service/packages.go:198.2,199.31 2 6
github.com/gschiano/charm-registry/internal/service/packages.go:199.31,200.43 1 5
github.com/gschiano/charm-registry/internal/service/packages.go:200.43,201.12 1 1
github.com/gschiano/charm-registry/internal/service/packages.go:203.3,204.17 2 4
github.com/gschiano/charm-registry/internal/service/packages.go:204.17,205.40 1 2
github.com/gschiano/charm-registry/internal/service/packages.go:205.40,206.13 1 2
github.com/gschiano/charm-registry/internal/service/packages.go:208.4,208.19 1 0
github.com/gschiano/charm-registry/internal/service/packages.go:210.3,210.34 1 2
github.com/gschiano/charm-registry/internal/service/packages.go:212.2,212.48 1 6
github.com/gschiano/charm-registry/internal/service/packages.go:219.111,221.16 2 7
github.com/gschiano/charm-registry/internal/service/packages.go:221.16,223.3 1 1
github.com/gschiano/charm-registry/internal/service/packages.go:224.2,225.16 2 6
github.com/gschiano/charm-registry/internal/service/packages.go:225.16,227.3 1 1
github.com/gschiano/charm-registry/internal/service/packages.go:228.2,229.16 2 5
github.com/gschiano/charm-registry/internal/service/packages.go:229.16,231.3 1 0
github.com/gschiano/charm-registry/internal/service/packages.go:232.2,233.16 2 5
github.com/gschiano/charm-registry/internal/service/packages.go:233.16,235.3 1 0
github.com/gschiano/charm-registry/internal/service/packages.go:236.2,237.16 2 5
github.com/gschiano/charm-registry/internal/service/packages.go:237.16,239.3 1 0
github.com/gschiano/charm-registry/internal/service/packages.go:240.2,242.16 3 5
github.com/gschiano/charm-registry/internal/service/packages.go:242.16,244.3 1 0
github.com/gschiano/charm-registry/internal/service/packages.go:248.2,250.35 3 5
github.com/gschiano/charm-registry/internal/service/packages.go:250.35,252.10 2 6
github.com/gschiano/charm-registry/internal/service/packages.go:252.10,254.18 2 0
github.com/gschiano/charm-registry/internal/service/packages.go:254.18,255.13 1 0
github.com/gschiano/charm-registry/internal/service/packages.go:257.4,257.41 1 0
github.com/gschiano/charm-registry/internal/service/packages.go:259.3,269.5 2 6
github.com/gschiano/charm-registry/internal/service/packages.go:271.2,289.8 2 5
github.com/gschiano/charm-registry/internal/service/packages.go:292.100,294.16 2 4
github.com/gschiano/charm-registry/internal/service/packages.go:294.16,296.3 1 2
github.com/gschiano/charm-registry/internal/service/packages.go:297.2,298.16 2 2
github.com/gschiano/charm-registry/internal/service/packages.go:298.16,300.3 1 0
github.com/gschiano/charm-registry/internal/service/packages.go:301.2,328.8 2 2
github.com/gschiano/charm-registry/internal/service/packages.go:331.53,333.24 2 7
github.com/gschiano/charm-registry/internal/service/packages.go:333.24,335.3 1 7
github.com/gschiano/charm-registry/internal/service/packages.go:336.2,352.3 1 7
github.com/gschiano/charm-registry/internal/service/packages.go:355.104,357.31 2 9
github.com/gschiano/charm-registry/internal/service/packages.go:357.31,359.17 2 10
github.com/gschiano/charm-registry/internal/service/packages.go:359.17,361.4 1 0
github.com/gschiano/charm-registry/internal/service/packages.go:362.3,362.30 1 10
github.com/gschiano/charm-registry/internal/service/packages.go:364.2,364.17 1 9
github.com/gschiano/charm-registry/internal/service/packages.go:367.94,369.16 2 27
github.com/gschiano/charm-registry/internal/service/packages.go:369.16,371.3 1 0
github.com/gschiano/charm-registry/internal/service/packages.go:372.2,374.17 3 27
github.com/gschiano/charm-registry/internal/service/releases.go:26.27,28.16 2 23
github.com/gschiano/charm-registry/internal/service/releases.go:28.16,30.3 1 1
github.com/gschiano/charm-registry/internal/service/releases.go:31.2,31.94 1 22
github.com/gschiano/charm-registry/internal/service/releases.go:31.94,33.3 1 1
github.com/gschiano/charm-registry/internal/service/releases.go:34.2,36.35 3 21
github.com/gschiano/charm-registry/internal/service/releases.go:36.35,37.28 1 25
github.com/gschiano/charm-registry/internal/service/releases.go:37.28,39.4 1 1
github.com/gschiano/charm-registry/internal/service/releases.go:40.3,40.86 1 24
github.com/gschiano/charm-registry/internal/service/releases.go:40.86,42.4 1 1
github.com/gschiano/charm-registry/internal/service/releases.go:43.3,43.102 1 23
github.com/gschiano/charm-registry/internal/service/releases.go:43.102,45.4 1 1
github.com/gschiano/charm-registry/internal/service/releases.go:46.3,46.28 1 22
github.com/gschiano/charm-registry/internal/service/releases.go:46.28,48.4 1 22
github.com/gschiano/charm-registry/internal/service/releases.go:49.3,49.23 1 22
github.com/gschiano/charm-registry/internal/service/releases.go:49.23,51.4 1 22
github.com/gschiano/charm-registry/internal/service/releases.go:52.3,52.80 1 22
github.com/gschiano/charm-registry/internal/service/releases.go:52.80,54.4 1 1
github.com/gschiano/charm-registry/internal/service/releases.go:55.3,55.69 1 21
github.com/gschiano/charm-registry/internal/service/releases.go:55.69,57.4 1 0
github.com/gschiano/charm-registry/internal/service/releases.go:58.3,58.39 1 21
github.com/gschiano/charm-registry/internal/service/releases.go:60.2,62.55 3 17
github.com/gschiano/charm-registry/internal/service/releases.go:62.55,64.3 1 0
github.com/gschiano/charm-registry/internal/service/releases.go:65.2,65.22 1 17
github.com/gschiano/charm-registry/internal/service/releases.go:73.9,74.32 1 23
github.com/gschiano/charm-registry/internal/service/releases.go:74.32,75.26 1 8
github.com/gschiano/charm-registry/internal/service/releases.go:75.26,76.12 1 2
github.com/gschiano/charm-registry/internal/service/releases.go:78.3,79.17 2 6
github.com/gschiano/charm-registry/internal/service/releases.go:79.17,81.4 1 0
github.com/gschiano/charm-registry/internal/service/releases.go:82.3,83.17 2 6
github.com/gschiano/charm-registry/internal/service/releases.go:83.17,85.4 1 0
github.com/gschiano/charm-registry/internal/service/releases.go:86.3,86.102 1 6
github.com/gschiano/charm-registry/internal/service/releases.go:86.102,96.4 1 1
github.com/gschiano/charm-registry/internal/service/releases.go:98.2,98.12 1 22
github.com/gschiano/charm-registry/internal/service/releases.go:105.119,107.16 2 5
github.com/gschiano/charm-registry/internal/service/releases.go:107.16,109.3 1 1
github.com/gschiano/charm-registry/internal/service/releases.go:110.2,110.71 1 4
github.com/gschiano/charm-registry/internal/service/releases.go:110.71,112.3 1 1
github.com/gschiano/charm-registry/internal/service/releases.go:113.2,114.16 2 3
github.com/gschiano/charm-registry/internal/service/releases.go:114.16,116.3 1 0
github.com/gschiano/charm-registry/internal/service/releases.go:117.2,118.16 2 3
github.com/gschiano/charm-registry/internal/service/releases.go:118.16,120.3 1 0
github.com/gschiano/charm-registry/internal/service/releases.go:121.2,123.35 3 3
github.com/gschiano/charm-registry/internal/service/releases.go:123.35,125.17 2 5
github.com/gschiano/charm-registry/internal/service/releases.go:125.17,127.4 1 0
github.com/gschiano/charm-registry/internal/service/releases.go:128.3,136.5 2 5
github.com/gschiano/charm-registry/internal/service/releases.go:138.2,139.40 2 3
github.com/gschiano/charm-registry/internal/service/releases.go:139.40,150.3 1 4
github.com/gschiano/charm-registry/internal/service/releases.go:151.2,153.23 1 3
github.com/gschiano/charm-registry/internal/service/releases.go:153.23,153.97 1 1
github.com/gschiano/charm-registry/internal/service/releases.go:155.2,162.8 1 3
github.com/gschiano/charm-registry/internal/service/releases.go:174.16,176.16 2 5
github.com/gschiano/charm-registry/internal/service/releases.go:176.16,178.3 1 1
github.com/gschiano/charm-registry/internal/service/releases.go:179.2,179.94 1 4
github.com/gschiano/charm-registry/internal/service/releases.go:179.94,181.3 1 1
github.com/gschiano/charm-registry/internal/service/releases.go:182.2,183.28 2 3
github.com/gschiano/charm-registry/internal/service/releases.go:183.28,184.39 1 5
github.com/gschiano/charm-registry/internal/service/releases.go:184.39,186.4 1 5
github.com/gschiano/charm-registry/internal/service/releases.go:188.2,188.49 1 3
github.com/gschiano/charm-registry/internal/service/releases.go:198.120,200.41 2 10
github.com/gschiano/charm-registry/internal/service/releases.go:200.41,202.17 2 10
github.com/gschiano/charm-registry/internal/service/releases.go:202.17,206.4 1 0
github.com/gschiano/charm-registry/internal/service/releases.go:207.3,207.34 1 10
github.com/gschiano/charm-registry/internal/service/releases.go:209.2,212.8 1 10
github.com/gschiano/charm-registry/internal/service/releases.go:223.27,224.52 1 10
github.com/gschiano/charm-registry/internal/service/releases.go:224.52,230.3 1 4
github.com/gschiano/charm-registry/internal/service/releases.go:232.2,233.16 2 10
github.com/gschiano/charm-registry/internal/service/releases.go:233.16,235.30 2 1
github.com/gschiano/charm-registry/internal/service/releases.go:235.30,237.4 1 1
github.com/gschiano/charm-registry/internal/service/releases.go:238.3,238.18 1 0
github.com/gschiano/charm-registry/internal/service/releases.go:241.2,241.72 1 9
github.com/gschiano/charm-registry/internal/service/releases.go:241.72,243.30 2 0
github.com/gschiano/charm-registry/internal/service/releases.go:243.30,245.4 1 0
github.com/gschiano/charm-registry/internal/service/releases.go:246.3,246.18 1 0
github.com/gschiano/charm-registry/internal/service/releases.go:249.2,250.16 2 9
github.com/gschiano/charm-registry/internal/service/releases.go:250.16,252.30 2 3
github.com/gschiano/charm-registry/internal/service/releases.go:252.30,254.4 1 3
github.com/gschiano/charm-registry/internal/service/releases.go:255.3,255.18 1 0
github.com/gschiano/charm-registry/internal/service/releases.go:258.2,268.27 3 6
github.com/gschiano/charm-registry/internal/service/releases.go:268.27,270.3 1 5
github.com/gschiano/charm-registry/internal/service/releases.go:271.2,271.18 1 6
github.com/gschiano/charm-registry/internal/service/releases.go:274.109,275.46 1 10
github.com/gschiano/charm-registry/internal/service/releases.go:275.46,278.3 2 8
github.com/gschiano/charm-registry/internal/service/releases.go:279.2,279.42 1 2
github.com/gschiano/charm-registry/internal/service/releases.go:279.42,282.3 2 1
github.com/gschiano/charm-registry/internal/service/releases.go:283.2,283.99 1 1
github.com/gschiano/charm-registry/internal/service/releases.go:290.81,292.16 2 9
github.com/gschiano/charm-registry/internal/service/releases.go:292.16,294.3 1 3
github.com/gschiano/charm-registry/internal/service/releases.go:295.2,296.16 2 6
github.com/gschiano/charm-registry/internal/service/releases.go:296.16,298.3 1 0
github.com/gschiano/charm-registry/internal/service/releases.go:299.2,300.16 2 6
github.com/gschiano/charm-registry/internal/service/releases.go:300.16,302.3 1 0
github.com/gschiano/charm-registry/internal/service/releases.go:303.2,304.16 2 6
github.com/gschiano/charm-registry/internal/service/releases.go:304.16,306.3 1 0
github.com/gschiano/charm-registry/internal/service/releases.go:307.2,307.61 1 6
[...]
github.com/gschiano/charm-registry/internal/service/releases.go:338.17,340.4 1 0
github.com/gschiano/charm-registry/internal/service/releases.go:341.3,341.51 1 3
github.com/gschiano/charm-registry/internal/service/releases.go:344.2,345.16 2 3
github.com/gschiano/charm-registry/internal/service/releases.go:345.16,347.3 1 1
github.com/gschiano/charm-registry/internal/service/releases.go:348.2,349.16 2 2
github.com/gschiano/charm-registry/internal/service/releases.go:349.16,351.3 1 0
github.com/gschiano/charm-registry/internal/service/releases.go:352.2,352.65 1 2
github.com/gschiano/charm-registry/internal/service/releases.go:360.36,361.25 1 6
github.com/gschiano/charm-registry/internal/service/releases.go:361.25,363.3 1 5
github.com/gschiano/charm-registry/internal/service/releases.go:364.2,365.32 2 1
github.com/gschiano/charm-registry/internal/service/releases.go:365.32,366.26 1 1
github.com/gschiano/charm-registry/internal/service/releases.go:366.26,368.4 1 1
github.com/gschiano/charm-registry/internal/service/releases.go:370.2,370.35 1 1
github.com/gschiano/charm-registry/internal/service/releases.go:370.35,372.10 2 1
github.com/gschiano/charm-registry/internal/service/releases.go:372.10,373.12 1 0
github.com/gschiano/charm-registry/internal/service/releases.go:375.3,376.17 2 1
github.com/gschiano/charm-registry/internal/service/releases.go:376.17,378.4 1 0
github.com/gschiano/charm-registry/internal/service/releases.go:379.3,380.17 2 1
github.com/gschiano/charm-registry/internal/service/releases.go:380.17,382.4 1 0
github.com/gschiano/charm-registry/internal/service/releases.go:383.3,383.69 1 1
github.com/gschiano/charm-registry/internal/service/releases.go:385.2,385.23 1 1
github.com/gschiano/charm-registry/internal/service/releases.go:393.36,395.40 2 11
github.com/gschiano/charm-registry/internal/service/releases.go:395.40,397.17 2 7
github.com/gschiano/charm-registry/internal/service/releases.go:397.17,399.4 1 0
github.com/gschiano/charm-registry/internal/service/releases.go:400.3,400.26 1 7
github.com/gschiano/charm-registry/internal/service/releases.go:400.26,401.12 1 1
github.com/gschiano/charm-registry/internal/service/releases.go:403.3,404.17 2 6
github.com/gschiano/charm-registry/internal/service/releases.go:404.17,406.4 1 0
github.com/gschiano/charm-registry/internal/service/releases.go:407.3,407.67 1 6
github.com/gschiano/charm-registry/internal/service/releases.go:409.2,409.17 1 11
github.com/gschiano/charm-registry/internal/service/releases.go:417.18,441.2 1 6
github.com/gschiano/charm-registry/internal/service/releases.go:448.48,450.21 2 15
github.com/gschiano/charm-registry/internal/service/releases.go:450.21,452.3 1 3
github.com/gschiano/charm-registry/internal/service/releases.go:453.2,453.54 1 12
github.com/gschiano/charm-registry/internal/service/releases.go:459.46,460.53 1 9
github.com/gschiano/charm-registry/internal/service/releases.go:460.53,462.3 1 9
github.com/gschiano/charm-registry/internal/service/releases.go:463.2,463.28 1 0
github.com/gschiano/charm-registry/internal/service/releases.go:466.60,467.22 1 5
github.com/gschiano/charm-registry/internal/service/releases.go:467.22,469.3 1 1
github.com/gschiano/charm-registry/internal/service/releases.go:470.2,471.31 2 5
github.com/gschiano/charm-registry/internal/service/releases.go:471.31,478.3 1 6
github.com/gschiano/charm-registry/internal/service/releases.go:479.2,479.17 1 5
github.com/gschiano/charm-registry/internal/service/releases.go:482.77,490.2 1 24
github.com/gschiano/charm-registry/internal/service/resources.go:25.29,27.16 2 5
github.com/gschiano/charm-registry/internal/service/resources.go:27.16,29.3 1 1
github.com/gschiano/charm-registry/internal/service/resources.go:30.2,30.71 1 4
github.com/gschiano/charm-registry/internal/service/resources.go:30.71,32.3 1 1
github.com/gschiano/charm-registry/internal/service/resources.go:33.2,34.16 2 3
github.com/gschiano/charm-registry/internal/service/resources.go:34.16,36.3 1 0
github.com/gschiano/charm-registry/internal/service/resources.go:37.2,38.27 2 3
github.com/gschiano/charm-registry/internal/service/resources.go:38.27,40.17 2 4
github.com/gschiano/charm-registry/internal/service/resources.go:40.17,42.4 1 0
github.com/gschiano/charm-registry/internal/service/resources.go:43.3,44.20 2 4
github.com/gschiano/charm-registry/internal/service/resources.go:44.20,46.4 1 1
github.com/gschiano/charm-registry/internal/service/resources.go:47.3,52.5 1 4
github.com/gschiano/charm-registry/internal/service/resources.go:54.2,54.17 1 3
github.com/gschiano/charm-registry/internal/service/resources.go:66.19,68.16 2 18
github.com/gschiano/charm-registry/internal/service/resources.go:68.16,70.3 1 1
github.com/gschiano/charm-registry/internal/service/resources.go:71.2,71.95 1 17
github.com/gschiano/charm-registry/internal/service/resources.go:71.95,73.3 1 0
github.com/gschiano/charm-registry/internal/service/resources.go:74.2,75.16 2 17
github.com/gschiano/charm-registry/internal/service/resources.go:75.16,77.3 1 1
github.com/gschiano/charm-registry/internal/service/resources.go:78.2,79.16 2 16
github.com/gschiano/charm-registry/internal/service/resources.go:79.16,81.3 1 1
github.com/gschiano/charm-registry/internal/service/resources.go:82.2,82.32 1 15
github.com/gschiano/charm-registry/internal/service/resources.go:82.32,83.90 1 1
github.com/gschiano/charm-registry/internal/service/resources.go:83.90,85.4 1 0
github.com/gschiano/charm-registry/internal/service/resources.go:87.2,88.16 2 15
github.com/gschiano/charm-registry/internal/service/resources.go:88.16,90.3 1 0
github.com/gschiano/charm-registry/internal/service/resources.go:91.2,92.16 2 15
github.com/gschiano/charm-registry/internal/service/resources.go:92.16,94.3 1 0
github.com/gschiano/charm-registry/internal/service/resources.go:95.2,96.23 2 15
github.com/gschiano/charm-registry/internal/service/resources.go:96.23,98.3 1 1
github.com/gschiano/charm-registry/internal/service/resources.go:99.2,121.42 5 15
github.com/gschiano/charm-registry/internal/service/resources.go:121.42,125.62 2 2
github.com/gschiano/charm-registry/internal/service/resources.go:125.62,127.4 1 0
github.com/gschiano/charm-registry/internal/service/resources.go:128.3,130.46 3 2
github.com/gschiano/charm-registry/internal/service/resources.go:132.2,132.77 1 15
github.com/gschiano/charm-registry/internal/service/resources.go:132.77,134.3 1 0
github.com/gschiano/charm-registry/internal/service/resources.go:135.2,135.83 1 15
github.com/gschiano/charm-registry/internal/service/resources.go:135.83,137.3 1 0
github.com/gschiano/charm-registry/internal/service/resources.go:138.2,138.93 1 15
github.com/gschiano/charm-registry/internal/service/resources.go:149.36,151.16 2 5
github.com/gschiano/charm-registry/internal/service/resources.go:151.16,153.3 1 1
github.com/gschiano/charm-registry/internal/service/resources.go:154.2,154.71 1 4
github.com/gschiano/charm-registry/internal/service/resources.go:154.71,156.3 1 0
github.com/gschiano/charm-registry/internal/service/resources.go:157.2,158.16 2 4
github.com/gschiano/charm-registry/internal/service/resources.go:158.16,160.3 1 1
github.com/gschiano/charm-registry/internal/service/resources.go:161.2,162.16 2 3
github.com/gschiano/charm-registry/internal/service/resources.go:162.16,164.3 1 0
github.com/gschiano/charm-registry/internal/service/resources.go:165.2,165.63 1 3
github.com/gschiano/charm-registry/internal/service/resources.go:177.16,179.16 2 3
github.com/gschiano/charm-registry/internal/service/resources.go:179.16,181.3 1 1
github.com/gschiano/charm-registry/internal/service/resources.go:182.2,182.95 1 2
github.com/gschiano/charm-registry/internal/service/resources.go:182.95,184.3 1 0
github.com/gschiano/charm-registry/internal/service/resources.go:185.2,186.16 2 2
github.com/gschiano/charm-registry/internal/service/resources.go:186.16,188.3 1 1
github.com/gschiano/charm-registry/internal/service/resources.go:189.2,190.53 2 1
github.com/gschiano/charm-registry/internal/service/resources.go:190.53,192.17 2 1
github.com/gschiano/charm-registry/internal/service/resources.go:192.17,194.4 1 0
github.com/gschiano/charm-registry/internal/service/resources.go:195.3,197.66 3 1
github.com/gschiano/charm-registry/internal/service/resources.go:197.66,199.4 1 0
github.com/gschiano/charm-registry/internal/service/resources.go:200.3,200.12 1 1
github.com/gschiano/charm-registry/internal/service/resources.go:202.2,202.21 1 1
github.com/gschiano/charm-registry/internal/service/resources.go:213.27,215.16 2 5
github.com/gschiano/charm-registry/internal/service/resources.go:215.16,217.3 1 1
github.com/gschiano/charm-registry/internal/service/resources.go:218.2,218.95 1 4
github.com/gschiano/charm-registry/internal/service/resources.go:218.95,220.3 1 1
github.com/gschiano/charm-registry/internal/service/resources.go:221.2,221.83 1 3
github.com/gschiano/charm-registry/internal/service/resources.go:221.83,223.3 1 1
github.com/gschiano/charm-registry/internal/service/resources.go:224.2,225.16 2 2
github.com/gschiano/charm-registry/internal/service/resources.go:225.16,227.3 1 0
github.com/gschiano/charm-registry/internal/service/resources.go:228.2,229.16 2 2
github.com/gschiano/charm-registry/internal/service/resources.go:229.16,231.3 1 0
github.com/gschiano/charm-registry/internal/service/resources.go:232.2,233.16 2 2
github.com/gschiano/charm-registry/internal/service/resources.go:233.16,235.3 1 0
github.com/gschiano/charm-registry/internal/service/resources.go:236.2,240.8 1 2
github.com/gschiano/charm-registry/internal/service/resources.go:251.19,253.16 2 2
github.com/gschiano/charm-registry/internal/service/resources.go:253.16,255.3 1 0
github.com/gschiano/charm-registry/internal/service/resources.go:256.2,256.95 1 2
github.com/gschiano/charm-registry/internal/service/resources.go:256.95,258.3 1 0
github.com/gschiano/charm-registry/internal/service/resources.go:259.2,259.83 1 2
github.com/gschiano/charm-registry/internal/service/resources.go:259.83,261.3 1 0
github.com/gschiano/charm-registry/internal/service/resources.go:262.2,263.16 2 2
github.com/gschiano/charm-registry/internal/service/resources.go:263.16,265.3 1 0
github.com/gschiano/charm-registry/internal/service/resources.go:266.2,267.16 2 2
github.com/gschiano/charm-registry/internal/service/resources.go:267.16,269.3 1 0
github.com/gschiano/charm-registry/internal/service/resources.go:270.2,271.16 2 2
github.com/gschiano/charm-registry/internal/service/resources.go:271.16,273.3 1 0
github.com/gschiano/charm-registry/internal/service/resources.go:274.2,281.29 3 2
github.com/gschiano/charm-registry/internal/service/resources.go:293.19,295.16 2 5
github.com/gschiano/charm-registry/internal/service/resources.go:295.16,297.3 1 1
github.com/gschiano/charm-registry/internal/service/resources.go:298.2,298.72 1 4
github.com/gschiano/charm-registry/internal/service/resources.go:298.72,300.3 1 0
github.com/gschiano/charm-registry/internal/service/resources.go:301.2,302.16 2 4
github.com/gschiano/charm-registry/internal/service/resources.go:302.16,304.3 1 1
github.com/gschiano/charm-registry/internal/service/resources.go:305.2,306.16 2 3
github.com/gschiano/charm-registry/internal/service/resources.go:306.16,308.3 1 1
github.com/gschiano/charm-registry/internal/service/resources.go:309.2,309.30 1 2
github.com/gschiano/charm-registry/internal/service/resources.go:309.30,311.17 2 1
github.com/gschiano/charm-registry/internal/service/resources.go:311.17,313.4 1 0
github.com/gschiano/charm-registry/internal/service/resources.go:314.3,314.87 1 1
github.com/gschiano/charm-registry/internal/service/resources.go:316.2,316.45 1 1
github.com/gschiano/charm-registry/internal/service/resources.go:319.92,321.16 2 1
github.com/gschiano/charm-registry/internal/service/resources.go:321.16,323.3 1 0
github.com/gschiano/charm-registry/internal/service/resources.go:324.2,325.16 2 1
github.com/gschiano/charm-registry/internal/service/resources.go:325.16,327.3 1 0
github.com/gschiano/charm-registry/internal/service/resources.go:328.2,335.16 3 1
github.com/gschiano/charm-registry/internal/service/resources.go:335.16,337.3 1 0
github.com/gschiano/charm-registry/internal/service/resources.go:338.2,338.24 1 1
github.com/gschiano/charm-registry/internal/service/resources.go:345.20,347.37 2 11
github.com/gschiano/charm-registry/internal/service/resources.go:347.37,368.3 1 6
github.com/gschiano/charm-registry/internal/service/resources.go:369.2,369.12 1 11
github.com/gschiano/charm-registry/internal/service/resources.go:376.36,377.16 1 3
github.com/gschiano/charm-registry/internal/service/resources.go:377.16,379.3 1 0
github.com/gschiano/charm-registry/internal/service/resources.go:380.2,380.35 1 3
github.com/gschiano/charm-registry/internal/service/resources.go:380.35,382.3 1 4
github.com/gschiano/charm-registry/internal/service/resources.go:383.2,383.23 1 3
github.com/gschiano/charm-registry/internal/service/resources.go:386.110,396.2 2 11
github.com/gschiano/charm-registry/internal/service/revisions.go:25.107,31.83 6 64
github.com/gschiano/charm-registry/internal/service/revisions.go:31.83,33.3 1 0
github.com/gschiano/charm-registry/internal/service/revisions.go:34.2,45.57 2 64
github.com/gschiano/charm-registry/internal/service/revisions.go:45.57,47.3 1 0
github.com/gschiano/charm-registry/internal/service/revisions.go:48.2,48.20 1 64
github.com/gschiano/charm-registry/internal/service/revisions.go:52.65,54.2 1 0
github.com/gschiano/charm-registry/internal/service/revisions.go:65.19,67.16 2 48
github.com/gschiano/charm-registry/internal/service/revisions.go:67.16,69.3 1 1
github.com/gschiano/charm-registry/internal/service/revisions.go:70.2,70.95 1 47
github.com/gschiano/charm-registry/internal/service/revisions.go:70.95,72.3 1 1
github.com/gschiano/charm-registry/internal/service/revisions.go:73.2,74.16 2 46
github.com/gschiano/charm-registry/internal/service/revisions.go:74.16,76.3 1 1
github.com/gschiano/charm-registry/internal/service/revisions.go:77.2,78.16 2 45
github.com/gschiano/charm-registry/internal/service/revisions.go:78.16,80.3 1 0
github.com/gschiano/charm-registry/internal/service/revisions.go:81.2,82.16 2 45
github.com/gschiano/charm-registry/internal/service/revisions.go:82.16,86.3 3 1
github.com/gschiano/charm-registry/internal/service/revisions.go:87.2,89.16 3 44
github.com/gschiano/charm-registry/internal/service/revisions.go:89.16,91.3 1 3
github.com/gschiano/charm-registry/internal/service/revisions.go:91.8,91.46 1 41
github.com/gschiano/charm-registry/internal/service/revisions.go:91.46,93.3 1 0
github.com/gschiano/charm-registry/internal/service/revisions.go:94.2,124.56 3 44
github.com/gschiano/charm-registry/internal/service/revisions.go:124.56,126.3 1 0
github.com/gschiano/charm-registry/internal/service/revisions.go:127.2,127.83 1 44
github.com/gschiano/charm-registry/internal/service/revisions.go:127.83,129.3 1 0
github.com/gschiano/charm-registry/internal/service/revisions.go:130.2,136.23 7 44
github.com/gschiano/charm-registry/internal/service/revisions.go:136.23,138.3 1 44
github.com/gschiano/charm-registry/internal/service/revisions.go:139.2,140.55 2 44
github.com/gschiano/charm-registry/internal/service/revisions.go:140.55,142.3 1 0
github.com/gschiano/charm-registry/internal/service/revisions.go:143.2,143.57 1 44
github.com/gschiano/charm-registry/internal/service/revisions.go:143.57,154.17 2 88
github.com/gschiano/charm-registry/internal/service/revisions.go:154.17,156.4 1 0
github.com/gschiano/charm-registry/internal/service/revisions.go:158.2,158.93 1 44
github.com/gschiano/charm-registry/internal/service/revisions.go:169.27,171.16 2 3
github.com/gschiano/charm-registry/internal/service/revisions.go:171.16,173.3 1 0
github.com/gschiano/charm-registry/internal/service/revisions.go:174.2,174.71 1 3
github.com/gschiano/charm-registry/internal/service/revisions.go:174.71,176.3 1 1
github.com/gschiano/charm-registry/internal/service/revisions.go:177.2,178.16 2 2
github.com/gschiano/charm-registry/internal/service/revisions.go:178.16,180.3 1 1
github.com/gschiano/charm-registry/internal/service/revisions.go:181.2,188.8 1 1
github.com/gschiano/charm-registry/internal/service/revisions.go:200.28,202.16 2 5
github.com/gschiano/charm-registry/internal/service/revisions.go:202.16,204.3 1 1
github.com/gschiano/charm-registry/internal/service/revisions.go:205.2,205.71 1 4
github.com/gschiano/charm-registry/internal/service/revisions.go:205.71,207.3 1 1
github.com/gschiano/charm-registry/internal/service/revisions.go:208.2,208.52 1 3
github.com/gschiano/charm-registry/internal/service/revisions.go:220.19,222.16 2 4
github.com/gschiano/charm-registry/internal/service/revisions.go:222.16,224.3 1 1
github.com/gschiano/charm-registry/internal/service/revisions.go:225.2,225.72 1 3
github.com/gschiano/charm-registry/internal/service/revisions.go:225.72,227.3 1 1
github.com/gschiano/charm-registry/internal/service/revisions.go:228.2,229.16 2 2
github.com/gschiano/charm-registry/internal/service/revisions.go:229.16,231.3 1 1
github.com/gschiano/charm-registry/internal/service/revisions.go:232.2,232.45 1 1
github.com/gschiano/charm-registry/internal/service/revisions.go:235.97,258.2 1 11
github.com/gschiano/charm-registry/internal/service/service.go:126.101,128.2 1 128
github.com/gschiano/charm-registry/internal/service/service.go:131.49,139.2 1 1
github.com/gschiano/charm-registry/internal/service/tokens.go:22.26,23.26 1 4
github.com/gschiano/charm-registry/internal/service/tokens.go:23.26,25.3 1 1
github.com/gschiano/charm-registry/internal/service/tokens.go:26.2,36.16 2 3
github.com/gschiano/charm-registry/internal/service/tokens.go:36.16,38.3 1 0
github.com/gschiano/charm-registry/internal/service/tokens.go:39.2,43.8 1 3
github.com/gschiano/charm-registry/internal/service/tokens.go:54.36,55.48 1 6
github.com/gschiano/charm-registry/internal/service/tokens.go:55.48,57.3 1 1
github.com/gschiano/charm-registry/internal/service/tokens.go:58.2,59.27 2 5
github.com/gschiano/charm-registry/internal/service/tokens.go:59.27,61.3 1 3
github.com/gschiano/charm-registry/internal/service/tokens.go:62.2,63.36 2 5
github.com/gschiano/charm-registry/internal/service/tokens.go:63.36,65.3 1 1
github.com/gschiano/charm-registry/internal/service/tokens.go:66.2,67.16 2 5
github.com/gschiano/charm-registry/internal/service/tokens.go:67.16,69.3 1 0
github.com/gschiano/charm-registry/internal/service/tokens.go:70.2,82.60 3 5
github.com/gschiano/charm-registry/internal/service/tokens.go:82.60,84.3 1 0
github.com/gschiano/charm-registry/internal/service/tokens.go:85.2,85.24 1 5
github.com/gschiano/charm-registry/internal/service/tokens.go:92.120,94.27 2 2
github.com/gschiano/charm-registry/internal/service/tokens.go:94.27,98.3 3 1
github.com/gschiano/charm-registry/internal/service/tokens.go:99.2,100.17 2 2
github.com/gschiano/charm-registry/internal/service/tokens.go:111.30,112.48 1 3
github.com/gschiano/charm-registry/internal/service/tokens.go:112.48,114.3 1 1
github.com/gschiano/charm-registry/internal/service/tokens.go:115.2,115.74 1 2
github.com/gschiano/charm-registry/internal/service/tokens.go:122.105,123.48 1 2
github.com/gschiano/charm-registry/internal/service/tokens.go:123.48,125.3 1 1
github.com/gschiano/charm-registry/internal/service/tokens.go:126.2,126.90 1 1
github.com/gschiano/charm-registry/internal/service/tokens.go:133.80,134.48 1 3
github.com/gschiano/charm-registry/internal/service/tokens.go:134.48,136.3 1 1
github.com/gschiano/charm-registry/internal/service/tokens.go:137.2,140.27 4 2
github.com/gschiano/charm-registry/internal/service/tokens.go:140.27,144.3 3 1
github.com/gschiano/charm-registry/internal/service/tokens.go:145.2,157.8 1 2
github.com/gschiano/charm-registry/internal/service/tokens.go:164.84,165.48 1 2
github.com/gschiano/charm-registry/internal/service/tokens.go:165.48,167.3 1 1
github.com/gschiano/charm-registry/internal/service/tokens.go:168.2,175.8 1 1
