mode: atomic
github.com/gschiano/charm-registry/internal/blob/store.go:29.36,31.2 1 5
github.com/gschiano/charm-registry/internal/blob/store.go:34.90,39.2 4 6
github.com/gschiano/charm-registry/internal/blob/store.go:42.74,46.9 4 7
github.com/gschiano/charm-registry/internal/blob/store.go:46.9,48.3 1 1
github.com/gschiano/charm-registry/internal/blob/store.go:49.2,49.45 1 6
github.com/gschiano/charm-registry/internal/blob/store.go:71.84,78.2 1 9
github.com/gschiano/charm-registry/internal/blob/store.go:85.75,89.60 2 0
github.com/gschiano/charm-registry/internal/blob/store.go:89.60,95.3 1 0
github.com/gschiano/charm-registry/internal/blob/store.go:96.2,96.26 1 0
github.com/gschiano/charm-registry/internal/blob/store.go:96.26,98.3 1 0
github.com/gschiano/charm-registry/internal/blob/store.go:99.2,100.16 2 0
github.com/gschiano/charm-registry/internal/blob/store.go:100.16,102.3 1 0
github.com/gschiano/charm-registry/internal/blob/store.go:103.2,103.60 1 0
github.com/gschiano/charm-registry/internal/blob/store.go:103.60,105.3 1 0
github.com/gschiano/charm-registry/internal/blob/store.go:107.2,108.48 2 0
github.com/gschiano/charm-registry/internal/blob/store.go:108.48,110.3 1 0
github.com/gschiano/charm-registry/internal/blob/store.go:111.2,111.19 1 0
github.com/gschiano/charm-registry/internal/blob/store.go:114.59,116.16 2 5
github.com/gschiano/charm-registry/internal/blob/store.go:116.16,118.3 1 1
github.com/gschiano/charm-registry/internal/blob/store.go:119.2,120.57 2 4
github.com/gschiano/charm-registry/internal/blob/store.go:120.57,124.3 1 1
github.com/gschiano/charm-registry/internal/blob/store.go:125.2,126.12 2 4
github.com/gschiano/charm-registry/internal/blob/store.go:130.98,138.2 2 2
github.com/gschiano/charm-registry/internal/blob/store.go:141.72,146.16 2 2
github.com/gschiano/charm-registry/internal/blob/store.go:146.16,148.3 1 1
github.com/gschiano/charm-registry/internal/blob/store.go:149.2,150.30 2 1
github.com/gschiano/charm-registry/internal/charm/archive.go:22.62,24.16 2 9
github.com/gschiano/charm-registry/internal/charm/archive.go:24.16,26.3 1 1
github.com/gschiano/charm-registry/internal/charm/archive.go:28.2,29.35 2 8
github.com/gschiano/charm-registry/internal/charm/archive.go:29.35,32.17 3 12
github.com/gschiano/charm-registry/internal/charm/archive.go:32.17,34.4 1 0
github.com/gschiano/charm-registry/internal/charm/archive.go:35.3,35.10 1 12
github.com/gschiano/charm-registry/internal/charm/archive.go:36.49,37.42 1 7
github.com/gschiano/charm-registry/internal/charm/archive.go:38.47,39.40 1 2
github.com/gschiano/charm-registry/internal/charm/archive.go:40.48,41.41 1 1
github.com/gschiano/charm-registry/internal/charm/archive.go:42.47,43.40 1 1
github.com/gschiano/charm-registry/internal/charm/archive.go:44.45,45.38 1 1
github.com/gschiano/charm-registry/internal/charm/archive.go:49.2,49.32 1 8
github.com/gschiano/charm-registry/internal/charm/archive.go:49.32,51.3 1 1
github.com/gschiano/charm-registry/internal/charm/archive.go:52.2,52.88 1 7
github.com/gschiano/charm-registry/internal/charm/archive.go:52.88,54.3 1 1
github.com/gschiano/charm-registry/internal/charm/archive.go:55.2,56.21 2 6
github.com/gschiano/charm-registry/internal/charm/archive.go:61.63,62.31 1 6
github.com/gschiano/charm-registry/internal/charm/archive.go:62.31,64.3 1 5
github.com/gschiano/charm-registry/internal/charm/archive.go:65.2,65.32 1 6
github.com/gschiano/charm-registry/internal/charm/archive.go:65.32,67.3 1 3
github.com/gschiano/charm-registry/internal/charm/archive.go:68.2,68.48 1 3
github.com/gschiano/charm-registry/internal/charm/archive.go:68.48,69.31 1 3
github.com/gschiano/charm-registry/internal/charm/archive.go:69.31,70.12 1 1
github.com/gschiano/charm-registry/internal/charm/archive.go:72.3,72.67 1 2
github.com/gschiano/charm-registry/internal/charm/archive.go:72.67,76.4 1 1
github.com/gschiano/charm-registry/internal/charm/archive.go:81.40,82.29 1 9
github.com/gschiano/charm-registry/internal/charm/archive.go:83.14,84.18 1 2
github.com/gschiano/charm-registry/internal/charm/archive.go:84.18,86.4 1 1
github.com/gschiano/charm-registry/internal/charm/archive.go:87.3,87.25 1 1
github.com/gschiano/charm-registry/internal/charm/archive.go:88.13,90.30 2 4
github.com/gschiano/charm-registry/internal/charm/archive.go:90.30,91.49 1 7
github.com/gschiano/charm-registry/internal/charm/archive.go:91.49,93.5 1 5
github.com/gschiano/charm-registry/internal/charm/archive.go:95.3,95.13 1 4
github.com/gschiano/charm-registry/internal/charm/archive.go:96.16,97.41 1 1
github.com/gschiano/charm-registry/internal/charm/archive.go:98.10,99.13 1 2
github.com/gschiano/charm-registry/internal/charm/archive.go:103.50,105.16 2 12
github.com/gschiano/charm-registry/internal/charm/archive.go:105.16,107.3 1 0
github.com/gschiano/charm-registry/internal/charm/archive.go:108.2,109.27 2 12
github.com/gschiano/charm-registry/internal/api/http.go:32.99,81.2 41 80
github.com/gschiano/charm-registry/internal/api/http.go:83.64,85.16 2 163
github.com/gschiano/charm-registry/internal/api/http.go:85.16,89.3 1 29
github.com/gschiano/charm-registry/internal/api/http.go:90.2,90.58 1 134
github.com/gschiano/charm-registry/internal/api/http.go:93.63,94.71 1 80
github.com/gschiano/charm-registry/internal/api/http.go:94.71,101.3 5 182
github.com/gschiano/charm-registry/internal/api/http.go:104.84,109.47 5 80
github.com/gschiano/charm-registry/internal/api/http.go:109.47,111.35 2 14
github.com/gschiano/charm-registry/internal/api/http.go:111.35,117.4 1 1
github.com/gschiano/charm-registry/internal/api/http.go:118.3,118.13 1 13
github.com/gschiano/charm-registry/internal/api/http.go:120.2,120.55 1 66
github.com/gschiano/charm-registry/internal/api/http.go:120.55,122.3 1 1
github.com/gschiano/charm-registry/internal/api/http.go:123.2,123.12 1 65
github.com/gschiano/charm-registry/internal/api/http.go:126.64,130.2 3 174
github.com/gschiano/charm-registry/internal/api/http.go:132.51,133.16 1 77
github.com/gschiano/charm-registry/internal/api/http.go:133.16,135.3 1 0
github.com/gschiano/charm-registry/internal/api/http.go:136.2,137.33 2 77
github.com/gschiano/charm-registry/internal/api/http.go:137.33,145.3 2 77
github.com/gschiano/charm-registry/internal/api/http.go:146.2,146.38 1 0
github.com/gschiano/charm-registry/internal/api/http.go:146.38,151.3 2 0
github.com/gschiano/charm-registry/internal/api/http.go:152.2,155.4 2 0
github.com/gschiano/charm-registry/internal/api/http.go:158.59,160.2 1 50
github.com/gschiano/charm-registry/internal/api/http.go:162.43,164.33 2 14
github.com/gschiano/charm-registry/internal/api/http.go:164.33,166.3 1 1
github.com/gschiano/charm-registry/internal/api/http.go:167.2,167.76 1 13
github.com/gschiano/charm-registry/internal/api/http.go:170.55,173.41 3 5
github.com/gschiano/charm-registry/internal/api/http.go:173.41,173.83 1 0
github.com/gschiano/charm-registry/internal/api/http.go:174.2,193.3 1 5
github.com/gschiano/charm-registry/internal/api/http.go:196.71,199.21 3 7
github.com/gschiano/charm-registry/internal/api/http.go:199.21,201.3 1 2
github.com/gschiano/charm-registry/internal/api/http.go:202.2,203.16 2 5
github.com/gschiano/charm-registry/internal/api/http.go:203.16,205.3 1 1
github.com/gschiano/charm-registry/internal/api/http.go:206.2,206.32 1 4
github.com/gschiano/charm-registry/internal/api/http.go:209.82,212.13 3 6
github.com/gschiano/charm-registry/internal/api/http.go:212.13,214.3 1 1
github.com/gschiano/charm-registry/internal/api/http.go:215.2,218.24 4 5
github.com/gschiano/charm-registry/internal/api/http.go:218.24,220.3 1 1
github.com/gschiano/charm-registry/internal/api/http.go:221.2,222.16 2 4
github.com/gschiano/charm-registry/internal/api/http.go:222.16,224.3 1 1
github.com/gschiano/charm-registry/internal/api/http.go:225.2,225.64 1 3
github.com/gschiano/charm-registry/internal/api/http_packages.go:11.77,13.16 2 32
github.com/gschiano/charm-registry/internal/api/http_packages.go:13.16,16.3 2 1
github.com/gschiano/charm-registry/internal/api/http_packages.go:17.2,22.49 2 31
github.com/gschiano/charm-registry/internal/api/http_packages.go:22.49,25.3 2 2
github.com/gschiano/charm-registry/internal/api/http_packages.go:26.2,27.24 2 29
github.com/gschiano/charm-registry/internal/api/http_packages.go:27.24,29.3 1 2
github.com/gschiano/charm-registry/internal/api/http_packages.go:30.2,31.16 2 29
github.com/gschiano/charm-registry/internal/api/http_packages.go:31.16,34.3 2 0
github.com/gschiano/charm-registry/internal/api/http_packages.go:35.2,35.59 1 29
github.com/gschiano/charm-registry/internal/api/http_packages.go:38.74,40.16 2 3
github.com/gschiano/charm-registry/internal/api/http_packages.go:40.16,43.3 2 1
github.com/gschiano/charm-registry/internal/api/http_packages.go:44.2,49.16 2 2
github.com/gschiano/charm-registry/internal/api/http_packages.go:49.16,52.3 2 0
github.com/gschiano/charm-registry/internal/api/http_packages.go:53.2,54.31 2 2
github.com/gschiano/charm-registry/internal/api/http_packages.go:54.31,56.3 1 3
github.com/gschiano/charm-registry/internal/api/http_packages.go:57.2,57.65 1 2
github.com/gschiano/charm-registry/internal/api/http_packages.go:60.72,62.16 2 4
github.com/gschiano/charm-registry/internal/api/http_packages.go:62.16,65.3 2 1
github.com/gschiano/charm-registry/internal/api/http_packages.go:66.2,67.16 2 3
github.com/gschiano/charm-registry/internal/api/http_packages.go:67.16,70.3 2 2
github.com/gschiano/charm-registry/internal/api/http_packages.go:71.2,71.79 1 1
github.com/gschiano/charm-registry/internal/api/http_packages.go:74.74,76.16 2 4
github.com/gschiano/charm-registry/internal/api/http_packages.go:76.16,79.3 2 1
github.com/gschiano/charm-registry/internal/api/http_packages.go:80.2,81.51 2 3
github.com/gschiano/charm-registry/internal/api/http_packages.go:81.51,84.3 2 1
github.com/gschiano/charm-registry/internal/api/http_packages.go:85.2,86.16 2 2
github.com/gschiano/charm-registry/internal/api/http_packages.go:86.16,89.3 2 1
github.com/gschiano/charm-registry/internal/api/http_packages.go:90.2,90.79 1 1
github.com/gschiano/charm-registry/internal/api/http_packages.go:93.75,95.16 2 4
github.com/gschiano/charm-registry/internal/api/http_packages.go:95.16,98.3 2 1
github.com/gschiano/charm-registry/internal/api/http_packages.go:99.2,100.16 2 3
github.com/gschiano/charm-registry/internal/api/http_packages.go:100.16,103.3 2 2
github.com/gschiano/charm-registry/internal/api/http_packages.go:104.2,104.70 1 1
github.com/gschiano/charm-registry/internal/api/http_releases.go:12.74,14.16 2 4
github.com/gschiano/charm-registry/internal/api/http_releases.go:14.16,17.3 2 1
github.com/gschiano/charm-registry/internal/api/http_releases.go:18.2,19.16 2 3
github.com/gschiano/charm-registry/internal/api/http_releases.go:19.16,22.3 2 1
github.com/gschiano/charm-registry/internal/api/http_releases.go:23.2,23.38 1 2
github.com/gschiano/charm-registry/internal/api/http_releases.go:26.69,28.16 2 6
github.com/gschiano/charm-registry/internal/api/http_releases.go:28.16,31.3 2 1
github.com/gschiano/charm-registry/internal/api/http_releases.go:32.2,37.49 2 5
github.com/gschiano/charm-registry/internal/api/http_releases.go:37.49,40.3 2 1
github.com/gschiano/charm-registry/internal/api/http_releases.go:41.2,42.27 2 4
github.com/gschiano/charm-registry/internal/api/http_releases.go:42.27,49.3 1 4
github.com/gschiano/charm-registry/internal/api/http_releases.go:50.2,51.16 2 4
github.com/gschiano/charm-registry/internal/api/http_releases.go:51.16,54.3 2 2
github.com/gschiano/charm-registry/internal/api/http_releases.go:55.2,55.67 1 2
github.com/gschiano/charm-registry/internal/api/http_releases.go:58.74,60.16 2 4
github.com/gschiano/charm-registry/internal/api/http_releases.go:60.16,63.3 2 1
github.com/gschiano/charm-registry/internal/api/http_releases.go:64.2,65.49 2 3
github.com/gschiano/charm-registry/internal/api/http_releases.go:65.49,68.3 2 1
github.com/gschiano/charm-registry/internal/api/http_releases.go:69.2,70.16 2 2
github.com/gschiano/charm-registry/internal/api/http_releases.go:70.16,73.3 2 1
github.com/gschiano/charm-registry/internal/api/http_releases.go:74.2,74.76 1 1
github.com/gschiano/charm-registry/internal/api/http_releases.go:77.66,79.16 2 3
github.com/gschiano/charm-registry/internal/api/http_releases.go:79.16,82.3 2 1
github.com/gschiano/charm-registry/internal/api/http_releases.go:83.2,84.16 2 2
github.com/gschiano/charm-registry/internal/api/http_releases.go:84.16,87.3 2 0
github.com/gschiano/charm-registry/internal/api/http_releases.go:88.2,88.38 1 2
github.com/gschiano/charm-registry/internal/api/http_releases.go:91.66,93.16 2 5
github.com/gschiano/charm-registry/internal/api/http_releases.go:93.16,96.3 2 1
github.com/gschiano/charm-registry/internal/api/http_releases.go:97.2,98.16 2 4
github.com/gschiano/charm-registry/internal/api/http_releases.go:98.16,101.3 2 2
github.com/gschiano/charm-registry/internal/api/http_releases.go:102.2,102.38 1 2
github.com/gschiano/charm-registry/internal/api/http_releases.go:105.69,107.16 2 6
github.com/gschiano/charm-registry/internal/api/http_releases.go:107.16,110.3 2 1
github.com/gschiano/charm-registry/internal/api/http_releases.go:111.2,112.49 2 5
github.com/gschiano/charm-registry/internal/api/http_releases.go:112.49,115.3 2 1
github.com/gschiano/charm-registry/internal/api/http_releases.go:116.2,117.16 2 4
github.com/gschiano/charm-registry/internal/api/http_releases.go:117.16,120.3 2 0
github.com/gschiano/charm-registry/internal/api/http_releases.go:121.2,121.38 1 4
github.com/gschiano/charm-registry/internal/api/http_resources.go:12.75,14.16 2 3
github.com/gschiano/charm-registry/internal/api/http_resources.go:14.16,17.3 2 1
github.com/gschiano/charm-registry/internal/api/http_resources.go:18.2,19.16 2 2
github.com/gschiano/charm-registry/internal/api/http_resources.go:19.16,22.3 2 1
github.com/gschiano/charm-registry/internal/api/http_resources.go:23.2,23.69 1 1
github.com/gschiano/charm-registry/internal/api/http_resources.go:26.83,28.16 2 3
github.com/gschiano/charm-registry/internal/api/http_resources.go:28.16,31.3 2 1
github.com/gschiano/charm-registry/internal/api/http_resources.go:32.2,38.16 2 2
github.com/gschiano/charm-registry/internal/api/http_resources.go:38.16,41.3 2 1
github.com/gschiano/charm-registry/internal/api/http_resources.go:42.2,43.37 2 1
github.com/gschiano/charm-registry/internal/api/http_resources.go:43.37,52.3 1 1
github.com/gschiano/charm-registry/internal/api/http_resources.go:53.2,53.64 1 1
github.com/gschiano/charm-registry/internal/api/http_resources.go:56.74,58.16 2 6
github.com/gschiano/charm-registry/internal/api/http_resources.go:58.16,61.3 2 1
github.com/gschiano/charm-registry/internal/api/http_resources.go:62.2,63.49 2 5
github.com/gschiano/charm-registry/internal/api/http_resources.go:63.49,66.3 2 1
github.com/gschiano/charm-registry/internal/api/http_resources.go:67.2,74.16 2 4
github.com/gschiano/charm-registry/internal/api/http_resources.go:74.16,77.3 2 1
github.com/gschiano/charm-registry/internal/api/http_resources.go:78.2,78.70 1 3
github.com/gschiano/charm-registry/internal/api/http_resources.go:81.85,83.16 2 4
github.com/gschiano/charm-registry/internal/api/http_resources.go:83.16,86.3 2 1
github.com/gschiano/charm-registry/internal/api/http_resources.go:87.2,88.49 2 3
github.com/gschiano/charm-registry/internal/api/http_resources.go:88.49,91.3 2 1
github.com/gschiano/charm-registry/internal/api/http_resources.go:92.2,99.16 2 2
github.com/gschiano/charm-registry/internal/api/http_resources.go:99.16,102.3 2 1
github.com/gschiano/charm-registry/internal/api/http_resources.go:103.2,103.88 1 1
github.com/gschiano/charm-registry/internal/api/http_resources.go:106.82,108.16 2 3
github.com/gschiano/charm-registry/internal/api/http_resources.go:108.16,111.3 2 1
github.com/gschiano/charm-registry/internal/api/http_resources.go:112.2,118.16 2 2
github.com/gschiano/charm-registry/internal/api/http_resources.go:118.16,121.3 2 1
github.com/gschiano/charm-registry/internal/api/http_resources.go:122.2,122.38 1 1
github.com/gschiano/charm-registry/internal/api/http_resources.go:125.74,127.16 2 4
github.com/gschiano/charm-registry/internal/api/http_resources.go:127.16,130.3 2 1
github.com/gschiano/charm-registry/internal/api/http_resources.go:131.2,134.49 2 3
github.com/gschiano/charm-registry/internal/api/http_resources.go:134.49,137.3 2 1
github.com/gschiano/charm-registry/internal/api/http_resources.go:138.2,145.16 2 2
github.com/gschiano/charm-registry/internal/api/http_resources.go:145.16,148.3 2 0
github.com/gschiano/charm-registry/internal/api/http_resources.go:149.2,152.35 3 2
github.com/gschiano/charm-registry/internal/api/http_resources.go:155.78,157.16 2 7
github.com/gschiano/charm-registry/internal/api/http_resources.go:157.16,160.3 2 1
github.com/gschiano/charm-registry/internal/api/http_resources.go:161.2,162.21 2 6
github.com/gschiano/charm-registry/internal/api/http_resources.go:162.21,165.3 2 3
github.com/gschiano/charm-registry/internal/api/http_resources.go:166.2,167.16 2 3
github.com/gschiano/charm-registry/internal/api/http_resources.go:167.16,170.3 2 1
github.com/gschiano/charm-registry/internal/api/http_resources.go:171.2,174.25 3 2
github.com/gschiano/charm-registry/internal/api/http_revisions.go:13.75,15.16 2 5
github.com/gschiano/charm-registry/internal/api/http_revisions.go:15.16,18.3 2 1
github.com/gschiano/charm-registry/internal/api/http_revisions.go:19.2,20.53 2 4
github.com/gschiano/charm-registry/internal/api/http_revisions.go:20.53,22.22 2 2
github.com/gschiano/charm-registry/internal/api/http_revisions.go:22.22,25.4 2 1
github.com/gschiano/charm-registry/internal/api/http_revisions.go:26.3,26.20 1 1
github.com/gschiano/charm-registry/internal/api/http_revisions.go:28.2,29.16 2 3
github.com/gschiano/charm-registry/internal/api/http_revisions.go:29.16,32.3 2 1
github.com/gschiano/charm-registry/internal/api/http_revisions.go:33.2,34.37 2 2
github.com/gschiano/charm-registry/internal/api/http_revisions.go:34.37,46.3 1 2
github.com/gschiano/charm-registry/internal/api/http_revisions.go:47.2,47.64 1 2
github.com/gschiano/charm-registry/internal/api/http_revisions.go:50.74,52.16 2 12
github.com/gschiano/charm-registry/internal/api/http_revisions.go:52.16,55.3 2 1
github.com/gschiano/charm-registry/internal/api/http_revisions.go:56.2,57.49 2 11
github.com/gschiano/charm-registry/internal/api/http_revisions.go:57.49,60.3 2 1
github.com/gschiano/charm-registry/internal/api/http_revisions.go:61.2,62.16 2 10
github.com/gschiano/charm-registry/internal/api/http_revisions.go:62.16,65.3 2 1
github.com/gschiano/charm-registry/internal/api/http_revisions.go:66.2,66.70 1 9
github.com/gschiano/charm-registry/internal/api/http_revisions.go:69.74,71.16 2 3
github.com/gschiano/charm-registry/internal/api/http_revisions.go:71.16,74.3 2 1
github.com/gschiano/charm-registry/internal/api/http_revisions.go:75.2,76.16 2 2
github.com/gschiano/charm-registry/internal/api/http_revisions.go:76.16,79.3 2 1
github.com/gschiano/charm-registry/internal/api/http_revisions.go:80.2,80.38 1 1
github.com/gschiano/charm-registry/internal/api/http_revisions.go:83.77,86.67 2 15
github.com/gschiano/charm-registry/internal/api/http_revisions.go:86.67,89.3 2 1
github.com/gschiano/charm-registry/internal/api/http_revisions.go:90.2,91.16 2 14
github.com/gschiano/charm-registry/internal/api/http_revisions.go:91.16,94.3 2 1
github.com/gschiano/charm-registry/internal/api/http_revisions.go:95.2,97.16 3 13
github.com/gschiano/charm-registry/internal/api/http_revisions.go:97.16,100.3 2 0
github.com/gschiano/charm-registry/internal/api/http_revisions.go:101.2,102.16 2 13
github.com/gschiano/charm-registry/internal/api/http_revisions.go:102.16,105.3 2 0
github.com/gschiano/charm-registry/internal/api/http_revisions.go:106.2,106.89 1 13
github.com/gschiano/charm-registry/internal/api/http_revisions.go:109.75,111.16 2 8
github.com/gschiano/charm-registry/internal/api/http_revisions.go:111.16,114.3 2 1
github.com/gschiano/charm-registry/internal/api/http_revisions.go:115.2,116.21 2 7
github.com/gschiano/charm-registry/internal/api/http_revisions.go:116.21,119.3 2 3
github.com/gschiano/charm-registry/internal/api/http_revisions.go:120.2,121.16 2 4
github.com/gschiano/charm-registry/internal/api/http_revisions.go:121.16,124.3 2 2
github.com/gschiano/charm-registry/internal/api/http_revisions.go:125.2,128.25 3 2
github.com/gschiano/charm-registry/internal/api/http_tokens.go:12.66,14.2 1 2
github.com/gschiano/charm-registry/internal/api/http_tokens.go:16.69,19.2 2 1
github.com/gschiano/charm-registry/internal/api/http_tokens.go:21.66,32.2 2 1
github.com/gschiano/charm-registry/internal/api/http_tokens.go:34.71,36.16 2 4
github.com/gschiano/charm-registry/internal/api/http_tokens.go:36.16,39.3 2 0
github.com/gschiano/charm-registry/internal/api/http_tokens.go:40.2,40.29 1 4
github.com/gschiano/charm-registry/internal/api/http_tokens.go:40.29,43.3 2 1
github.com/gschiano/charm-registry/internal/api/http_tokens.go:44.2,45.16 2 3
github.com/gschiano/charm-registry/internal/api/http_tokens.go:45.16,48.3 2 0
github.com/gschiano/charm-registry/internal/api/http_tokens.go:49.2,58.31 3 3
github.com/gschiano/charm-registry/internal/api/http_tokens.go:58.31,67.3 1 2
github.com/gschiano/charm-registry/internal/api/http_tokens.go:68.2,68.63 1 3
github.com/gschiano/charm-registry/internal/api/http_tokens.go:71.72,73.16 2 6
github.com/gschiano/charm-registry/internal/api/http_tokens.go:73.16,76.3 2 1
github.com/gschiano/charm-registry/internal/api/http_tokens.go:77.2,78.49 2 5
github.com/gschiano/charm-registry/internal/api/http_tokens.go:78.49,81.3 2 2
github.com/gschiano/charm-registry/internal/api/http_tokens.go:82.2,83.16 2 3
github.com/gschiano/charm-registry/internal/api/http_tokens.go:83.16,86.3 2 1
github.com/gschiano/charm-registry/internal/api/http_tokens.go:87.2,87.62 1 2
github.com/gschiano/charm-registry/internal/api/http_tokens.go:90.75,92.16 2 6
github.com/gschiano/charm-registry/internal/api/http_tokens.go:92.16,95.3 2 2
github.com/gschiano/charm-registry/internal/api/http_tokens.go:96.2,97.16 2 4
github.com/gschiano/charm-registry/internal/api/http_tokens.go:97.16,100.3 2 1
github.com/gschiano/charm-registry/internal/api/http_tokens.go:101.2,101.62 1 3
github.com/gschiano/charm-registry/internal/api/http_tokens.go:104.79,106.16 2 4
github.com/gschiano/charm-registry/internal/api/http_tokens.go:106.16,109.3 2 1
github.com/gschiano/charm-registry/internal/api/http_tokens.go:110.2,113.76 2 3
github.com/gschiano/charm-registry/internal/api/http_tokens.go:113.76,116.3 2 1
github.com/gschiano/charm-registry/internal/api/http_tokens.go:117.2,118.16 2 2
github.com/gschiano/charm-registry/internal/api/http_tokens.go:118.16,121.3 2 0
github.com/gschiano/charm-registry/internal/api/http_tokens.go:122.2,122.62 1 2
github.com/gschiano/charm-registry/internal/api/http_tokens.go:125.73,127.16 2 4
github.com/gschiano/charm-registry/internal/api/http_tokens.go:127.16,130.3 2 1
github.com/gschiano/charm-registry/internal/api/http_tokens.go:131.2,134.49 2 3
github.com/gschiano/charm-registry/internal/api/http_tokens.go:134.49,137.3 2 1
github.com/gschiano/charm-registry/internal/api/http_tokens.go:138.2,138.85 1 2
github.com/gschiano/charm-registry/internal/api/http_tokens.go:138.85,141.3 2 1
github.com/gschiano/charm-registry/internal/api/http_tokens.go:142.2,143.16 2 1
github.com/gschiano/charm-registry/internal/api/http_tokens.go:143.16,146.3 2 0
github.com/gschiano/charm-registry/internal/api/http_tokens.go:147.2,147.66 1 1
github.com/gschiano/charm-registry/internal/api/http_tokens.go:150.73,152.16 2 3
github.com/gschiano/charm-registry/internal/api/http_tokens.go:152.16,155.3 2 1
github.com/gschiano/charm-registry/internal/api/http_tokens.go:156.2,157.16 2 2
github.com/gschiano/charm-registry/internal/api/http_tokens.go:157.16,160.3 2 1
github.com/gschiano/charm-registry/internal/api/http_tokens.go:161.2,161.38 1 1
github.com/gschiano/charm-registry/internal/api/http_tokens.go:164.68,166.16 2 3
github.com/gschiano/charm-registry/internal/api/http_tokens.go:166.16,169.3 2 1
github.com/gschiano/charm-registry/internal/api/http_tokens.go:170.2,171.16 2 2
github.com/gschiano/charm-registry/internal/api/http_tokens.go:171.16,174.3 2 1
github.com/gschiano/charm-registry/internal/api/http_tokens.go:175.2,175.38 1 1
github.com/gschiano/charm-registry/internal/auth/auth.go:42.102,47.55 2 2
github.com/gschiano/charm-registry/internal/auth/auth.go:47.55,49.17 2 1
github.com/gschiano/charm-registry/internal/auth/auth.go:49.17,51.4 1 1
github.com/gschiano/charm-registry/internal/auth/auth.go:52.3,53.78 2 0
github.com/gschiano/charm-registry/internal/auth/auth.go:55.2,55.18 1 1
github.com/gschiano/charm-registry/internal/auth/auth.go:65.89,67.18 2 11
github.com/gschiano/charm-registry/internal/auth/auth.go:67.18,69.3 1 1
github.com/gschiano/charm-registry/internal/auth/auth.go:70.2,71.40 2 10
github.com/gschiano/charm-registry/internal/auth/auth.go:71.40,73.3 1 3
github.com/gschiano/charm-registry/internal/auth/auth.go:74.2,75.18 2 7
github.com/gschiano/charm-registry/internal/auth/auth.go:75.18,77.3 1 0
github.com/gschiano/charm-registry/internal/auth/auth.go:79.2,79.52 1 7
github.com/gschiano/charm-registry/internal/auth/auth.go:79.52,81.3 1 1
github.com/gschiano/charm-registry/internal/auth/auth.go:83.2,85.16 3 6
github.com/gschiano/charm-registry/internal/auth/auth.go:85.16,86.84 1 3
github.com/gschiano/charm-registry/internal/auth/auth.go:86.84,88.4 1 2
github.com/gschiano/charm-registry/internal/auth/auth.go:89.3,94.22 1 1
github.com/gschiano/charm-registry/internal/auth/auth.go:97.2,97.23 1 3
github.com/gschiano/charm-registry/internal/auth/auth.go:97.23,99.3 1 3
github.com/gschiano/charm-registry/internal/auth/auth.go:100.2,101.16 2 0
github.com/gschiano/charm-registry/internal/auth/auth.go:101.16,103.3 1 0
github.com/gschiano/charm-registry/internal/auth/auth.go:104.2,105.51 2 0
github.com/gschiano/charm-registry/internal/auth/auth.go:105.51,107.3 1 0
github.com/gschiano/charm-registry/internal/auth/auth.go:109.2,122.13 1 0
github.com/gschiano/charm-registry/internal/auth/auth.go:126.35,129.2 2 17
github.com/gschiano/charm-registry/internal/auth/auth.go:135.53,137.42 2 6
github.com/gschiano/charm-registry/internal/auth/auth.go:137.42,139.3 1 0
github.com/gschiano/charm-registry/internal/auth/auth.go:140.2,141.33 2 6
github.com/gschiano/charm-registry/internal/auth/auth.go:144.71,145.37 1 8
github.com/gschiano/charm-registry/internal/auth/auth.go:145.37,147.3 1 5
github.com/gschiano/charm-registry/internal/auth/auth.go:148.2,148.37 1 3
github.com/gschiano/charm-registry/internal/auth/auth.go:148.37,150.3 1 1
github.com/gschiano/charm-registry/internal/auth/auth.go:151.2,152.20 2 2
github.com/gschiano/charm-registry/internal/auth/auth.go:152.20,154.3 1 1
github.com/gschiano/charm-registry/internal/auth/auth.go:155.2,160.9 1 1
github.com/gschiano/charm-registry/internal/auth/auth.go:163.33,164.18 1 4
github.com/gschiano/charm-registry/internal/auth/auth.go:164.18,166.3 1 1
github.com/gschiano/charm-registry/internal/auth/auth.go:167.2,167.35 1 3
github.com/gschiano/charm-registry/internal/auth/auth.go:167.35,169.3 1 1
github.com/gschiano/charm-registry/internal/auth/auth.go:170.2,170.11 1 2
github.com/gschiano/charm-registry/internal/auth/auth.go:173.45,174.31 1 4
github.com/gschiano/charm-registry/internal/auth/auth.go:174.31,175.18 1 5
github.com/gschiano/charm-registry/internal/auth/auth.go:175.18,177.4 1 2
github.com/gschiano/charm-registry/internal/auth/auth.go:179.2,179.11 1 2
github.com/gschiano/charm-registry/internal/config/config.go:47.29,86.27 2 5
github.com/gschiano/charm-registry/internal/config/config.go:86.27,88.3 1 1
github.com/gschiano/charm-registry/internal/config/config.go:90.2,90.17 1 4
github.com/gschiano/charm-registry/internal/config/config.go:93.39,94.55 1 62
github.com/gschiano/charm-registry/internal/config/config.go:94.55,96.3 1 7
github.com/gschiano/charm-registry/internal/config/config.go:97.2,97.17 1 55
github.com/gschiano/charm-registry/internal/config/config.go:100.46,102.22 2 21
github.com/gschiano/charm-registry/internal/config/config.go:102.22,104.3 1 15
github.com/gschiano/charm-registry/internal/config/config.go:105.2,106.16 2 6
github.com/gschiano/charm-registry/internal/config/config.go:106.16,108.3 1 2
github.com/gschiano/charm-registry/internal/config/config.go:109.2,109.14 1 4
github.com/gschiano/charm-registry/internal/config/config.go:112.43,114.22 2 8
github.com/gschiano/charm-registry/internal/config/config.go:114.22,116.3 1 7
github.com/gschiano/charm-registry/internal/config/config.go:117.2,118.16 2 1
github.com/gschiano/charm-registry/internal/config/config.go:118.16,120.3 1 1
github.com/gschiano/charm-registry/internal/config/config.go:121.2,121.14 1 0
github.com/gschiano/charm-registry/internal/config/config.go:124.49,126.22 2 13
github.com/gschiano/charm-registry/internal/config/config.go:126.22,128.3 1 10
github.com/gschiano/charm-registry/internal/config/config.go:129.2,130.16 2 3
github.com/gschiano/charm-registry/internal/config/config.go:130.16,132.3 1 1
github.com/gschiano/charm-registry/internal/config/config.go:133.2,133.14 1 2
github.com/gschiano/charm-registry/internal/config/config.go:136.68,138.22 2 28
github.com/gschiano/charm-registry/internal/config/config.go:138.22,140.3 1 26
github.com/gschiano/charm-registry/internal/config/config.go:141.2,142.16 2 2
github.com/gschiano/charm-registry/internal/config/config.go:142.16,144.3 1 1
github.com/gschiano/charm-registry/internal/config/config.go:145.2,145.14 1 1
github.com/gschiano/charm-registry/internal/service/errors.go:13.32,15.2 1 3
github.com/gschiano/charm-registry/internal/service/errors.go:17.55,19.2 1 69
github.com/gschiano/charm-registry/internal/service/helpers.go:20.61,21.29 1 285
github.com/gschiano/charm-registry/internal/service/helpers.go:21.29,23.3 1 20
github.com/gschiano/charm-registry/internal/service/helpers.go:24.2,24.12 1 265
github.com/gschiano/charm-registry/internal/service/helpers.go:27.86,28.48 1 220
github.com/gschiano/charm-registry/internal/service/helpers.go:28.48,30.3 1 8
github.com/gschiano/charm-registry/internal/service/helpers.go:31.2,31.67 1 212
github.com/gschiano/charm-registry/internal/service/helpers.go:31.67,33.3 1 202
github.com/gschiano/charm-registry/internal/service/helpers.go:34.2,34.50 1 10
github.com/gschiano/charm-registry/internal/service/helpers.go:34.50,35.99 1 10
github.com/gschiano/charm-registry/internal/service/helpers.go:35.99,37.4 1 7
github.com/gschiano/charm-registry/internal/service/helpers.go:39.2,39.79 1 3
github.com/gschiano/charm-registry/internal/service/helpers.go:42.97,43.29 1 3
github.com/gschiano/charm-registry/internal/service/helpers.go:43.29,45.3 1 1
github.com/gschiano/charm-registry/internal/service/helpers.go:46.2,46.50 1 2
github.com/gschiano/charm-registry/internal/service/helpers.go:54.9,55.18 1 55
github.com/gschiano/charm-registry/internal/service/helpers.go:55.18,56.29 1 6
github.com/gschiano/charm-registry/internal/service/helpers.go:56.29,58.4 1 3
github.com/gschiano/charm-registry/internal/service/helpers.go:59.3,59.13 1 3
github.com/gschiano/charm-registry/internal/service/helpers.go:61.2,61.48 1 49
github.com/gschiano/charm-registry/internal/service/helpers.go:61.48,63.3 1 7
github.com/gschiano/charm-registry/internal/service/helpers.go:64.2,65.16 2 42
github.com/gschiano/charm-registry/internal/service/helpers.go:65.16,67.3 1 0
github.com/gschiano/charm-registry/internal/service/helpers.go:68.2,68.14 1 42
github.com/gschiano/charm-registry/internal/service/helpers.go:68.14,70.3 1 0
github.com/gschiano/charm-registry/internal/service/helpers.go:71.2,71.107 1 42
github.com/gschiano/charm-registry/internal/service/helpers.go:71.107,73.3 1 2
github.com/gschiano/charm-registry/internal/service/helpers.go:74.2,74.28 1 40
github.com/gschiano/charm-registry/internal/service/helpers.go:74.28,76.3 1 18
github.com/gschiano/charm-registry/internal/service/helpers.go:77.2,77.12 1 22
github.com/gschiano/charm-registry/internal/service/helpers.go:85.9,86.66 1 102
github.com/gschiano/charm-registry/internal/service/helpers.go:86.66,88.3 1 6
github.com/gschiano/charm-registry/internal/service/helpers.go:89.2,90.16 2 96
github.com/gschiano/charm-registry/internal/service/helpers.go:90.16,92.3 1 0
github.com/gschiano/charm-registry/internal/service/helpers.go:93.2,93.14 1 96
github.com/gschiano/charm-registry/internal/service/helpers.go:93.14,95.3 1 1
github.com/gschiano/charm-registry/internal/service/helpers.go:96.2,96.107 1 95
github.com/gschiano/charm-registry/internal/service/helpers.go:96.107,98.3 1 2
github.com/gschiano/charm-registry/internal/service/helpers.go:99.2,99.12 1 93
github.com/gschiano/charm-registry/internal/service/helpers.go:102.91,103.64 1 22
github.com/gschiano/charm-registry/internal/service/helpers.go:103.64,105.3 1 20
github.com/gschiano/charm-registry/internal/service/helpers.go:106.2,106.50 1 2
github.com/gschiano/charm-registry/internal/service/helpers.go:106.50,107.25 1 2
github.com/gschiano/charm-registry/internal/service/helpers.go:107.25,109.4 1 1
github.com/gschiano/charm-registry/internal/service/helpers.go:111.2,111.72 1 1
github.com/gschiano/charm-registry/internal/service/helpers.go:114.101,116.2 1 5
github.com/gschiano/charm-registry/internal/service/helpers.go:120.75,122.2 1 2
github.com/gschiano/charm-registry/internal/service/helpers.go:124.92,129.2 1 11
github.com/gschiano/charm-registry/internal/service/helpers.go:133.72,134.43 1 9
github.com/gschiano/charm-registry/internal/service/helpers.go:134.43,135.51 1 11
github.com/gschiano/charm-registry/internal/service/helpers.go:135.51,137.4 1 2
github.com/gschiano/charm-registry/internal/service/helpers.go:138.3,138.57 1 9
github.com/gschiano/charm-registry/internal/service/helpers.go:138.57,140.4 1 2
github.com/gschiano/charm-registry/internal/service/helpers.go:142.2,142.14 1 5
github.com/gschiano/charm-registry/internal/service/helpers.go:147.82,150.2 2 4
github.com/gschiano/charm-registry/internal/service/helpers.go:154.60,167.24 6 43
github.com/gschiano/charm-registry/internal/service/helpers.go:167.24,168.34 1 0
github.com/gschiano/charm-registry/internal/service/helpers.go:168.34,169.35 1 0
github.com/gschiano/charm-registry/internal/service/helpers.go:169.35,170.45 1 0
github.com/gschiano/charm-registry/internal/service/helpers.go:170.45,172.6 1 0
github.com/gschiano/charm-registry/internal/service/helpers.go:173.5,173.13 1 0
github.com/gschiano/charm-registry/internal/service/helpers.go:175.4,175.109 1 0
github.com/gschiano/charm-registry/internal/service/helpers.go:178.2,178.21 1 43
github.com/gschiano/charm-registry/internal/service/helpers.go:178.21,180.3 1 43
github.com/gschiano/charm-registry/internal/service/helpers.go:181.2,181.14 1 43
github.com/gschiano/charm-registry/internal/service/helpers.go:186.25,188.2 1 93
github.com/gschiano/charm-registry/internal/service/helpers.go:190.45,193.2 2 4
github.com/gschiano/charm-registry/internal/service/helpers.go:195.115,197.36 2 45
github.com/gschiano/charm-registry/internal/service/helpers.go:197.36,199.3 1 10
github.com/gschiano/charm-registry/internal/service/helpers.go:200.2,200.16 1 45
github.com/gschiano/charm-registry/internal/service/helpers.go:200.16,202.3 1 44
github.com/gschiano/charm-registry/internal/service/helpers.go:203.2,203.18 1 45
github.com/gschiano/charm-registry/internal/service/helpers.go:203.18,205.3 1 43
github.com/gschiano/charm-registry/internal/service/helpers.go:206.2,206.18 1 45
github.com/gschiano/charm-registry/internal/service/helpers.go:206.18,208.3 1 43
github.com/gschiano/charm-registry/internal/service/helpers.go:209.2,209.35 1 45
github.com/gschiano/charm-registry/internal/service/helpers.go:209.35,211.3 1 43
github.com/gschiano/charm-registry/internal/service/helpers.go:212.2,212.12 1 45
github.com/gschiano/charm-registry/internal/service/helpers.go:215.63,216.31 1 173
github.com/gschiano/charm-registry/internal/service/helpers.go:216.31,217.25 1 10
github.com/gschiano/charm-registry/internal/service/helpers.go:217.25,219.4 1 9
github.com/gschiano/charm-registry/internal/service/helpers.go:221.2,221.34 1 164
github.com/gschiano/charm-registry/internal/service/helpers.go:224.47,225.38 1 12
github.com/gschiano/charm-registry/internal/service/helpers.go:225.38,227.3 1 7
github.com/gschiano/charm-registry/internal/service/helpers.go:228.2,228.17 1 5
github.com/gschiano/charm-registry/internal/service/helpers.go:231.38,232.17 1 261
github.com/gschiano/charm-registry/internal/service/helpers.go:232.17,234.3 1 1
github.com/gschiano/charm-registry/internal/service/helpers.go:235.2,235.15 1 260
github.com/gschiano/charm-registry/internal/service/helpers.go:238.40,239.18 1 29
github.com/gschiano/charm-registry/internal/service/helpers.go:239.18,241.3 1 1
github.com/gschiano/charm-registry/internal/service/helpers.go:242.2,242.15 1 28
github.com/gschiano/charm-registry/internal/service/helpers.go:245.45,246.31 1 179
github.com/gschiano/charm-registry/internal/service/helpers.go:246.31,247.18 1 189
github.com/gschiano/charm-registry/internal/service/helpers.go:247.18,249.4 1 177
github.com/gschiano/charm-registry/internal/service/helpers.go:251.2,251.11 1 2
github.com/gschiano/charm-registry/internal/service/helpers.go:254.40,255.22 1 10
github.com/gschiano/charm-registry/internal/service/helpers.go:255.22,257.3 1 2
github.com/gschiano/charm-registry/internal/service/helpers.go:258.2,258.18 1 8
github.com/gschiano/charm-registry/internal/service/helpers.go:261.40,262.21 1 4
github.com/gschiano/charm-registry/internal/service/helpers.go:262.21,264.3 1 3
github.com/gschiano/charm-registry/internal/service/helpers.go:265.2,265.14 1 1
github.com/gschiano/charm-registry/internal/service/helpers.go:268.45,269.19 1 9
github.com/gschiano/charm-registry/internal/service/helpers.go:269.19,271.3 1 5
github.com/gschiano/charm-registry/internal/service/helpers.go:272.2,272.15 1 4
github.com/gschiano/charm-registry/internal/service/helpers.go:281.58,282.9 1 46
github.com/gschiano/charm-registry/internal/service/helpers.go:283.18,284.13 1 10
github.com/gschiano/charm-registry/internal/service/helpers.go:285.40,286.45 1 33
github.com/gschiano/charm-registry/internal/service/helpers.go:287.40,290.54 1 2
github.com/gschiano/charm-registry/internal/service/helpers.go:291.10,292.13 1 1
github.com/gschiano/charm-registry/internal/service/helpers.go:296.47,297.32 1 64
github.com/gschiano/charm-registry/internal/service/helpers.go:298.16,299.20 1 46
github.com/gschiano/charm-registry/internal/service/helpers.go:300.10,301.20 1 18
github.com/gschiano/charm-registry/internal/service/packages.go:21.25,22.82 1 94
github.com/gschiano/charm-registry/internal/service/packages.go:22.82,24.3 1 2
github.com/gschiano/charm-registry/internal/service/packages.go:25.2,49.55 3 92
github.com/gschiano/charm-registry/internal/service/packages.go:49.55,51.3 1 1
github.com/gschiano/charm-registry/internal/service/packages.go:52.2,52.72 1 91
github.com/gschiano/charm-registry/internal/service/packages.go:52.72,54.3 1 0
github.com/gschiano/charm-registry/internal/service/packages.go:55.2,55.17 1 91
github.com/gschiano/charm-registry/internal/service/packages.go:66.27,67.79 1 4
github.com/gschiano/charm-registry/internal/service/packages.go:67.79,69.3 1 2
github.com/gschiano/charm-registry/internal/service/packages.go:70.2,71.16 2 2
github.com/gschiano/charm-registry/internal/service/packages.go:71.16,73.3 1 0
github.com/gschiano/charm-registry/internal/service/packages.go:74.2,74.40 1 2
github.com/gschiano/charm-registry/internal/service/packages.go:86.25,88.16 2 18
github.com/gschiano/charm-registry/internal/service/packages.go:88.16,90.3 1 3
github.com/gschiano/charm-registry/internal/service/packages.go:91.2,91.88 1 15
github.com/gschiano/charm-registry/internal/service/packages.go:91.88,93.3 1 4
github.com/gschiano/charm-registry/internal/service/packages.go:94.2,94.34 1 11
github.com/gschiano/charm-registry/internal/service/packages.go:106.25,108.16 2 8
github.com/gschiano/charm-registry/internal/service/packages.go:108.16,110.3 1 1
github.com/gschiano/charm-registry/internal/service/packages.go:111.2,111.94 1 7
github.com/gschiano/charm-registry/internal/service/packages.go:111.94,113.3 1 4
github.com/gschiano/charm-registry/internal/service/packages.go:114.2,114.26 1 3
github.com/gschiano/charm-registry/internal/service/packages.go:114.26,116.3 1 1
github.com/gschiano/charm-registry/internal/service/packages.go:117.2,117.31 1 3
github.com/gschiano/charm-registry/internal/service/packages.go:117.31,119.3 1 1
github.com/gschiano/charm-registry/internal/service/packages.go:120.2,120.30 1 3
github.com/gschiano/charm-registry/internal/service/packages.go:120.30,122.3 1 1
github.com/gschiano/charm-registry/internal/service/packages.go:123.2,123.26 1 3
github.com/gschiano/charm-registry/internal/service/packages.go:123.26,125.3 1 1
github.com/gschiano/charm-registry/internal/service/packages.go:126.2,126.24 1 3
github.com/gschiano/charm-registry/internal/service/packages.go:126.24,128.3 1 1
github.com/gschiano/charm-registry/internal/service/packages.go:129.2,129.26 1 3
github.com/gschiano/charm-registry/internal/service/packages.go:129.26,131.3 1 1
github.com/gschiano/charm-registry/internal/service/packages.go:132.2,132.26 1 3
github.com/gschiano/charm-registry/internal/service/packages.go:132.26,134.3 1 1
github.com/gschiano/charm-registry/internal/service/packages.go:135.2,135.24 1 3
github.com/gschiano/charm-registry/internal/service/packages.go:135.24,137.3 1 1
github.com/gschiano/charm-registry/internal/service/packages.go:138.2,139.55 2 3
github.com/gschiano/charm-registry/internal/service/packages.go:139.55,141.3 1 0
github.com/gschiano/charm-registry/internal/service/packages.go:142.2,142.34 1 3
github.com/gschiano/charm-registry/internal/service/packages.go:149.111,151.16 2 4
github.com/gschiano/charm-registry/internal/service/packages.go:151.16,153.3 1 1
github.com/gschiano/charm-registry/internal/service/packages.go:154.2,154.86 1 3
github.com/gschiano/charm-registry/internal/service/packages.go:154.86,156.3 1 1
github.com/gschiano/charm-registry/internal/service/packages.go:157.2,158.16 2 2
github.com/gschiano/charm-registry/internal/service/packages.go:158.16,160.3 1 0
github.com/gschiano/charm-registry/internal/service/packages.go:161.2,161.24 1 2
github.com/gschiano/charm-registry/internal/service/packages.go:161.24,166.3 1 1
github.com/gschiano/charm-registry/internal/service/packages.go:167.2,167.58 1 1
github.com/gschiano/charm-registry/internal/service/packages.go:167.58,169.3 1 0
github.com/gschiano/charm-registry/internal/service/packages.go:170.2,170.20 1 1
github.com/gschiano/charm-registry/internal/service/packages.go:177.107,179.16 2 6
github.com/gschiano/charm-registry/internal/service/packages.go:179.16,181.3 1 0
github.com/gschiano/charm-registry/internal/service/packages.go:182.2,183.16 2 6
github.com/gschiano/charm-registry/internal/service/packages.go:183.16,185.3 1 0
github.com/gschiano/charm-registry/internal/service/packages.go:186.2,187.31 2 6
github.com/gschiano/charm-registry/internal/service/packages.go:187.31,188.43 1 5
github.com/gschiano/charm-registry/internal/service/packages.go:188.43,189.12 1 1
github.com/gschiano/charm-registry/internal/service/packages.go:191.3,192.17 2 4
github.com/gschiano/charm-registry/internal/service/packages.go:192.17,193.40 1 2
github.com/gschiano/charm-registry/internal/service/packages.go:193.40,194.13 1 2
github.com/gschiano/charm-registry/internal/service/packages.go:196.4,196.19 1 0
github.com/gschiano/charm-registry/internal/service/packages.go:198.3,198.34 1 2
github.com/gschiano/charm-registry/internal/service/packages.go:200.2,200.48 1 6
github.com/gschiano/charm-registry/internal/service/packages.go:207.111,209.16 2 7
github.com/gschiano/charm-registry/internal/service/packages.go:209.16,211.3 1 1
github.com/gschiano/charm-registry/internal/service/packages.go:212.2,213.16 2 6
github.com/gschiano/charm-registry/internal/service/packages.go:213.16,215.3 1 1
github.com/gschiano/charm-registry/internal/service/packages.go:216.2,217.16 2 5
github.com/gschiano/charm-registry/internal/service/packages.go:217.16,219.3 1 0
github.com/gschiano/charm-registry/internal/service/packages.go:220.2,221.16 2 5
github.com/gschiano/charm-registry/internal/service/packages.go:221.16,223.3 1 0
github.com/gschiano/charm-registry/internal/service/packages.go:224.2,225.16 2 5
github.com/gschiano/charm-registry/internal/service/packages.go:225.16,227.3 1 0
github.com/gschiano/charm-registry/internal/service/packages.go:228.2,230.16 3 5
github.com/gschiano/charm-registry/internal/service/packages.go:230.16,232.3 1 0
github.com/gschiano/charm-registry/internal/service/packages.go:233.2,234.35 2 5
github.com/gschiano/charm-registry/internal/service/packages.go:234.35,242.3 1 6
github.com/gschiano/charm-registry/internal/service/packages.go:243.2,261.8 2 5
github.com/gschiano/charm-registry/internal/service/packages.go:264.100,266.16 2 4
github.com/gschiano/charm-registry/internal/service/packages.go:266.16,268.3 1 2
github.com/gschiano/charm-registry/internal/service/packages.go:269.2,270.16 2 2
github.com/gschiano/charm-registry/internal/service/packages.go:270.16,272.3 1 0
github.com/gschiano/charm-registry/internal/service/packages.go:273.2,300.8 2 2
github.com/gschiano/charm-registry/internal/service/packages.go:303.53,305.24 2 7
github.com/gschiano/charm-registry/internal/service/packages.go:305.24,307.3 1 7
github.com/gschiano/charm-registry/internal/service/packages.go:308.2,324.3 1 7
github.com/gschiano/charm-registry/internal/service/packages.go:327.104,329.31 2 8
github.com/gschiano/charm-registry/internal/service/packages.go:329.31,331.17 2 8
github.com/gschiano/charm-registry/internal/service/packages.go:331.17,333.4 1 0
github.com/gschiano/charm-registry/internal/service/packages.go:334.3,334.30 1 8
github.com/gschiano/charm-registry/internal/service/packages.go:336.2,336.17 1 8
github.com/gschiano/charm-registry/internal/service/packages.go:339.94,341.16 2 25
github.com/gschiano/charm-registry/internal/service/packages.go:341.16,343.3 1 0
github.com/gschiano/charm-registry/internal/service/packages.go:344.2,346.17 3 25
github.com/gschiano/charm-registry/internal/service/releases.go:26.27,28.16 2 22
github.com/gschiano/charm-registry/internal/service/releases.go:28.16,30.3 1 1
github.com/gschiano/charm-registry/internal/service/releases.go:31.2,31.94 1 21
github.com/gschiano/charm-registry/internal/service/releases.go:31.94,33.3 1 1
github.com/gschiano/charm-registry/internal/service/releases.go:34.2,36.35 3 20
github.com/gschiano/charm-registry/internal/service/releases.go:36.35,37.28 1 24
github.com/gschiano/charm-registry/internal/service/releases.go:37.28,39.4 1 1
github.com/gschiano/charm-registry/internal/service/releases.go:40.3,40.86 1 23
github.com/gschiano/charm-registry/internal/service/releases.go:40.86,42.4 1 1
github.com/gschiano/charm-registry/internal/service/releases.go:43.3,43.28 1 22
github.com/gschiano/charm-registry/internal/service/releases.go:43.28,45.4 1 22
github.com/gschiano/charm-registry/internal/service/releases.go:46.3,46.23 1 22
github.com/gschiano/charm-registry/internal/service/releases.go:46.23,48.4 1 22
github.com/gschiano/charm-registry/internal/service/releases.go:49.3,49.80 1 22
github.com/gschiano/charm-registry/internal/service/releases.go:49.80,51.4 1 1
github.com/gschiano/charm-registry/internal/service/releases.go:52.3,52.69 1 21
github.com/gschiano/charm-registry/internal/service/releases.go:52.69,54.4 1 0
github.com/gschiano/charm-registry/internal/service/releases.go:55.3,55.39 1 21
github.com/gschiano/charm-registry/internal/service/releases.go:57.2,59.55 3 17
github.com/gschiano/charm-registry/internal/service/releases.go:59.55,61.3 1 0
github.com/gschiano/charm-registry/internal/service/releases.go:62.2,62.22 1 17
github.com/gschiano/charm-registry/internal/service/releases.go:69.119,71.16 2 5
github.com/gschiano/charm-registry/internal/service/releases.go:71.16,73.3 1 1
github.com/gschiano/charm-registry/internal/service/releases.go:74.2,74.71 1 4
github.com/gschiano/charm-registry/internal/service/releases.go:74.71,76.3 1 1
github.com/gschiano/charm-registry/internal/service/releases.go:77.2,78.16 2 3
github.com/gschiano/charm-registry/internal/service/releases.go:78.16,80.3 1 0
github.com/gschiano/charm-registry/internal/service/releases.go:81.2,82.16 2 3
github.com/gschiano/charm-registry/internal/service/releases.go:82.16,84.3 1 0
github.com/gschiano/charm-registry/internal/service/releases.go:85.2,87.35 3 3
github.com/gschiano/charm-registry/internal/service/releases.go:87.35,89.17 2 5
github.com/gschiano/charm-registry/internal/service/releases.go:89.17,91.4 1 0
github.com/gschiano/charm-registry/internal/service/releases.go:92.3,100.5 2 5
github.com/gschiano/charm-registry/internal/service/releases.go:102.2,103.40 2 3
github.com/gschiano/charm-registry/internal/service/releases.go:103.40,114.3 1 4
github.com/gschiano/charm-registry/internal/service/releases.go:115.2,117.23 1 3
github.com/gschiano/charm-registry/internal/service/releases.go:117.23,117.97 1 1
github.com/gschiano/charm-registry/internal/service/releases.go:119.2,126.8 1 3
github.com/gschiano/charm-registry/internal/service/releases.go:138.16,140.16 2 5
github.com/gschiano/charm-registry/internal/service/releases.go:140.16,142.3 1 1
github.com/gschiano/charm-registry/internal/service/releases.go:143.2,143.94 1 4
github.com/gschiano/charm-registry/internal/service/releases.go:143.94,145.3 1 1
github.com/gschiano/charm-registry/internal/service/releases.go:146.2,147.28 2 3
github.com/gschiano/charm-registry/internal/service/releases.go:147.28,148.39 1 5
github.com/gschiano/charm-registry/internal/service/releases.go:148.39,150.4 1 5
github.com/gschiano/charm-registry/internal/service/releases.go:152.2,152.49 1 3
github.com/gschiano/charm-registry/internal/service/releases.go:162.120,164.41 2 10
github.com/gschiano/charm-registry/internal/service/releases.go:164.41,166.17 2 10
github.com/gschiano/charm-registry/internal/service/releases.go:166.17,170.4 1 0
github.com/gschiano/charm-registry/internal/service/releases.go:171.3,171.34 1 10
github.com/gschiano/charm-registry/internal/service/releases.go:173.2,176.8 1 10
github.com/gschiano/charm-registry/internal/service/releases.go:187.27,188.52 1 10
github.com/gschiano/charm-registry/internal/service/releases.go:188.52,194.3 1 4
github.com/gschiano/charm-registry/internal/service/releases.go:196.2,197.16 2 10
github.com/gschiano/charm-registry/internal/service/releases.go:197.16,199.30 2 1
github.com/gschiano/charm-registry/internal/service/releases.go:199.30,201.4 1 1
github.com/gschiano/charm-registry/internal/service/releases.go:202.3,202.18 1 0
github.com/gschiano/charm-registry/internal/service/releases.go:205.2,205.72 1 9
github.com/gschiano/charm-registry/internal/service/releases.go:205.72,207.30 2 0
github.com/gschiano/charm-registry/internal/service/releases.go:207.30,209.4 1 0
github.com/gschiano/charm-registry/internal/service/releases.go:210.3,210.18 1 0
github.com/gschiano/charm-registry/internal/service/releases.go:213.2,214.16 2 9
github.com/gschiano/charm-registry/internal/service/releases.go:214.16,216.30 2 3
github.com/gschiano/charm-registry/internal/service/releases.go:216.30,218.4 1 3
github.com/gschiano/charm-registry/internal/service/releases.go:219.3,219.18 1 0
github.com/gschiano/charm-registry/internal/service/releases.go:222.2,232.27 3 6
github.com/gschiano/charm-registry/internal/service/releases.go:232.27,234.3 1 5
github.com/gschiano/charm-registry/internal/service/releases.go:235.2,235.18 1 6
github.com/gschiano/charm-registry/internal/service/releases.go:238.109,239.46 1 10
github.com/gschiano/charm-registry/internal/service/releases.go:239.46,242.3 2 8
github.com/gschiano/charm-registry/internal/service/releases.go:243.2,243.42 1 2
github.com/gschiano/charm-registry/internal/service/releases.go:243.42,246.3 2 1
github.com/gschiano/charm-registry/internal/service/releases.go:247.2,247.99 1 1
github.com/gschiano/charm-registry/internal/service/releases.go:254.81,256.16 2 9
github.com/gschiano/charm-registry/internal/service/releases.go:256.16,258.3 1 3
github.com/gschiano/charm-registry/internal/service/releases.go:259.2,260.16 2 6
github.com/gschiano/charm-registry/internal/service/releases.go:260.16,262.3 1 0
github.com/gschiano/charm-registry/internal/service/releases.go:263.2,264.16 2 6
github.com/gschiano/charm-registry/internal/service/releases.go:264.16,266.3 1 0
github.com/gschiano/charm-registry/internal/service/releases.go:267.2,268.16 2 6
github.com/gschiano/charm-registry/internal/service/releases.go:268.16,270.3 1 0
github.com/gschiano/charm-registry/internal/service/releases.go:271.2,271.61 1 6
github.com/gschiano/charm-registry/internal/service/releases.go:278.56,282.52 3 9
github.com/gschiano/charm-registry/internal/service/releases.go:282.52,284.17 2 2
github.com/gschiano/charm-registry/internal/service/releases.go:284.17,286.4 1 1
github.com/gschiano/charm-registry/internal/service/releases.go:287.3,293.51 2 1
github.com/gschiano/charm-registry/internal/service/releases.go:296.2,296.19 1 7
github.com/gschiano/charm-registry/internal/service/releases.go:296.19,298.17 2 4
github.com/gschiano/charm-registry/internal/service/releases.go:298.17,300.4 1 1
github.com/gschiano/charm-registry/internal/service/releases.go:301.3,302.17 2 3
github.com/gschiano/charm-registry/internal/service/releases.go:302.17,304.4 1 0
github.com/gschiano/charm-registry/internal/service/releases.go:305.3,305.51 1 3
github.com/gschiano/charm-registry/internal/service/releases.go:308.2,309.16 2 3
github.com/gschiano/charm-registry/internal/service/releases.go:309.16,311.3 1 1
github.com/gschiano/charm-registry/internal/service/releases.go:312.2,313.16 2 2
github.com/gschiano/charm-registry/internal/service/releases.go:313.16,315.3 1 0
github.com/gschiano/charm-registry/internal/service/releases.go:316.2,316.65 1 2
github.com/gschiano/charm-registry/internal/service/releases.go:324.36,325.25 1 6
github.com/gschiano/charm-registry/internal/service/releases.go:325.25,327.3 1 5
github.com/gschiano/charm-registry/internal/service/releases.go:328.2,329.32 2 1
github.com/gschiano/charm-registry/internal/service/releases.go:329.32,330.26 1 1
github.com/gschiano/charm-registry/internal/service/releases.go:330.26,332.4 1 1
github.com/gschiano/charm-registry/internal/service/releases.go:334.2,334.35 1 1
github.com/gschiano/charm-registry/internal/service/releases.go:334.35,336.10 2 1
github.com/gschiano/charm-registry/internal/service/releases.go:336.10,337.12 1 0
github.com/gschiano/charm-registry/internal/service/releases.go:339.3,340.17 2 1
github.com/gschiano/charm-registry/internal/service/releases.go:340.17,342.4 1 0
github.com/gschiano/charm-registry/internal/service/releases.go:343.3,344.17 2 1
github.com/gschiano/charm-registry/internal/service/releases.go:344.17,346.4 1 0
github.com/gschiano/charm-registry/internal/service/releases.go:347.3,347.69 1 1
github.com/gschiano/charm-registry/internal/service/releases.go:349.2,349.23 1 1
github.com/gschiano/charm-registry/internal/service/releases.go:357.36,359.40 2 11
github.com/gschiano/charm-registry/internal/service/releases.go:359.40,361.17 2 7
github.com/gschiano/charm-registry/internal/service/releases.go:361.17,363.4 1 0
github.com/gschiano/charm-registry/internal/service/releases.go:364.3,364.26 1 7
github.com/gschiano/charm-registry/internal/service/releases.go:364.26,365.12 1 1
github.com/gschiano/charm-registry/internal/service/releases.go:367.3,368.17 2 6
github.com/gschiano/charm-registry/internal/service/releases.go:368.17,370.4 1 0
github.com/gschiano/charm-registry/internal/service/releases.go:371.3,371.67 1 6
github.com/gschiano/charm-registry/internal/service/releases.go:373.2,373.17 1 11
github.com/gschiano/charm-registry/internal/service/releases.go:381.18,405.2 1 6
github.com/gschiano/charm-registry/internal/service/releases.go:412.48,414.21 2 9
github.com/gschiano/charm-registry/internal/service/releases.go:414.21,416.3 1 2
github.com/gschiano/charm-registry/internal/service/releases.go:417.2,417.54 1 7
github.com/gschiano/charm-registry/internal/service/releases.go:420.60,421.22 1 5
github.com/gschiano/charm-registry/internal/service/releases.go:421.22,423.3 1 1
github.com/gschiano/charm-registry/internal/service/releases.go:424.2,425.31 2 5
github.com/gschiano/charm-registry/internal/service/releases.go:425.31,432.3 1 6
github.com/gschiano/charm-registry/internal/service/releases.go:433.2,433.17 1 5
github.com/gschiano/charm-registry/internal/service/releases.go:436.77,444.2 1 24
github.com/gschiano/charm-registry/internal/service/resources.go:25.29,27.16 2 5
github.com/gschiano/charm-registry/internal/service/resources.go:27.16,29.3 1 1
github.com/gschiano/charm-registry/internal/service/resources.go:30.2,30.71 1 4
github.com/gschiano/charm-registry/internal/service/resources.go:30.71,32.3 1 1
github.com/gschiano/charm-registry/internal/service/resources.go:33.2,34.16 2 3
github.com/gschiano/charm-registry/internal/service/resources.go:34.16,36.3 1 0
github.com/gschiano/charm-registry/internal/service/resources.go:37.2,38.27 2 3
github.com/gschiano/charm-registry/internal/service/resources.go:38.27,40.17 2 4
github.com/gschiano/charm-registry/internal/service/resources.go:40.17,42.4 1 0
github.com/gschiano/charm-registry/internal/service/resources.go:43.3,44.20 2 4
github.com/gschiano/charm-registry/internal/service/resources.go:44.20,46.4 1 1
github.com/gschiano/charm-registry/internal/service/resources.go:47.3,52.5 1 4
github.com/gschiano/charm-registry/internal/service/resources.go:54.2,54.17 1 3
github.com/gschiano/charm-registry/internal/service/resources.go:66.19,68.16 2 17
github.com/gschiano/charm-registry/internal/service/resources.go:68.16,70.3 1 1
github.com/gschiano/charm-registry/internal/service/resources.go:71.2,71.95 1 16
github.com/gschiano/charm-registry/internal/service/resources.go:71.95,73.3 1 0
github.com/gschiano/charm-registry/internal/service/resources.go:74.2,75.16 2 16
github.com/gschiano/charm-registry/internal/service/resources.go:75.16,77.3 1 1
github.com/gschiano/charm-registry/internal/service/resources.go:78.2,79.16 2 15
github.com/gschiano/charm-registry/internal/service/resources.go:79.16,81.3 1 1
github.com/gschiano/charm-registry/internal/service/resources.go:82.2,83.16 2 14
github.com/gschiano/charm-registry/internal/service/resources.go:83.16,85.3 1 0
github.com/gschiano/charm-registry/internal/service/resources.go:86.2,87.16 2 14
github.com/gschiano/charm-registry/internal/service/resources.go:87.16,89.3 1 0
github.com/gschiano/charm-registry/internal/service/resources.go:90.2,91.23 2 14
github.com/gschiano/charm-registry/internal/service/resources.go:91.23,93.3 1 1
github.com/gschiano/charm-registry/internal/service/resources.go:94.2,115.42 5 14
github.com/gschiano/charm-registry/internal/service/resources.go:115.42,119.3 3 2
github.com/gschiano/charm-registry/internal/service/resources.go:120.2,120.77 1 14
github.com/gschiano/charm-registry/internal/service/resources.go:120.77,122.3 1 0
github.com/gschiano/charm-registry/internal/service/resources.go:123.2,123.83 1 14
github.com/gschiano/charm-registry/internal/service/resources.go:123.83,125.3 1 0
github.com/gschiano/charm-registry/internal/service/resources.go:126.2,126.93 1 14
github.com/gschiano/charm-registry/internal/service/resources.go:137.36,139.16 2 5
github.com/gschiano/charm-registry/internal/service/resources.go:139.16,141.3 1 1
github.com/gschiano/charm-registry/internal/service/resources.go:142.2,142.71 1 4
github.com/gschiano/charm-registry/internal/service/resources.go:142.71,144.3 1 0
github.com/gschiano/charm-registry/internal/service/resources.go:145.2,146.16 2 4
github.com/gschiano/charm-registry/internal/service/resources.go:146.16,148.3 1 1
github.com/gschiano/charm-registry/internal/service/resources.go:149.2,150.16 2 3
github.com/gschiano/charm-registry/internal/service/resources.go:150.16,152.3 1 0
github.com/gschiano/charm-registry/internal/service/resources.go:153.2,153.63 1 3
github.com/gschiano/charm-registry/internal/service/resources.go:165.16,167.16 2 3
github.com/gschiano/charm-registry/internal/service/resources.go:167.16,169.3 1 1
github.com/gschiano/charm-registry/internal/service/resources.go:170.2,170.95 1 2
github.com/gschiano/charm-registry/internal/service/resources.go:170.95,172.3 1 0
github.com/gschiano/charm-registry/internal/service/resources.go:173.2,174.16 2 2
github.com/gschiano/charm-registry/internal/service/resources.go:174.16,176.3 1 1
github.com/gschiano/charm-registry/internal/service/resources.go:177.2,178.53 2 1
github.com/gschiano/charm-registry/internal/service/resources.go:178.53,180.17 2 1
github.com/gschiano/charm-registry/internal/service/resources.go:180.17,182.4 1 0
github.com/gschiano/charm-registry/internal/service/resources.go:183.3,185.66 3 1
github.com/gschiano/charm-registry/internal/service/resources.go:185.66,187.4 1 0
github.com/gschiano/charm-registry/internal/service/resources.go:188.3,188.12 1 1
github.com/gschiano/charm-registry/internal/service/resources.go:190.2,190.21 1 1
github.com/gschiano/charm-registry/internal/service/resources.go:201.27,203.16 2 5
github.com/gschiano/charm-registry/internal/service/resources.go:203.16,205.3 1 1
github.com/gschiano/charm-registry/internal/service/resources.go:206.2,206.95 1 4
github.com/gschiano/charm-registry/internal/service/resources.go:206.95,208.3 1 1
github.com/gschiano/charm-registry/internal/service/resources.go:209.2,209.83 1 3
github.com/gschiano/charm-registry/internal/service/resources.go:209.83,211.3 1 1
github.com/gschiano/charm-registry/internal/service/resources.go:212.2,217.8 2 2
github.com/gschiano/charm-registry/internal/service/resources.go:228.19,237.2 3 2
github.com/gschiano/charm-registry/internal/service/resources.go:248.19,250.16 2 5
github.com/gschiano/charm-registry/internal/service/resources.go:250.16,252.3 1 1
github.com/gschiano/charm-registry/internal/service/resources.go:253.2,253.72 1 4
github.com/gschiano/charm-registry/internal/service/resources.go:253.72,255.3 1 0
github.com/gschiano/charm-registry/internal/service/resources.go:256.2,257.16 2 4
github.com/gschiano/charm-registry/internal/service/resources.go:257.16,259.3 1 1
github.com/gschiano/charm-registry/internal/service/resources.go:260.2,261.16 2 3
github.com/gschiano/charm-registry/internal/service/resources.go:261.16,263.3 1 1
github.com/gschiano/charm-registry/internal/service/resources.go:264.2,264.30 1 2
github.com/gschiano/charm-registry/internal/service/resources.go:264.30,266.3 1 1
github.com/gschiano/charm-registry/internal/service/resources.go:267.2,267.45 1 1
github.com/gschiano/charm-registry/internal/service/resources.go:274.20,276.37 2 11
github.com/gschiano/charm-registry/internal/service/resources.go:276.37,296.3 1 6
github.com/gschiano/charm-registry/internal/service/resources.go:297.2,297.12 1 11
github.com/gschiano/charm-registry/internal/service/resources.go:304.36,305.16 1 3
github.com/gschiano/charm-registry/internal/service/resources.go:305.16,307.3 1 0
github.com/gschiano/charm-registry/internal/service/resources.go:308.2,308.35 1 3
github.com/gschiano/charm-registry/internal/service/resources.go:308.35,310.3 1 4
github.com/gschiano/charm-registry/internal/service/resources.go:311.2,311.23 1 3
github.com/gschiano/charm-registry/internal/service/resources.go:314.110,324.2 2 11
github.com/gschiano/charm-registry/internal/service/revisions.go:25.107,31.83 6 61
github.com/gschiano/charm-registry/internal/service/revisions.go:31.83,33.3 1 0
github.com/gschiano/charm-registry/internal/service/revisions.go:34.2,45.57 2 61
github.com/gschiano/charm-registry/internal/service/revisions.go:45.57,47.3 1 0
github.com/gschiano/charm-registry/internal/service/revisions.go:48.2,48.20 1 61
github.com/gschiano/charm-registry/internal/service/revisions.go:60.19,62.16 2 46
github.com/gschiano/charm-registry/internal/service/revisions.go:62.16,64.3 1 1
github.com/gschiano/charm-registry/internal/service/revisions.go:65.2,65.95 1 45
github.com/gschiano/charm-registry/internal/service/revisions.go:65.95,67.3 1 1
github.com/gschiano/charm-registry/internal/service/revisions.go:68.2,69.16 2 44
github.com/gschiano/charm-registry/internal/service/revisions.go:69.16,71.3 1 1
github.com/gschiano/charm-registry/internal/service/revisions.go:72.2,73.16 2 43
github.com/gschiano/charm-registry/internal/service/revisions.go:73.16,75.3 1 0
github.com/gschiano/charm-registry/internal/service/revisions.go:76.2,77.16 2 43
github.com/gschiano/charm-registry/internal/service/revisions.go:77.16,81.3 3 1
github.com/gschiano/charm-registry/internal/service/revisions.go:82.2,84.16 3 42
github.com/gschiano/charm-registry/internal/service/revisions.go:84.16,86.3 1 2
github.com/gschiano/charm-registry/internal/service/revisions.go:86.8,86.46 1 40
github.com/gschiano/charm-registry/internal/service/revisions.go:86.46,88.3 1 0
github.com/gschiano/charm-registry/internal/service/revisions.go:89.2,119.56 3 42
github.com/gschiano/charm-registry/internal/service/revisions.go:119.56,121.3 1 0
github.com/gschiano/charm-registry/internal/service/revisions.go:122.2,122.83 1 42
github.com/gschiano/charm-registry/internal/service/revisions.go:122.83,124.3 1 0
github.com/gschiano/charm-registry/internal/service/revisions.go:125.2,131.23 7 42
github.com/gschiano/charm-registry/internal/service/revisions.go:131.23,133.3 1 42
github.com/gschiano/charm-registry/internal/service/revisions.go:134.2,135.55 2 42
github.com/gschiano/charm-registry/internal/service/revisions.go:135.55,137.3 1 0
github.com/gschiano/charm-registry/internal/service/revisions.go:138.2,138.57 1 42
github.com/gschiano/charm-registry/internal/service/revisions.go:138.57,149.17 2 84
github.com/gschiano/charm-registry/internal/service/revisions.go:149.17,151.4 1 0
github.com/gschiano/charm-registry/internal/service/revisions.go:153.2,153.93 1 42
github.com/gschiano/charm-registry/internal/service/revisions.go:164.27,166.16 2 3
github.com/gschiano/charm-registry/internal/service/revisions.go:166.16,168.3 1 0
github.com/gschiano/charm-registry/internal/service/revisions.go:169.2,169.71 1 3
github.com/gschiano/charm-registry/internal/service/revisions.go:169.71,171.3 1 1
github.com/gschiano/charm-registry/internal/service/revisions.go:172.2,173.16 2 2
github.com/gschiano/charm-registry/internal/service/revisions.go:173.16,175.3 1 1
github.com/gschiano/charm-registry/internal/service/revisions.go:176.2,183.8 1 1
github.com/gschiano/charm-registry/internal/service/revisions.go:195.28,197.16 2 5
github.com/gschiano/charm-registry/internal/service/revisions.go:197.16,199.3 1 1
github.com/gschiano/charm-registry/internal/service/revisions.go:200.2,200.71 1 4
github.com/gschiano/charm-registry/internal/service/revisions.go:200.71,202.3 1 1
github.com/gschiano/charm-registry/internal/service/revisions.go:203.2,203.52 1 3
github.com/gschiano/charm-registry/internal/service/revisions.go:215.19,217.16 2 4
github.com/gschiano/charm-registry/internal/service/revisions.go:217.16,219.3 1 1
github.com/gschiano/charm-registry/internal/service/revisions.go:220.2,220.72 1 3
github.com/gschiano/charm-registry/internal/service/revisions.go:220.72,222.3 1 1
github.com/gschiano/charm-registry/internal/service/revisions.go:223.2,224.16 2 2
github.com/gschiano/charm-registry/internal/service/revisions.go:224.16,226.3 1 1
github.com/gschiano/charm-registry/internal/service/revisions.go:227.2,227.45 1 1
github.com/gschiano/charm-registry/internal/service/revisions.go:230.97,253.2 1 5
github.com/gschiano/charm-registry/internal/service/service.go:117.84,119.2 1 125
github.com/gschiano/charm-registry/internal/service/service.go:122.49,130.2 1 1
github.com/gschiano/charm-registry/internal/service/tokens.go:22.26,23.26 1 3
github.com/gschiano/charm-registry/internal/service/tokens.go:23.26,25.3 1 1
github.com/gschiano/charm-registry/internal/service/tokens.go:26.2,35.16 2 2
github.com/gschiano/charm-registry/internal/service/tokens.go:35.16,37.3 1 0
github.com/gschiano/charm-registry/internal/service/tokens.go:38.2,42.8 1 2
github.com/gschiano/charm-registry/internal/service/tokens.go:53.36,54.48 1 6
github.com/gschiano/charm-registry/internal/service/tokens.go:54.48,56.3 1 1
github.com/gschiano/charm-registry/internal/service/tokens.go:57.2,58.27 2 5
github.com/gschiano/charm-registry/internal/service/tokens.go:58.27,60.3 1 3
github.com/gschiano/charm-registry/internal/service/tokens.go:61.2,62.36 2 5
github.com/gschiano/charm-registry/internal/service/tokens.go:62.36,64.3 1 1
github.com/gschiano/charm-registry/internal/service/tokens.go:65.2,66.16 2 5
github.com/gschiano/charm-registry/internal/service/tokens.go:66.16,68.3 1 0
github.com/gschiano/charm-registry/internal/service/tokens.go:69.2,81.60 3 5
github.com/gschiano/charm-registry/internal/service/tokens.go:81.60,83.3 1 0
github.com/gschiano/charm-registry/internal/service/tokens.go:84.2,84.24 1 5
github.com/gschiano/charm-registry/internal/service/tokens.go:91.120,93.27 2 2
github.com/gschiano/charm-registry/internal/service/tokens.go:93.27,97.3 3 1
github.com/gschiano/charm-registry/internal/service/tokens.go:98.2,99.17 2 2
github.com/gschiano/charm-registry/internal/service/tokens.go:110.30,111.48 1 3
github.com/gschiano/charm-registry/internal/service/tokens.go:111.48,113.3 1 1
github.com/gschiano/charm-registry/internal/service/tokens.go:114.2,114.74 1 2
github.com/gschiano/charm-registry/internal/service/tokens.go:121.105,122.48 1 2
github.com/gschiano/charm-registry/internal/service/tokens.go:122.48,124.3 1 1
github.com/gschiano/charm-registry/internal/service/tokens.go:125.2,125.90 1 1
github.com/gschiano/charm-registry/internal/service/tokens.go:132.80,133.48 1 3
github.com/gschiano/charm-registry/internal/service/tokens.go:133.48,135.3 1 1
github.com/gschiano/charm-registry/internal/service/tokens.go:136.2,139.27 4 2
github.com/gschiano/charm-registry/internal/service/tokens.go:139.27,143.3 3 1
github.com/gschiano/charm-registry/internal/service/tokens.go:144.2,155.8 1 2
github.com/gschiano/charm-registry/internal/service/tokens.go:162.84,163.48 1 2
github.com/gschiano/charm-registry/internal/service/tokens.go:163.48,165.3 1 1
github.com/gschiano/charm-registry/internal/service/tokens.go:166.2,172.8 1 1
github.com/gschiano/charm-registry/internal/repo/memory.go:29.26,42.2 1 49
github.com/gschiano/charm-registry/internal/repo/memory.go:45.95,48.53 3 20
github.com/gschiano/charm-registry/internal/repo/memory.go:48.53,55.3 6 1
github.com/gschiano/charm-registry/internal/repo/memory.go:56.2,59.21 4 19
github.com/gschiano/charm-registry/internal/repo/memory.go:63.92,67.9 4 1
github.com/gschiano/charm-registry/internal/repo/memory.go:67.9,69.3 1 1
github.com/gschiano/charm-registry/internal/repo/memory.go:70.2,70.21 1 0
github.com/gschiano/charm-registry/internal/repo/memory.go:74.83,79.2 4 7
github.com/gschiano/charm-registry/internal/repo/memory.go:82.120,86.33 4 3
github.com/gschiano/charm-registry/internal/repo/memory.go:86.33,87.35 1 5
github.com/gschiano/charm-registry/internal/repo/memory.go:87.35,88.12 1 0
github.com/gschiano/charm-registry/internal/repo/memory.go:90.3,90.96 1 5
github.com/gschiano/charm-registry/internal/repo/memory.go:90.96,91.12 1 2
github.com/gschiano/charm-registry/internal/repo/memory.go:93.3,93.33 1 3
github.com/gschiano/charm-registry/internal/repo/memory.go:95.2,95.57 1 3
github.com/gschiano/charm-registry/internal/repo/memory.go:95.57,97.3 1 1
github.com/gschiano/charm-registry/internal/repo/memory.go:98.2,98.20 1 3
github.com/gschiano/charm-registry/internal/repo/memory.go:102.100,105.36 3 2
github.com/gschiano/charm-registry/internal/repo/memory.go:105.36,106.67 1 1
github.com/gschiano/charm-registry/internal/repo/memory.go:106.67,112.4 5 1
github.com/gschiano/charm-registry/internal/repo/memory.go:114.2,114.20 1 1
github.com/gschiano/charm-registry/internal/repo/memory.go:118.110,122.9 4 3
github.com/gschiano/charm-registry/internal/repo/memory.go:122.9,124.3 1 1
github.com/gschiano/charm-registry/internal/repo/memory.go:125.2,126.9 2 2
github.com/gschiano/charm-registry/internal/repo/memory.go:126.9,128.3 1 1
github.com/gschiano/charm-registry/internal/repo/memory.go:129.2,129.28 1 1
github.com/gschiano/charm-registry/internal/repo/memory.go:133.75,136.47 3 16
github.com/gschiano/charm-registry/internal/repo/memory.go:136.47,138.3 1 1
github.com/gschiano/charm-registry/internal/repo/memory.go:139.2,141.12 3 15
github.com/gschiano/charm-registry/internal/repo/memory.go:145.75,148.48 3 2
github.com/gschiano/charm-registry/internal/repo/memory.go:148.48,150.3 1 1
github.com/gschiano/charm-registry/internal/repo/memory.go:151.2,153.12 3 1
github.com/gschiano/charm-registry/internal/repo/memory.go:157.75,161.9 4 2
github.com/gschiano/charm-registry/internal/repo/memory.go:161.9,163.3 1 1
github.com/gschiano/charm-registry/internal/repo/memory.go:164.2,166.12 3 1
github.com/gschiano/charm-registry/internal/repo/memory.go:170.89,174.9 4 4
github.com/gschiano/charm-registry/internal/repo/memory.go:174.9,176.3 1 2
github.com/gschiano/charm-registry/internal/repo/memory.go:177.2,177.17 1 2
github.com/gschiano/charm-registry/internal/repo/memory.go:181.92,185.9 4 2
github.com/gschiano/charm-registry/internal/repo/memory.go:185.9,187.3 1 1
github.com/gschiano/charm-registry/internal/repo/memory.go:188.2,188.17 1 1
github.com/gschiano/charm-registry/internal/repo/memory.go:192.110,196.33 4 1
github.com/gschiano/charm-registry/internal/repo/memory.go:196.33,197.38 1 2
github.com/gschiano/charm-registry/internal/repo/memory.go:197.38,199.4 1 1
github.com/gschiano/charm-registry/internal/repo/memory.go:201.2,201.17 1 1
github.com/gschiano/charm-registry/internal/repo/memory.go:205.90,210.33 5 2
github.com/gschiano/charm-registry/internal/repo/memory.go:210.33,211.74 1 4
github.com/gschiano/charm-registry/internal/repo/memory.go:211.74,213.4 1 3
github.com/gschiano/charm-registry/internal/repo/memory.go:215.2,215.17 1 2
github.com/gschiano/charm-registry/internal/repo/memory.go:219.95,223.9 4 4
github.com/gschiano/charm-registry/internal/repo/memory.go:223.9,225.3 1 1
github.com/gschiano/charm-registry/internal/repo/memory.go:226.2,226.61 1 3
github.com/gschiano/charm-registry/internal/repo/memory.go:230.97,234.9 4 3
github.com/gschiano/charm-registry/internal/repo/memory.go:234.9,236.3 1 1
github.com/gschiano/charm-registry/internal/repo/memory.go:237.2,237.45 1 2
github.com/gschiano/charm-registry/internal/repo/memory.go:241.102,245.9 4 3
github.com/gschiano/charm-registry/internal/repo/memory.go:245.9,247.3 1 1
github.com/gschiano/charm-registry/internal/repo/memory.go:248.2,249.31 2 2
github.com/gschiano/charm-registry/internal/repo/memory.go:249.31,251.39 2 4
github.com/gschiano/charm-registry/internal/repo/memory.go:251.39,252.35 1 4
github.com/gschiano/charm-registry/internal/repo/memory.go:252.35,254.10 2 1
github.com/gschiano/charm-registry/internal/repo/memory.go:257.3,257.13 1 4
github.com/gschiano/charm-registry/internal/repo/memory.go:257.13,258.12 1 1
github.com/gschiano/charm-registry/internal/repo/memory.go:260.3,261.12 2 3
github.com/gschiano/charm-registry/internal/repo/memory.go:263.2,265.21 3 2
github.com/gschiano/charm-registry/internal/repo/memory.go:269.88,273.9 4 2
github.com/gschiano/charm-registry/internal/repo/memory.go:273.9,275.3 1 1
github.com/gschiano/charm-registry/internal/repo/memory.go:276.2,276.54 1 1
github.com/gschiano/charm-registry/internal/repo/memory.go:280.76,285.2 4 2
github.com/gschiano/charm-registry/internal/repo/memory.go:288.85,292.9 4 3
github.com/gschiano/charm-registry/internal/repo/memory.go:292.9,294.3 1 1
github.com/gschiano/charm-registry/internal/repo/memory.go:295.2,295.20 1 2
github.com/gschiano/charm-registry/internal/repo/memory.go:299.113,303.9 4 3
github.com/gschiano/charm-registry/internal/repo/memory.go:303.9,305.3 1 1
github.com/gschiano/charm-registry/internal/repo/memory.go:306.2,309.22 4 2
github.com/gschiano/charm-registry/internal/repo/memory.go:309.22,311.3 1 1
github.com/gschiano/charm-registry/internal/repo/memory.go:311.8,313.3 1 1
github.com/gschiano/charm-registry/internal/repo/memory.go:314.2,316.12 3 2
github.com/gschiano/charm-registry/internal/repo/memory.go:320.82,325.2 4 3
github.com/gschiano/charm-registry/internal/repo/memory.go:328.109,332.21 4 3
github.com/gschiano/charm-registry/internal/repo/memory.go:332.21,334.3 1 1
github.com/gschiano/charm-registry/internal/repo/memory.go:335.2,335.27 1 2
github.com/gschiano/charm-registry/internal/repo/memory.go:335.27,336.33 1 2
github.com/gschiano/charm-registry/internal/repo/memory.go:336.33,338.4 1 1
github.com/gschiano/charm-registry/internal/repo/memory.go:340.2,340.25 1 1
github.com/gschiano/charm-registry/internal/repo/memory.go:344.112,347.46 3 2
github.com/gschiano/charm-registry/internal/repo/memory.go:347.46,348.32 1 2
github.com/gschiano/charm-registry/internal/repo/memory.go:348.32,350.4 1 1
github.com/gschiano/charm-registry/internal/repo/memory.go:352.2,352.37 1 1
github.com/gschiano/charm-registry/internal/repo/memory.go:356.96,360.21 4 2
github.com/gschiano/charm-registry/internal/repo/memory.go:360.21,362.3 1 1
github.com/gschiano/charm-registry/internal/repo/memory.go:363.2,363.33 1 1
github.com/gschiano/charm-registry/internal/repo/memory.go:370.36,373.54 3 2
github.com/gschiano/charm-registry/internal/repo/memory.go:373.54,375.3 1 1
github.com/gschiano/charm-registry/internal/repo/memory.go:376.2,377.22 2 2
github.com/gschiano/charm-registry/internal/repo/memory.go:384.36,389.9 5 1
github.com/gschiano/charm-registry/internal/repo/memory.go:389.9,391.3 1 1
github.com/gschiano/charm-registry/internal/repo/memory.go:392.2,392.22 1 0
github.com/gschiano/charm-registry/internal/repo/memory.go:396.114,400.53 4 1
github.com/gschiano/charm-registry/internal/repo/memory.go:400.53,402.3 1 1
github.com/gschiano/charm-registry/internal/repo/memory.go:403.2,403.17 1 1
github.com/gschiano/charm-registry/internal/repo/memory.go:407.98,412.2 4 1
github.com/gschiano/charm-registry/internal/repo/memory.go:415.98,419.33 4 2
github.com/gschiano/charm-registry/internal/repo/memory.go:419.33,420.41 1 1
github.com/gschiano/charm-registry/internal/repo/memory.go:420.41,424.4 3 1
github.com/gschiano/charm-registry/internal/repo/memory.go:426.2,426.20 1 1
github.com/gschiano/charm-registry/internal/repo/memory.go:430.111,434.2 3 1
github.com/gschiano/charm-registry/internal/repo/memory.go:441.34,444.55 3 3
github.com/gschiano/charm-registry/internal/repo/memory.go:444.55,445.32 1 2
github.com/gschiano/charm-registry/internal/repo/memory.go:445.32,447.4 1 2
github.com/gschiano/charm-registry/internal/repo/memory.go:449.2,449.45 1 1
github.com/gschiano/charm-registry/internal/repo/memory.go:453.98,456.41 3 7
github.com/gschiano/charm-registry/internal/repo/memory.go:456.41,458.3 1 4
github.com/gschiano/charm-registry/internal/repo/memory.go:459.2,460.12 2 7
github.com/gschiano/charm-registry/internal/repo/memory.go:464.92,468.48 4 1
github.com/gschiano/charm-registry/internal/repo/memory.go:468.48,470.3 1 2
github.com/gschiano/charm-registry/internal/repo/memory.go:471.2,471.17 1 1
github.com/gschiano/charm-registry/internal/repo/memory.go:475.108,479.9 4 3
github.com/gschiano/charm-registry/internal/repo/memory.go:479.9,481.3 1 1
github.com/gschiano/charm-registry/internal/repo/memory.go:482.2,482.21 1 2
github.com/gschiano/charm-registry/internal/repo/memory.go:486.99,490.50 4 3
github.com/gschiano/charm-registry/internal/repo/memory.go:490.50,492.3 1 1
github.com/gschiano/charm-registry/internal/repo/memory.go:493.2,493.35 1 2
github.com/gschiano/charm-registry/internal/repo/memory.go:493.35,495.3 1 1
github.com/gschiano/charm-registry/internal/repo/memory.go:496.2,496.36 1 1
